c:\users\irwin\documents\cursedv1 (arg version)\[src]mapserver\debug\vc120.pdb
c:\users\irwin\documents\cursedv1 (arg version)\[src]mapserver\debug\vc120.idb
c:\users\irwin\documents\cursedv1 (arg version)\[src]mapserver\debug\mineral.obj
c:\users\irwin\documents\cursedv1 (arg version)\[src]mapserver\debug\misc.obj
c:\users\irwin\documents\cursedv1 (arg version)\[src]mapserver\debug\msg.obj
c:\users\irwin\documents\cursedv1 (arg version)\[src]mapserver\debug\npc.obj
c:\users\irwin\documents\cursedv1 (arg version)\[src]mapserver\debug\occupyflag.obj
c:\users\irwin\documents\cursedv1 (arg version)\[src]mapserver\debug\partymanager.obj
c:\users\irwin\documents\cursedv1 (arg version)\[src]mapserver\debug\potion.obj
c:\users\irwin\documents\cursedv1 (arg version)\[src]mapserver\debug\quest.obj
c:\users\irwin\documents\cursedv1 (arg version)\[src]mapserver\debug\questlist.obj
c:\users\irwin\documents\cursedv1 (arg version)\[src]mapserver\debug\rank.obj
c:\users\irwin\documents\cursedv1 (arg version)\[src]mapserver\debug\skill.obj
c:\users\irwin\documents\cursedv1 (arg version)\[src]mapserver\debug\strategicpoint.obj
c:\users\irwin\documents\cursedv1 (arg version)\[src]mapserver\debug\strtok.obj
c:\users\irwin\documents\cursedv1 (arg version)\[src]mapserver\debug\teleport.obj
c:\users\irwin\documents\cursedv1 (arg version)\[src]mapserver\debug\teleportloc.obj
c:\users\irwin\documents\cursedv1 (arg version)\[src]mapserver\debug\tile.obj
c:\users\irwin\documents\cursedv1 (arg version)\[src]mapserver\debug\wmain.obj
c:\users\irwin\documents\cursedv1 (arg version)\[src]mapserver\debug\xsocket.obj
c:\users\irwin\documents\cursedv1 (arg version)\[src]mapserver\debug\xsocketudp.obj
c:\users\irwin\documents\cursedv1 (arg version)\[src]mapserver\debug\trades.obj
c:\users\irwin\documents\cursedv1 (arg version)\[src]mapserver\debug\capplicationstartup.obj
c:\users\irwin\documents\cursedv1 (arg version)\[src]mapserver\debug\drops.obj
c:\users\irwin\documents\cursedv1 (arg version)\[src]mapserver\debug\main.obj
c:\users\irwin\documents\cursedv1 (arg version)\[src]mapserver\debug\builditem.obj
c:\users\irwin\documents\cursedv1 (arg version)\[src]mapserver\debug\client.obj
c:\users\irwin\documents\cursedv1 (arg version)\[src]mapserver\debug\deathmatch.obj
c:\users\irwin\documents\cursedv1 (arg version)\[src]mapserver\debug\delayevent.obj
c:\users\irwin\documents\cursedv1 (arg version)\[src]mapserver\debug\dynamicobject.obj
c:\users\irwin\documents\cursedv1 (arg version)\[src]mapserver\debug\event.obj
c:\users\irwin\documents\cursedv1 (arg version)\[src]mapserver\debug\fish.obj
c:\users\irwin\documents\cursedv1 (arg version)\[src]mapserver\debug\mapserver.obj
c:\users\irwin\documents\cursedv1 (arg version)\[src]mapserver\debug\guildsman.obj
c:\users\irwin\documents\cursedv1 (arg version)\[src]mapserver\debug\item.obj
c:\users\irwin\documents\cursedv1 (arg version)\[src]mapserver\debug\magic.obj
c:\users\irwin\documents\cursedv1 (arg version)\[src]mapserver\debug\map.obj
c:\users\irwin\documents\cursedv1 (arg version)\mapserver\mapserver.ilk
c:\users\irwin\documents\cursedv1 (arg version)\mapserver\mapserver.exe
c:\users\irwin\documents\cursedv1 (arg version)\[src]mapserver\debug\mapserver.map
c:\users\irwin\documents\cursedv1 (arg version)\[src]mapserver\debug\mapserver.pdb
c:\users\irwin\documents\cursedv1 (arg version)\[src]mapserver\debug\hgserver.res
c:\users\irwin\documents\cursedv1 (arg version)\[src]mapserver\..\mapserver\mapserver.exe
c:\users\irwin\documents\cursedv1 (arg version)\[src]mapserver\debug\mapserver.tlog\cl.command.1.tlog
c:\users\irwin\documents\cursedv1 (arg version)\[src]mapserver\debug\mapserver.tlog\cl.read.1.tlog
c:\users\irwin\documents\cursedv1 (arg version)\[src]mapserver\debug\mapserver.tlog\cl.write.1.tlog
c:\users\irwin\documents\cursedv1 (arg version)\[src]mapserver\debug\mapserver.tlog\link.command.1.tlog
c:\users\irwin\documents\cursedv1 (arg version)\[src]mapserver\debug\mapserver.tlog\link.read.1.tlog
c:\users\irwin\documents\cursedv1 (arg version)\[src]mapserver\debug\mapserver.tlog\link.write.1.tlog
c:\users\irwin\documents\cursedv1 (arg version)\[src]mapserver\debug\mapserver.tlog\rc.command.1.tlog
c:\users\irwin\documents\cursedv1 (arg version)\[src]mapserver\debug\mapserver.tlog\rc.read.1.tlog
c:\users\irwin\documents\cursedv1 (arg version)\[src]mapserver\debug\mapserver.tlog\rc.write.1.tlog
