Build started 06/07/2025 09:25:21 a. m..
     1>Project "C:\Users\irwin\Documents\CursedV1 (Arg Version)\[SRC]MapServer\MapServer.vcxproj" on node 4 (Build target(s)).
     1>C:\Program Files (x86)\MSBuild\Microsoft.Cpp\v4.0\V120\Microsoft.CppBuild.targets(357,5): warning MSB8004: Output Directory does not end with a trailing slash.  This build instance will add the slash as it is required to allow proper evaluation of the Output Directory.
     1>ClCompile:
         C:\Program Files (x86)\Microsoft Visual Studio 12.0\VC\bin\CL.exe /c /ZI /nologo /W1 /WX- /Od /Oy- /D WIN32 /D _DEBUG /D _WINDOWS /D _VC80_UPGRADE=0x0600 /Gm /EHsc /MTd /GS /fp:precise /Zc:wchar_t /Zc:forScope /Fo"Debug/" /Fd"Debug/vc120.pdb" /Gd /TP /analyze- /errorReport:prompt Drops.cpp Source\MapServer.cpp
         MapServer.cpp
         Drops.cpp
     1>c:\users\irwin\documents\cursedv1 (arg version)\[src]mapserver\drops.cpp(36): error C3861: 'iDice': identifier not found
     1>c:\users\irwin\documents\cursedv1 (arg version)\[src]mapserver\drops.cpp(43): error C3861: 'iDice': identifier not found
     1>c:\users\irwin\documents\cursedv1 (arg version)\[src]mapserver\drops.cpp(54): error C2039: 'GetGoldDropRate' : is not a member of 'CItem'
                 c:\users\irwin\documents\cursedv1 (arg version)\[src]mapserver\header\item.h(118) : see declaration of 'CItem'
     1>c:\users\irwin\documents\cursedv1 (arg version)\[src]mapserver\drops.cpp(55): error C2039: 'SetType' : is not a member of 'CItem'
                 c:\users\irwin\documents\cursedv1 (arg version)\[src]mapserver\header\item.h(118) : see declaration of 'CItem'
     1>c:\users\irwin\documents\cursedv1 (arg version)\[src]mapserver\drops.cpp(55): error C2065: 'ITEM_TYPE_GOLD' : undeclared identifier
     1>c:\users\irwin\documents\cursedv1 (arg version)\[src]mapserver\drops.cpp(56): error C2039: 'SetGoldAmount' : is not a member of 'CItem'
                 c:\users\irwin\documents\cursedv1 (arg version)\[src]mapserver\header\item.h(118) : see declaration of 'CItem'
     1>c:\users\irwin\documents\cursedv1 (arg version)\[src]mapserver\drops.cpp(56): error C2039: 'GetGoldMax' : is not a member of 'CItem'
                 c:\users\irwin\documents\cursedv1 (arg version)\[src]mapserver\header\item.h(118) : see declaration of 'CItem'
     1>c:\users\irwin\documents\cursedv1 (arg version)\[src]mapserver\drops.cpp(56): error C3861: 'iDice': identifier not found
     1>c:\users\irwin\documents\cursedv1 (arg version)\[src]mapserver\drops.cpp(57): error C2039: 'GetType' : is not a member of 'CItem'
                 c:\users\irwin\documents\cursedv1 (arg version)\[src]mapserver\header\item.h(118) : see declaration of 'CItem'
     1>c:\users\irwin\documents\cursedv1 (arg version)\[src]mapserver\drops.cpp(57): error C3861: '_bInitItemAttr': identifier not found
     1>c:\users\irwin\documents\cursedv1 (arg version)\[src]mapserver\drops.cpp(58): error C2660: 'GetLocalTime' : function does not take 0 arguments
     1>c:\users\irwin\documents\cursedv1 (arg version)\[src]mapserver\drops.cpp(58): error C2228: left of '.wHour' must have class/struct/union
     1>c:\users\irwin\documents\cursedv1 (arg version)\[src]mapserver\drops.cpp(59): error C2660: 'GetLocalTime' : function does not take 0 arguments
     1>c:\users\irwin\documents\cursedv1 (arg version)\[src]mapserver\drops.cpp(59): error C2228: left of '.wMinute' must have class/struct/union
     1>c:\users\irwin\documents\cursedv1 (arg version)\[src]mapserver\drops.cpp(79): error C2352: 'CMapServer::RollByWeights' : illegal call of non-static member function
                 c:\users\irwin\documents\cursedv1 (arg version)\[src]mapserver\header\game.h(269) : see declaration of 'CMapServer::RollByWeights'
     1>c:\users\irwin\documents\cursedv1 (arg version)\[src]mapserver\drops.cpp(80): error C2039: 'SetAttribute' : is not a member of 'CItem'
                 c:\users\irwin\documents\cursedv1 (arg version)\[src]mapserver\header\item.h(118) : see declaration of 'CItem'
     1>c:\users\irwin\documents\cursedv1 (arg version)\[src]mapserver\drops.cpp(113): error C2244: 'CMapServer::NpcDeadItemGenerator' : unable to match function definition to an existing declaration
                 c:\users\irwin\documents\cursedv1 (arg version)\[src]mapserver\header\game.h(656) : see declaration of 'CMapServer::NpcDeadItemGenerator'
                 definition
                 'void CMapServer::NpcDeadItemGenerator(int,int)'
                 existing declarations
                 'void CMapServer::NpcDeadItemGenerator(int,short,char)'
         Generating Code...
     1>Done Building Project "C:\Users\irwin\Documents\CursedV1 (Arg Version)\[SRC]MapServer\MapServer.vcxproj" (Build target(s)) -- FAILED.

Build FAILED.

Time Elapsed 00:00:02.00
