09:49:47	GM Chat(GameMaster):"/qweop"
09:49:49	GM Chat(GameMaster):"/qwepo"
09:49:51	GM Chat(GameMaster):"/summon Dummy"
09:49:51	GM Order(GameMaster): Summon NPC(Dummy)-Count(1)
09:49:57	GM Chat(GameMaster):"/summon Dummy 100"
09:49:57	GM Order(GameMaster): Summon NPC(Dummy)-Count(50)
09:50:00	GM Chat(GameMaster):"/clearnpc"
09:50:12	GM Chat(GameMaster):"/summon WereWolf 40"
09:50:12	GM Order(GameMaster): Summon NPC(WereWolf)-Count(40)
09:50:14	GM Chat(GameMaster):"/clearnpc"
09:50:32	GM Chat(GameMaster):"/summon WereWolf 50"
11:48:41	GM Chat(GameMaster):"/qwepo"
11:48:44	GM Chat(GameMaster):"/summon WereWolf 50"
11:48:44	GM Order(GameMaster): Summon NPC(WereWolf)-Count(50)
11:48:46	GM Chat(GameMaster):"/clearnpc"
11:48:52	GM Chat(GameMaster):"/summon WereWolf 50"
11:48:52	GM Order(GameMaster): Summon NPC(WereWolf)-Count(50)
11:48:53	GM Chat(GameMaster):"clearnpc"
11:48:55	GM Chat(GameMaster):"/clearnpc"
11:49:16	GM Chat(GameMaster):"/summon WereWolf 50"
11:49:16	GM Order(GameMaster): Summon NPC(WereWolf)-Count(50)
11:49:17	GM Chat(GameMaster):"/cleanrpc"
11:49:19	GM Chat(GameMaster):"/clearnpc"
11:49:38	GM Chat(GameMaster):"/summon WereWolf 50"
11:49:38	GM Order(GameMaster): Summon NPC(WereWolf)-Count(50)
11:49:39	GM Chat(GameMaster):"/clearnpc"
11:49:52	GM Chat(GameMaster):"/tp cityhall_2"
11:49:52	GM Order(GameMaster): teleport MapName(cityhall_2)
11:50:02	GM Chat(GameMaster):"/summon WereWolf 50"
11:50:02	GM Order(GameMaster): Summon NPC(WereWolf)-Count(50)
11:50:06	GM Chat(GameMaster):"/summon WereWolf 50"
11:50:06	GM Order(GameMaster): Summon NPC(WereWolf)-Count(50)
11:50:08	GM Chat(GameMaster):"/clearnpc"
11:51:13	GM Chat(GameMaster):"/summon WereWolf"
11:51:15	GM Chat(GameMaster):"/serveroff"
11:51:19	GM Chat(GameMaster):"/close"
11:51:21	GM Chat(GameMaster):"/closeserver"
11:52:13	GM Chat(GameMaster):"/shutdownserver"
11:53:06	GM Chat(GameMaster):"/qwepo"
11:53:10	GM Chat(GameMaster):"/summon WereWolf 200"
11:53:10	GM Order(GameMaster): Summon NPC(WereWolf)-Count(150)
11:53:17	GM Chat(GameMaster):"/clearnpc"
12:43:34	GM Chat(GameMaster):"/qwepo"
12:43:37	GM Chat(GameMaster):"/summon WereWolf 150"
12:43:37	GM Order(GameMaster): Summon NPC(WereWolf)-Count(150)
12:43:38	GM Chat(GameMaster):"/clearnpc"
12:44:17	GM Chat(GameMaster):"/summon WereWolf 150"
12:57:18	GM Chat(GameMaster):"/qwepo"
12:57:22	GM Chat(GameMaster):"/summon WereWolf 150"
12:57:22	GM Order(GameMaster): Summon NPC(WereWolf)-Count(150)
12:57:24	GM Chat(GameMaster):"/clearnpc"
12:58:01	GM Chat(GameMaster):"/summon WereWolf 150"
12:59:29	GM Chat(GameMaster):"/qwepo"
12:59:33	GM Chat(GameMaster):"/summon WereWolf 150"
12:59:33	GM Order(GameMaster): Summon NPC(WereWolf)-Count(150)
12:59:34	GM Chat(GameMaster):"/clearnpc"
13:00:11	GM Chat(GameMaster):"/summon WereWolf 150"
13:02:28	GM Chat(GameMaster):"/qwepo"
13:02:31	GM Chat(GameMaster):"/summon WereWolf 150"
13:02:31	GM Order(GameMaster): Summon NPC(WereWolf)-Count(150)
13:02:32	GM Chat(GameMaster):"/clearnpc"
13:02:59	GM Chat(GameMaster):"/summon WereWolf 150"
13:04:38	GM Chat(GameMaster):"/qwepo"
13:04:41	GM Chat(GameMaster):"/summon WereWolf 150"
13:04:41	GM Order(GameMaster): Summon NPC(WereWolf)-Count(150)
13:04:42	GM Chat(GameMaster):"/clearnpc"
13:05:20	GM Chat(GameMaster):"/summon WereWolf 150"
13:05:20	GM Order(GameMaster): Summon NPC(WereWolf)-Count(150)
13:05:23	GM Chat(GameMaster):"/summon WereWolf 150"
13:05:23	GM Order(GameMaster): Summon NPC(WereWolf)-Count(150)
13:05:25	GM Chat(GameMaster):"/clearnpc"
13:06:34	GM Chat(GameMaster):"/summon WereWolf 150"
13:06:34	GM Order(GameMaster): Summon NPC(WereWolf)-Count(150)
13:06:36	GM Chat(GameMaster):"/clearnpc"
13:08:04	GM Chat(GameMaster):"/summon WereWolf 150"
13:08:04	GM Order(GameMaster): Summon NPC(WereWolf)-Count(150)
13:08:05	GM Chat(GameMaster):"/clearnpc"
13:08:59	GM Chat(GameMaster):"/summon WereWolf 150"
13:08:59	GM Order(GameMaster): Summon NPC(WereWolf)-Count(150)
13:09:03	GM Chat(GameMaster):"/summon WereWolf 150"
13:09:03	GM Order(GameMaster): Summon NPC(WereWolf)-Count(150)
13:09:05	GM Chat(GameMaster):"/clearnpc"
13:10:22	GM Chat(GameMaster):"/summon WereWolf 150"
13:13:36	GM Chat(GameMaster):"/summon "
13:13:37	GM Chat(GameMaster):"/qwepo"
13:13:41	GM Chat(GameMaster):"/summon WereWolf 15"
13:13:41	GM Order(GameMaster): Summon NPC(WereWolf)-Count(15)
13:14:12	GM Chat(GameMaster):"/summon WereWolf 150"
13:24:09	GM Chat(GameMaster):"/summon "
13:24:13	GM Chat(GameMaster):"/quwepo"
13:24:14	GM Chat(GameMaster):"/qwepo"
13:24:21	GM Chat(GameMaster):"/summon WereWolf 10"
13:28:18	GM Chat(GameMaster):"/qwepo"
13:28:21	GM Chat(GameMaster):"/summon WereWolf 30"
13:28:21	GM Order(GameMaster): Summon NPC(WereWolf)-Count(30)
13:28:41	GM Chat(GameMaster):"/clearnpc"
13:37:53	GM Chat(GameMaster):"/qwepo"
13:37:56	GM Chat(GameMaster):"/summon WereWolf 100"
13:37:56	GM Order(GameMaster): Summon NPC(WereWolf)-Count(100)
13:38:38	GM Chat(GameMaster):"/clearnpc"
13:40:07	GM Chat(GameMaster):"/qwepo"
13:40:10	GM Chat(GameMaster):"/summon WereWolf 150"
13:40:10	GM Order(GameMaster): Summon NPC(WereWolf)-Count(150)
13:40:11	GM Chat(GameMaster):"/clearnpc"
13:40:17	GM Chat(GameMaster):"/summon WereWolf 150"
13:40:17	GM Order(GameMaster): Summon NPC(WereWolf)-Count(150)
13:40:18	GM Chat(GameMaster):"/clearnpc"
13:40:21	GM Chat(GameMaster):"/summon WereWolf 150"
13:40:21	GM Order(GameMaster): Summon NPC(WereWolf)-Count(150)
13:40:22	GM Chat(GameMaster):"/clearnpc"
13:40:28	GM Chat(GameMaster):"/summon WereWolf 150"
13:40:29	GM Order(GameMaster): Summon NPC(WereWolf)-Count(150)
13:40:30	GM Chat(GameMaster):"/clearnpc"
13:40:32	GM Chat(GameMaster):"/summon WereWolf 150"
13:40:32	GM Order(GameMaster): Summon NPC(WereWolf)-Count(150)
13:40:33	GM Chat(GameMaster):"/clear"
13:40:37	GM Chat(GameMaster):"/summon WereWolf 150"
13:40:37	GM Order(GameMaster): Summon NPC(WereWolf)-Count(150)
13:40:39	GM Chat(GameMaster):"/clearnpc"
13:42:28	GM Chat(GameMaster):"/clearnpc"
13:42:38	GM Chat(GameMaster):"/summon WereWolf 150"
13:42:38	GM Order(GameMaster): Summon NPC(WereWolf)-Count(150)
13:42:43	GM Chat(GameMaster):"/summon WereWolf 150"
13:42:43	GM Order(GameMaster): Summon NPC(WereWolf)-Count(150)
13:42:47	GM Chat(GameMaster):"/summon WereWolf 150"
13:42:47	GM Order(GameMaster): Summon NPC(WereWolf)-Count(150)
13:42:52	GM Chat(GameMaster):"/summon WereWolf 150"
13:42:52	GM Order(GameMaster): Summon NPC(WereWolf)-Count(150)
13:42:53	GM Chat(GameMaster):"/clearnpc"
