09:28:28	GM Chat(GameMaster):"/qweop"
09:28:30	GM Chat(GameMaster):"/qwepo"
09:28:35	GM Chat(GameMaster):"/summon WereWolf 50"
09:28:35	GM Order(GameMaster): Summon NPC(WereWolf)-Count(50)
09:28:36	GM Chat(GameMaster):"/clearnpc"
09:29:57	GM Chat(GameMaster):"/summon WereWolf 150"
09:35:00	GM Chat(GameMaster):"/QWEOP"
09:35:02	GM Chat(GameMaster):"/qwepo"
09:35:06	GM Chat(GameMaster):"/summon WereWolf 150"
09:35:06	GM Order(GameMaster): Summon NPC(WereWolf)-Count(150)
09:35:08	GM Chat(GameMaster):"/clearnpc"
09:35:55	GM Chat(GameMaster):"/summon WereWolf 150"
09:49:01	GM Chat(GameMaster):"/qwepo"
09:49:04	GM Chat(GameMaster):"/summon WereWolf"
09:49:04	GM Order(GameMaster): Summon NPC(WereWolf)-Count(1)
09:49:05	GM Chat(GameMaster):"/clearnpc"
09:49:16	GM Chat(GameMaster):"/clearnpc"
09:53:28	GM Chat(GameMaster):"/clearnpc"
09:53:30	GM Chat(GameMaster):"/qwepo"
09:53:31	GM Chat(GameMaster):"/clearnpc"
09:55:01	GM Chat(GameMaster):"/summon WereWolf 150"
10:38:35	GM Chat(GameMaster):"/qwepo"
10:38:40	GM Chat(GameMaster):"/summon WereWolf 150"
10:38:40	GM Order(GameMaster): Summon NPC(WereWolf)-Count(150)
10:38:42	GM Chat(GameMaster):"/clearnpc"
10:39:03	GM Chat(GameMaster):"/summon WereWolf 150"
10:47:05	GM Chat(GameMaster):"/qwepo"
10:47:07	GM Chat(GameMaster):"/clear"
10:47:10	GM Chat(GameMaster):"/clearnpc"
10:47:19	GM Chat(GameMaster):"/summon WereWolf 150"
10:47:19	GM Order(GameMaster): Summon NPC(WereWolf)-Count(150)
10:47:20	GM Chat(GameMaster):"/clearnpc"
10:47:43	GM Chat(GameMaster):"/getcrits"
10:51:24	GM Chat(GameMaster):"/qwepo"
10:51:33	GM Chat(GameMaster):"/summon WereWolf 150"
10:51:33	GM Order(GameMaster): Summon NPC(WereWolf)-Count(150)
10:51:34	GM Chat(GameMaster):"/clearnpc"
10:51:57	GM Chat(GameMaster):"/summon WereWolf 150"
10:53:10	GM Chat(GameMaster):"/qwepo"
10:53:13	GM Chat(GameMaster):"/summon WereWolf 150"
10:53:13	GM Order(GameMaster): Summon NPC(WereWolf)-Count(150)
10:53:14	GM Chat(GameMaster):"/clearnpc"
10:53:46	GM Chat(GameMaster):"/qwepo"
10:53:50	GM Chat(GameMaster):"/clearnpc"
10:53:51	GM Chat(GameMaster):"/clearnpc"
10:53:56	GM Chat(GameMaster):"/clearnpc"
10:55:11	GM Chat(GameMaster):"/qwepo"
10:55:15	GM Chat(GameMaster):"/clearnpc"
10:55:20	GM Chat(GameMaster):"/summon WereWolf 150"
10:55:20	GM Order(GameMaster): Summon NPC(WereWolf)-Count(150)
10:55:21	GM Chat(GameMaster):"/clearnpc"
10:57:37	GM Chat(GameMaster):"/qwepo"
10:57:38	GM Chat(GameMaster):"/clearnpc"
10:57:44	GM Chat(GameMaster):"/summon WereWolf 150"
10:57:44	GM Order(GameMaster): Summon NPC(WereWolf)-Count(150)
10:57:45	GM Chat(GameMaster):"/clearnpc"
10:58:15	GM Chat(GameMaster):"/summon WereWolf 150"
10:58:15	GM Order(GameMaster): Summon NPC(WereWolf)-Count(150)
10:58:16	GM Chat(GameMaster):"/clearnpc"
10:58:39	GM Chat(GameMaster):"/summon WereWolf 150"
10:58:39	GM Order(GameMaster): Summon NPC(WereWolf)-Count(150)
10:58:42	GM Chat(GameMaster):"/summon WereWolf 150"
10:58:42	GM Order(GameMaster): Summon NPC(WereWolf)-Count(150)
10:58:45	GM Chat(GameMaster):"/summon WereWolf 150"
10:58:45	GM Order(GameMaster): Summon NPC(WereWolf)-Count(150)
10:58:49	GM Chat(GameMaster):"/summon WereWolf 150"
10:58:49	GM Order(GameMaster): Summon NPC(WereWolf)-Count(150)
10:58:50	GM Chat(GameMaster):"/clearnpc"
11:02:13	GM Chat(GameMaster):"/qwepo"
11:04:44	GM Chat(GameMaster):"/qwepo"
11:06:24	GM Chat(GameMaster):"/qwepo"
11:06:27	GM Chat(GameMaster):"/summon WereWolf 150"
11:10:26	GM Chat(GameMaster):"/clearnpc"
11:10:31	GM Chat(GameMaster):"/qwepo"
11:10:32	GM Chat(GameMaster):"/clearnpc"
11:13:08	GM Chat(GameMaster):"/clearnpc"
11:17:24	GM Chat(GameMaster):"/clearnpc"
11:17:27	GM Chat(GameMaster):"/summon WereWolf"
11:17:30	GM Chat(GameMaster):"/qwepo"
11:17:33	GM Chat(GameMaster):"/summon WereWolf 150"
11:17:33	GM Order(GameMaster): Summon NPC(WereWolf)-Count(150)
11:17:37	GM Chat(GameMaster):"/clearnpc"
11:18:16	GM Chat(GameMaster):"/tp middleland"
11:18:16	GM Order(GameMaster): teleport MapName(middleland)
11:18:21	GM Chat(GameMaster):"/tp middleland 372 221"
11:18:21	GM Order(GameMaster): teleport MapName(middleland)(372 221)
11:18:24	GM Chat(GameMaster):"/tp middleland 413 212"
11:18:24	GM Order(GameMaster): teleport MapName(middleland)(413 212)
11:19:10	GM Chat(GameMaster):"/tp EventGarden"
11:19:13	GM Chat(GameMaster):"/tp Garden"
11:19:38	GM Chat(GameMaster):"/tp avaevent"
11:19:44	GM Chat(GameMaster):"/tp avaevent"
11:19:47	GM Chat(GameMaster):"/tp market"
11:19:49	GM Chat(GameMaster):"/qwepo"
11:19:52	GM Chat(GameMaster):"/tp avaevent"
11:19:52	GM Order(GameMaster): teleport MapName(avaevent)
11:20:06	GM Chat(GameMaster):"/tp Counter"
11:20:06	GM Order(GameMaster): teleport MapName(Counter)
11:20:14	GM Chat(GameMaster):"/tp NewEvent"
11:20:14	GM Order(GameMaster): teleport MapName(NewEvent)
11:20:33	GM Chat(GameMaster):"/tp EventMap"
11:20:33	GM Order(GameMaster): teleport MapName(EventMap)
11:20:38	GM Chat(GameMaster):"/tp market"
11:20:38	GM Order(GameMaster): teleport MapName(market)
11:21:15	GM Chat(GameMaster):"/tp wzdwr_1"
11:21:21	GM Chat(GameMaster):"/tp wzdtwr_1"
11:21:21	GM Order(GameMaster): teleport MapName(wzdtwr_1)
11:21:27	GM Chat(GameMaster):"/tp areuni"
11:21:27	GM Order(GameMaster): teleport MapName(areuni)
11:21:33	GM Chat(GameMaster):"/tp areuni 137 176"
11:21:33	GM Order(GameMaster): teleport MapName(areuni)(137 176)
11:21:45	GM Chat(GameMaster):"/clearnpc"
11:23:05	GM Chat(GameMaster):"/qwepo"
11:23:06	GM Chat(GameMaster):"/clearnpc"
11:23:20	GM Chat(GameMaster):"/clearnpc"
11:23:34	GM Chat(GameMaster):"/clearnpc"
11:23:43	GM Chat(GameMaster):"/clearnpc"
11:23:47	GM Chat(GameMaster):"/clearnpc"
11:31:28	GM Chat(GameMaster):"/clearnpc"
11:31:30	GM Chat(GameMaster):"/qwepo"
11:32:24	GM Chat(GameMaster):"/qwepo
"
11:32:27	GM Chat(GameMaster):"/clearnpc"
11:32:29	GM Chat(GameMaster):"/qwepo"
11:32:30	GM Chat(GameMaster):"/clearnpc"
11:35:52	GM Chat(GameMaster):"/clearnpc"
11:36:00	GM Chat(GameMaster):"/clearnpc"
11:36:04	GM Chat(GameMaster):"/clearnpc"
11:36:19	GM Chat(GameMaster):"/clearnpc"
11:36:29	GM Chat(GameMaster):"/tp cityhall_2"
11:36:29	GM Order(GameMaster): teleport MapName(cityhall_2)
11:36:33	GM Chat(GameMaster):"/tradeek"
11:36:39	GM Chat(GameMaster):"/tradecoin"
11:43:42	GM Chat(GameMaster):"/summon Abaddon"
12:01:05	GM Chat(GameMaster):"/qwepo"
12:01:08	GM Chat(GameMaster):"/summon WereWolf 150"
12:01:08	GM Order(GameMaster): Summon NPC(WereWolf)-Count(150)
12:01:11	GM Chat(GameMaster):"/summon WereWolf150"
12:01:11	GM Order(GameMaster): Summon NPC(WereWolf150)-Count(1)
12:01:14	GM Chat(GameMaster):"/summon WereWolf 150"
12:01:14	GM Order(GameMaster): Summon NPC(WereWolf)-Count(150)
12:01:18	GM Chat(GameMaster):"/summon WereWolf 150"
12:01:18	GM Order(GameMaster): Summon NPC(WereWolf)-Count(150)
12:01:21	GM Chat(GameMaster):"/clearnpc"
12:01:58	GM Chat(GameMaster):"/qwepo"
12:02:01	GM Chat(GameMaster):"/summon WereWolf 150"
12:02:01	GM Order(GameMaster): Summon NPC(WereWolf)-Count(150)
12:02:04	GM Chat(GameMaster):"/summon WereWolf 150"
12:02:04	GM Order(GameMaster): Summon NPC(WereWolf)-Count(150)
12:02:07	GM Chat(GameMaster):"/summon WereWolf 150"
12:02:07	GM Order(GameMaster): Summon NPC(WereWolf)-Count(150)
12:02:09	GM Chat(GameMaster):"/clearnpc"
12:02:40	GM Chat(GameMaster):"/summon WereWolf 150"
12:03:59	GM Chat(GameMaster):"/qwepo"
12:06:02	GM Chat(GameMaster):"/qwepo"
12:06:06	GM Chat(GameMaster):"/summon WereWolf"
12:06:06	GM Order(GameMaster): Summon NPC(WereWolf)-Count(1)
12:06:10	GM Chat(GameMaster):"/summon WereWolf 150"
12:06:10	GM Order(GameMaster): Summon NPC(WereWolf)-Count(150)
12:06:11	GM Chat(GameMaster):"/clearnpc"
12:06:45	GM Chat(GameMaster):"/summon WereWolf 150"
12:06:46	GM Chat(GameMaster):"/qwepo"
12:06:49	GM Chat(GameMaster):"/summon WereWolf 150"
12:07:57	GM Chat(GameMaster):"/qwepo"
12:09:03	GM Chat(GameMaster):"/qwepo"
12:09:06	GM Chat(GameMaster):"/summon WereWolf 150"
12:09:06	GM Order(GameMaster): Summon NPC(WereWolf)-Count(150)
12:09:07	GM Chat(GameMaster):"/clearnpc"
12:09:34	GM Chat(GameMaster):"/qwepo"
12:14:09	GM Chat(GameMaster):"/qwepo"
12:14:12	GM Chat(GameMaster):"/summon WereWolf 20"
12:14:12	GM Order(GameMaster): Summon NPC(WereWolf)-Count(20)
12:14:38	GM Chat(GameMaster):"/summon HellAbaddon"
12:14:38	GM Order(GameMaster): Summon NPC(HellAbaddon)-Count(1)
12:15:00	GM Chat(GameMaster):"/ci Bow"
12:16:48	GM Chat(GameMaster):"/qwepo"
12:16:52	GM Chat(GameMaster):"/summon WereWolf 20"
12:30:44	GM Chat(GameMaster):"/qwepo"
12:43:11	GM Chat(GameMaster):"/qwepo"
12:43:16	GM Chat(GameMaster):"/summon WereWolf 10"
12:43:16	GM Order(GameMaster): Summon NPC(WereWolf)-Count(10)
12:43:32	GM Chat(GameMaster):"/summon WereWolf 10"
12:46:02	GM Chat(GameMaster):"/summon "
12:46:03	GM Chat(GameMaster):"/qwepo"
12:52:55	GM Chat(GameMaster):"/qwepo"
12:52:58	GM Chat(GameMaster):"/summon WereWolf 10"
12:52:58	GM Order(GameMaster): Summon NPC(WereWolf)-Count(10)
12:54:08	GM Chat(GameMaster):"/summon WereWolf 1"
12:54:56	GM Chat(GameMaster):"/qwepo"
12:54:59	GM Chat(GameMaster):"/summon WereWolf 1"
12:54:59	GM Order(GameMaster): Summon NPC(WereWolf)-Count(1)
12:55:18	GM Chat(GameMaster):"/summon WereWolf 5"
12:55:18	GM Order(GameMaster): Summon NPC(WereWolf)-Count(5)
12:55:40	GM Chat(GameMaster):"/clearnpc"
12:55:43	GM Chat(GameMaster):"/summon WereWolf 4"
12:55:44	GM Chat(GameMaster):"/qwepo"
12:55:45	GM Chat(GameMaster):"/clearnpc"
12:56:17	GM Chat(GameMaster):"/tp cityhall_2"
12:56:17	GM Order(GameMaster): teleport MapName(cityhall_2)
12:56:20	GM Chat(GameMaster):"/tradecoin"
12:57:05	GM Chat(GameMaster):"/summon WereWolf 5"
13:20:53	GM Chat(GameMaster):"/qwepo"
13:20:57	GM Chat(GameMaster):"/summon WereWolf 5"
13:20:57	GM Order(GameMaster): Summon NPC(WereWolf)-Count(5)
13:21:33	GM Chat(GameMaster):"/summon WereWolf 100"
13:21:33	GM Order(GameMaster): Summon NPC(WereWolf)-Count(100)
13:21:36	GM Chat(GameMaster):"/clearnpc"
13:21:58	GM Chat(GameMaster):"             V{                                                "
13:25:44	GM Chat(asd1):"/dc"
13:27:57	GM Chat(GameMaster):"/qwepo"
13:29:30	GM Chat(GameMaster):"/qwepo"
13:43:03	GM Chat(GameMaster):"/qwepo"
14:04:17	GM Chat(GameMaster):"/qwepo"
14:08:12	GM Chat(GameMaster):"/qwepo"
14:08:14	GM Chat(GameMaster):"/summon WereWolf"
14:08:14	GM Order(GameMaster): Summon NPC(WereWolf)-Count(1)
14:08:36	GM Chat(GameMaster):"/summon WereWolf 5"
14:13:20	GM Chat(GameMaster):"/qwepo"
14:13:23	GM Chat(GameMaster):"/summon WereWolf"
14:13:23	GM Order(GameMaster): Summon NPC(WereWolf)-Count(1)
14:13:45	GM Chat(GameMaster):"/summon WereWolf 5"
14:17:59	GM Chat(GameMaster):"/qwepo"
14:18:01	GM Chat(GameMaster):"/summon WereWOlf"
14:18:01	GM Order(GameMaster): Summon NPC(WereWOlf)-Count(1)
14:18:05	GM Chat(GameMaster):"/summon WereWolf"
14:18:05	GM Order(GameMaster): Summon NPC(WereWolf)-Count(1)
14:18:24	GM Chat(GameMaster):"/summon WereWolf 5"
14:19:52	GM Chat(GameMaster):"/qwepo"
14:27:59	GM Chat(GameMaster):"/qwepo"
14:37:19	GM Chat(GameMaster):"/qwepo"
14:37:21	GM Chat(GameMaster):"/summon WereWolf"
14:37:21	GM Order(GameMaster): Summon NPC(WereWolf)-Count(1)
14:37:44	GM Chat(GameMaster):"/summon Ettin 4"
14:37:44	GM Order(GameMaster): Summon NPC(Ettin)-Count(4)
14:38:02	GM Chat(GameMaster):"/summon Troll 50"
14:44:50	GM Chat(GameMaster):"/summon WereWolf"
14:46:55	GM Chat(GameMaster):"/summon Were"
14:52:47	GM Chat(GameMaster):"/qwepo"
14:52:49	GM Chat(GameMaster):"/summon WereWolf"
15:02:29	GM Chat(GameMaster):"/wwepo"
15:02:35	GM Chat(GameMaster):"/qwepo"
15:02:38	GM Chat(GameMaster):"/summon WereWolf"
15:02:38	GM Order(GameMaster): Summon NPC(WereWolf)-Count(1)
15:03:02	GM Chat(GameMaster):"/summon HellAbaddon"
15:07:06	GM Chat(GameMaster):"/qwepo"
15:07:08	GM Chat(GameMaster):"/summon WereWolf"
15:07:08	GM Order(GameMaster): Summon NPC(WereWolf)-Count(1)
15:07:16	GM Chat(GameMaster):"/summon WereWolf 4"
15:10:14	GM Chat(GameMaster):"/qwwepo"
15:10:15	GM Chat(GameMaster):"/qwepo"
15:10:18	GM Chat(GameMaster):"/summon WereWolf"
15:10:18	GM Order(GameMaster): Summon NPC(WereWolf)-Count(1)
15:10:24	GM Chat(GameMaster):"/hambre"
15:10:25	GM Chat(GameMaster):"/tengohambre"
15:14:22	GM Chat(GameMaster):"/qwepo"
15:17:36	GM Chat(GameMaster):"/qwepo"
15:17:39	GM Chat(GameMaster):"/tp Whouse"
15:17:39	GM Order(GameMaster): teleport MapName(Whouse)
15:17:44	GM Chat(GameMaster):"/summon WereWolf 20"
15:17:44	GM Order(GameMaster): Summon NPC(WereWolf)-Count(20)
15:18:19	GM Chat(GameMaster):"/summon WereWolf 150"
15:19:54	GM Chat(GameMaster):"/qwepo"
15:19:58	GM Chat(GameMaster):"/summon WereWolf 50"
15:19:58	GM Order(GameMaster): Summon NPC(WereWolf)-Count(50)
15:20:28	GM Chat(GameMaster):"/clearnpc"
15:21:44	GM Chat(GameMaster):"/summon WereWolf 150"
15:21:44	GM Order(GameMaster): Summon NPC(WereWolf)-Count(150)
15:21:46	GM Chat(GameMaster):"/clearnpc"
15:22:10	GM Chat(GameMaster):"/summon WereWolf 150"
15:27:21	GM Chat(GameMaster):"/qwepo"
15:32:18	GM Chat(GameMaster):"/summon HellAbaddon"
15:32:20	GM Chat(GameMaster):"/qwepo"
15:32:25	GM Chat(GameMaster):"/summon HellAbaddon"
15:32:25	GM Order(GameMaster): Summon NPC(HellAbaddon)-Count(1)
15:32:36	GM Chat(GameMaster):"/tradecoin"
15:32:50	GM Chat(GameMaster):"/summon WereWolf 150"
15:32:50	GM Order(GameMaster): Summon NPC(WereWolf)-Count(150)
15:32:52	GM Chat(GameMaster):"/clearnpc"
15:33:09	GM Chat(GameMaster):"/qwepo"
15:33:12	GM Chat(GameMaster):"/summon WereWolf 150"
15:33:12	GM Order(GameMaster): Summon NPC(WereWolf)-Count(150)
15:33:13	GM Chat(GameMaster):"/clearnpc"
15:41:48	GM Chat(GameMaster):"/qwepo"
15:44:44	GM Chat(GameMaster):"/clear"
15:47:39	GM Chat(GameMaster):"/qwepo"
15:47:48	GM Chat(GameMaster):"/summon WereWolf"
15:47:48	GM Order(GameMaster): Summon NPC(WereWolf)-Count(1)
15:48:04	GM Chat(GameMaster):"/summon WereWolf 10"
15:49:25	GM Chat(GameMaster):"/qwepo"
15:49:27	GM Chat(GameMaster):"/summon WereWolf 10"
15:49:27	GM Order(GameMaster): Summon NPC(WereWolf)-Count(10)
15:49:29	GM Chat(GameMaster):"/clearnpc"
15:50:55	GM Chat(GameMaster):"/summon Rabbit 10"
15:51:44	GM Chat(GameMaster):"/qwepo"
15:51:47	GM Chat(GameMaster):"/summon Rabbit 20"
15:51:47	GM Order(GameMaster): Summon NPC(Rabbit)-Count(20)
15:51:48	GM Chat(GameMaster):"/clearnpc"
15:51:58	GM Chat(GameMaster):"/summon Rabbit 50"
15:51:58	GM Order(GameMaster): Summon NPC(Rabbit)-Count(50)
15:51:59	GM Chat(GameMaster):"/clearnpc"
15:52:12	GM Chat(GameMaster):"/qwepo"
15:52:15	GM Chat(GameMaster):"/summon Rabbit 150"
15:52:15	GM Order(GameMaster): Summon NPC(Rabbit)-Count(150)
15:52:16	GM Chat(GameMaster):"/clearnpc"
15:52:33	GM Chat(GameMaster):"/summon Aba"
15:52:33	GM Chat(GameMaster):"/dc"
15:52:37	GM Chat(GameMaster):"/dc"
15:52:39	GM Chat(GameMaster):"/dc"
15:52:41	GM Chat(GameMaster):"/qwepo"
15:52:42	GM Chat(GameMaster):"/dc"
15:52:46	GM Chat(GameMaster):"/summon Demon"
15:54:01	GM Chat(GameMaster):"/qwepo"
15:54:04	GM Chat(GameMaster):"/summon WereWolf 10"
15:54:04	GM Order(GameMaster): Summon NPC(WereWolf)-Count(10)
15:54:06	GM Chat(GameMaster):"/clearnpc"
15:54:23	GM Chat(GameMaster):"/summon WereWolf 20"
15:59:26	GM Chat(GameMaster):"/qwepo"
17:33:14	GM Chat(GameMaster):"/qwepo"
17:33:17	GM Chat(GameMaster):"/summon WereWolv 5"
17:33:17	GM Order(GameMaster): Summon NPC(WereWolv)-Count(5)
17:33:22	GM Chat(GameMaster):"/summon WereWolf 5"
17:33:22	GM Order(GameMaster): Summon NPC(WereWolf)-Count(5)
17:33:46	GM Chat(GameMaster):"/summon WereWolf 100"
17:41:45	GM Chat(GameMaster):"/qwepo"
17:45:24	GM Chat(GameMaster):"/qwepo"
17:49:02	GM Chat(GameMaster):"/qwepo"
17:49:04	GM Chat(GameMaster):"/summon WereWolf 10"
17:49:04	GM Order(GameMaster): Summon NPC(WereWolf)-Count(10)
17:49:05	GM Chat(GameMaster):"/clearnpc"
17:49:23	GM Chat(GameMaster):"/summon WereWolf 5"
17:49:23	GM Order(GameMaster): Summon NPC(WereWolf)-Count(5)
17:51:52	GM Chat(GameMaster):"/summon WereWolf "
19:36:53	GM Chat(GameMaster):"/qwepo"
19:36:58	GM Chat(GameMaster):"/summon WereWolf"
19:36:58	GM Order(GameMaster): Summon NPC(WereWolf)-Count(1)
19:37:04	GM Chat(GameMaster):"/summon WereWolf"
19:44:31	GM Chat(GameMaster):"/qwepo"
19:44:33	GM Chat(GameMaster):"/summon WereWolf"
19:44:33	GM Order(GameMaster): Summon NPC(WereWolf)-Count(1)
20:09:55	GM Chat(GameMaster):"/dc"
20:38:13	GM Chat(GameMaster):"/dc"
