14:38:56	GM Chat(asd1):"/tradeek"
14:38:58	GM Chat(asd1):"/tradecoin"
14:39:30	GM Chat(asd1):"/getquests"
15:01:45	GM Chat(GameMaster):"/setinvi 0"
15:02:16	GM Chat(GameMaster):"/qwepo"
15:02:20	GM Chat(GameMaster):"/ci DemonSlayer"
15:02:20	GM Order(GameMaster): Create ItemName(DemonSlayer)
15:03:30	GM Chat(GameMaster):"/summon Abaddon"
15:03:30	GM Order(GameMaster): Summon NPC(Abaddon)-Count(1)
15:03:50	GM Chat(GameMaster):"/clearnpc"
15:03:58	GM Chat(GameMaster):"/summon Abaddon 10"
15:03:58	GM Order(GameMaster): Summon NPC(Abaddon)-Count(10)
15:03:59	GM Chat(GameMaster):"/clearnpc"
15:07:39	GM Chat(GameMaster):"/qwepo"
15:07:42	GM Chat(GameMaster):"/summon Abaddon "
15:07:42	GM Order(GameMaster): Summon NPC(Abaddon)-Count(1)
15:07:44	GM Chat(GameMaster):"/clearnpc"
15:09:19	GM Chat(GameMaster):"/qwepo"
15:09:22	GM Chat(GameMaster):"/addcoin GM 10000"
15:09:29	GM Chat(GameMaster):"/coins GM 1000"
15:10:53	GM Chat(GameMaster):"/addcoins GM 100"
15:11:01	GM Chat(GameMaster):"/addcoins asd 1000"
15:11:07	GM Chat(GameMaster):"/qwepo"
15:11:10	GM Chat(GameMaster):"/addcoins GM 10000"
15:11:15	GM Chat(GameMaster):"/addcoins asd 10000"
15:11:18	GM Chat(GameMaster):"/addcoins GM 10000"
15:11:23	GM Chat(GameMaster):"/logout"
15:11:26	GM Chat(GameMaster):"/exit"
15:11:27	GM Chat(GameMaster):"/quit"
15:11:30	GM Chat(GameMaster):"/faas"
15:12:54	GM Chat(GameMaster):"/qwepo"
15:12:56	GM Chat(GameMaster):"/addcoins GM 10000"
15:13:12	GM Chat(GameMaster):"/ci Coin(+1000)"
15:13:29	GM Chat(GameMaster):"/asignek GM 1000"
15:13:36	GM Chat(GameMaster):"/addmaj GM 100000"
15:13:39	GM Chat(GameMaster):"/addmaj GM 100"
15:13:51	GM Chat(GameMaster):"/addcoins asd 1000000"
15:14:51	GM Chat(GameMaster):"/qwepo"
15:14:54	GM Chat(GameMaster):"/addcoins Test 10000"
15:15:03	GM Chat(GameMaster):"/addcoins Test 10000"
15:17:15	GM Chat(GameMaster):"/qwepo"
15:17:17	GM Chat(GameMaster):"/gettiket"
15:17:19	GM Chat(GameMaster):"/getticket"
15:17:23	GM Chat(GameMaster):"/getticket"
15:18:58	GM Chat(GameMaster):"/startcrusade"
15:19:01	GM Chat(GameMaster):"/endcrusade"
15:19:27	GM Chat(GameMaster):"/soccer"
15:19:30	GM Chat(GameMaster):"/soccer"
15:19:33	GM Chat(GameMaster):"/terminar"
15:19:38	GM Chat(GameMaster):"/qwepo"
15:19:39	GM Chat(GameMaster):"/cvc"
15:19:51	GM Chat(GameMaster):"/endcvvc"
15:19:56	GM Chat(GameMaster):"/endcvcv"
15:20:10	GM Chat(GameMaster):"/soccer"
15:20:31	GM Chat(GameMaster):"/addmaj 100 GM"
15:20:36	GM Chat(GameMaster):"/addmaj 100 GM"
15:20:39	GM Chat(GameMaster):"/addmaj GM 100"
15:20:55	GM Chat(GameMaster):"/asigek GM 10"
15:21:00	GM Chat(GameMaster):"/asigek 40 GM"
15:21:33	GM Chat(GameMaster):"/checkrep GM"
15:21:34	GM Chat(GameMaster):"/clearnpc"
15:21:36	GM Chat(GameMaster):"/clearnpc"
15:21:38	GM Chat(GameMaster):"/clearnpc"
15:21:41	GM Chat(GameMaster):"/checkrep GM"
15:21:42	GM Chat(GameMaster):"/checkrep"
15:21:51	GM Chat(GameMaster):"/fi"
15:21:54	GM Chat(GameMaster):"/addcoins"
15:21:58	GM Chat(GameMaster):"/setmaj"
15:22:00	GM Chat(GameMaster):"/addmaj"
15:22:02	GM Chat(GameMaster):"/addmaj GM 1000"
15:22:13	GM Chat(GameMaster):"/createfish"
15:22:17	GM Chat(GameMaster):"/createfish"
15:22:42	GM Chat(GameMaster):"/portal"
15:22:52	GM Chat(GameMaster):"/startabaddon"
15:22:54	GM Chat(GameMaster):"/endabaddon"
15:23:00	GM Chat(GameMaster):"/closeportals"
15:23:06	GM Chat(GameMaster):"/happyhour"
15:23:09	GM Chat(GameMaster):"/happyday"
15:23:12	GM Chat(GameMaster):"/summonevent"
15:23:18	GM Chat(GameMaster):"/reloadsummon"
15:23:21	GM Chat(GameMaster):"/endsummonevent"
15:23:24	GM Chat(GameMaster):"/endsummonevent"
15:23:25	GM Chat(GameMaster):"/portales"
15:23:28	GM Chat(GameMaster):"/endsumo"
15:23:30	GM Chat(GameMaster):"/contarnpcs"
15:23:50	GM Chat(GameMaster):"/openvip"
15:24:08	GM Chat(GameMaster):"/closevip"
15:24:20	GM Chat(GameMaster):"/tp Elvine"
15:24:22	GM Chat(GameMaster):"/telepor"
15:24:28	GM Chat(GameMaster):"/goto Dungeon"
15:24:31	GM Chat(GameMaster):"/tp Dungeon"
15:24:34	GM Chat(GameMaster):"/tp Middleland"
15:24:39	GM Chat(GameMaster):"/tp AresdenCity"
15:24:43	GM Chat(GameMaster):"/teleport AresdenCity"
15:24:52	GM Chat(GameMaster):"/goto aresden"
15:24:54	GM Chat(GameMaster):"/tp aresden"
15:24:54	GM Order(GameMaster): teleport MapName(aresden)
15:24:58	GM Chat(GameMaster):"/tp elvine"
15:24:58	GM Order(GameMaster): teleport MapName(elvine)
15:26:36	GM Chat(GameMaster):"/tp city"
15:26:36	GM Order(GameMaster): teleport MapName(city)
15:26:52	GM Chat(GameMaster):"/tp asdfg"
15:26:52	GM Order(GameMaster): teleport MapName(asdfg)
15:27:13	GM Chat(GameMaster):"/tp ABarracks"
15:27:13	GM Order(GameMaster): teleport MapName(ABarracks)
15:27:20	GM Chat(GameMaster):"/tp dm"
15:27:20	GM Order(GameMaster): teleport MapName(dm)
15:27:21	GM Chat(GameMaster):"/reqtopdm"
15:27:30	GM Chat(GameMaster):"/tp resurr1"
15:27:30	GM Order(GameMaster): teleport MapName(resurr1)
15:28:22	GM Chat(GameMaster):"/tp 2ndmiddle"
15:28:22	GM Order(GameMaster): teleport MapName(2ndmiddle)
15:28:35	GM Chat(GameMaster):"/tp cityhall_1"
15:28:35	GM Order(GameMaster): teleport MapName(cityhall_1)
15:28:48	GM Chat(GameMaster):"/tp elvuni"
15:28:48	GM Order(GameMaster): teleport MapName(elvuni)
15:34:57	GM Chat(GameMaster):"/tradeek"
16:21:48	GM Chat(GameMaster):"/qweop"
16:21:50	GM Chat(GameMaster):"/qwepo"
16:21:52	GM Chat(GameMaster):"/admins"
16:21:58	GM Chat(GameMaster):"/addcoins"
16:22:00	GM Chat(GameMaster):"/addcoins GM 1000"
16:22:02	GM Chat(GameMaster):"/addmaj 100"
16:22:04	GM Chat(GameMaster):"/addmaj GM 1000"
16:22:14	GM Chat(GameMaster):"/addcoins GameMaster 100"
16:22:26	GM Chat(GameMaster):"/addcoins GameMaster 1000000"
16:22:34	GM Chat(GameMaster):"/addcoins GameMaster 999999"
16:22:38	GM Chat(GameMaster):"/tradecoin"
16:22:46	GM Chat(GameMaster):"/tradecoin"
16:22:53	GM Chat(GameMaster):"/tradecoin"
16:23:14	GM Chat(GameMaster):"/tradecoin"
16:23:39	GM Chat(GameMaster):"/trademajs"
16:23:46	GM Chat(GameMaster):"/addmaj GameMaster 10000"
16:23:48	GM Chat(GameMaster):"/trademajs"
16:23:57	GM Chat(GameMaster):"/trademajs"
16:24:20	GM Chat(GameMaster):"/asigek GameMaster 10000000"
16:24:35	GM Chat(GameMaster):"/asigek GameMaster 99999"
16:24:39	GM Chat(GameMaster):"/tradeek"
16:24:50	GM Chat(GameMaster):"/tradeek"
16:25:07	GM Chat(GameMaster):"/asigek GameMaster 300000"
16:25:25	GM Chat(GameMaster):"/asigek GameMaster 500000"
16:25:33	GM Chat(GameMaster):"/asigek GameMaster 5000000"
16:25:45	GM Chat(GameMaster):"/tradeek"
16:26:10	GM Chat(GameMaster):"/tradeek"
16:26:26	GM Chat(GameMaster):"/asigek GameMaster 999999999999"
16:26:33	GM Chat(GameMaster):"/asigek GameMaster 99999999999"
16:27:19	GM Chat(GameMaster):"/asigek 99999999 GameMaster"
16:27:23	GM Chat(GameMaster):"/asigek GameMaster 9999999"
16:27:26	GM Chat(GameMaster):"/asigek GameMaster 8888888"
16:27:29	GM Chat(GameMaster):"/asigek GameMaster 9999999"
16:27:33	GM Chat(GameMaster):"/asigek GameMaster 8988889"
16:30:56	GM Chat(GameMaster):"/tradeek"
16:31:11	GM Chat(GameMaster):"/tradeek"
16:33:14	GM Chat(GameMaster):"/tradeek"
16:33:31	GM Chat(GameMaster):"/tradeek"
16:34:01	GM Chat(GameMaster):"/tradeek"
16:38:34	GM Chat(GameMaster):"/tradeek"
16:39:02	GM Chat(GameMaster):"/trademajs"
16:39:20	GM Chat(GameMaster):"/tradecontrib"
16:39:22	GM Chat(GameMaster):"/tradecoin"
16:39:59	GM Chat(GameMaster):"/tradeek"
16:41:16	GM Chat(GameMaster):"/tradecoin"
16:41:20	GM Chat(GameMaster):"/goto elvine"
16:41:23	GM Chat(GameMaster):"/qwepo"
16:41:26	GM Chat(GameMaster):"/goto elvine"
16:41:28	GM Chat(GameMaster):"/tp elvine"
16:41:28	GM Order(GameMaster): teleport MapName(elvine)
16:41:37	GM Chat(GameMaster):"/tp cityhall_2"
16:41:37	GM Order(GameMaster): teleport MapName(cityhall_2)
16:42:01	GM Chat(GameMaster):"/tradecoin"
16:42:05	GM Chat(GameMaster):"/tradecoin"
16:42:16	GM Chat(GameMaster):"/tradeek"
16:43:05	GM Chat(GameMaster):"/tp whouse"
16:43:09	GM Chat(GameMaster):"/tp whouse"
16:43:20	GM Chat(GameMaster):"/tp wrhus_1"
16:43:20	GM Order(GameMaster): teleport MapName(wrhus_1)
16:43:29	GM Chat(GameMaster):"/tp argevent"
16:43:32	GM Chat(GameMaster):"/tp ArGEvent"
16:43:32	GM Order(GameMaster): teleport MapName(ArGEvent)
16:44:25	GM Chat(GameMaster):"/tp procella"
16:44:25	GM Order(GameMaster): teleport MapName(procella)
16:44:30	GM Chat(GameMaster):"/tp Whouse"
16:44:30	GM Order(GameMaster): teleport MapName(Whouse)
16:44:58	GM Chat(GameMaster):"/tradeek"
16:47:19	GM Chat(GameMaster):"/trademajs"
16:47:53	GM Chat(GameMaster):"/tradeek"
16:48:08	GM Chat(GameMaster):"/trademajs"
16:48:15	GM Chat(GameMaster):"/trademajs"
16:48:21	GM Chat(GameMaster):"/trademajs"
16:48:30	GM Chat(GameMaster):"/trademajs"
16:48:37	GM Chat(GameMaster):"/tradeek"
16:49:09	GM Chat(GameMaster):"/summon Abaddon"
16:49:12	GM Chat(GameMaster):"/qwepo"
16:49:14	GM Chat(GameMaster):"/summon Abaddon"
16:49:14	GM Order(GameMaster): Summon NPC(Abaddon)-Count(1)
16:49:21	GM Chat(GameMaster):"/ci AdminRing"
16:49:29	GM Chat(GameMaster):"/ci DemonSlayer"
16:49:29	GM Order(GameMaster): Create ItemName(DemonSlayer)
16:49:54	GM Chat(GameMaster):"/ci ROP"
16:49:54	GM Order(GameMaster): Create ItemName(ROP)
16:50:21	GM Chat(GameMaster):"/ci LaloXelStorm"
16:50:21	GM Order(GameMaster): Create ItemName(LaloXelStorm)
16:52:12	GM Chat(GameMaster):"/ci PoweraHeroHelm(W)"
16:52:12	GM Order(GameMaster): Create ItemName(PoweraHeroHelm(W))
16:52:24	GM Chat(GameMaster):"/ci PoweraHeroArmor(W)"
16:52:24	GM Order(GameMaster): Create ItemName(PoweraHeroArmor(W))
16:52:37	GM Chat(GameMaster):"/ci PoweraHeroHauberk(W)"
16:52:37	GM Order(GameMaster): Create ItemName(PoweraHeroHauberk(W))
16:52:46	GM Chat(GameMaster):"/ci PoweraHeroLeggs(W)"
16:52:46	GM Order(GameMaster): Create ItemName(PoweraHeroLeggs(W))
16:52:56	GM Chat(GameMaster):"/ci PoweraHeroCap"
16:53:27	GM Chat(GameMaster):"/ci PowerAresHeroCape"
16:53:27	GM Order(GameMaster): Create ItemName(PowerAresHeroCape)
16:53:34	GM Chat(GameMaster):"/ci PowerAresHeroCape+1"
16:53:34	GM Order(GameMaster): Create ItemName(PowerAresHeroCape+1)
18:14:37	GM Chat(GameMaster):"/qwepo"
18:14:46	GM Chat(GameMaster):"/ci Coins(+5)"
18:14:46	GM Order(GameMaster): Create ItemName(Coins(+5))
18:14:59	GM Chat(GameMaster):"/ci Coins(+5000)"
18:18:26	GM Chat(GameMaster):"/qwepo"
18:18:32	GM Chat(GameMaster):"/summon Abaddon 5"
18:18:32	GM Order(GameMaster): Summon NPC(Abaddon)-Count(5)
18:18:52	GM Chat(GameMaster):"/clearnpc"
18:46:44	GM Chat(GameMaster):"/qwepo"
18:46:49	GM Chat(GameMaster):"/summon Abaddon"
18:46:49	GM Order(GameMaster): Summon NPC(Abaddon)-Count(1)
18:46:53	GM Chat(GameMaster):"/ci AdminNeck"
18:46:53	GM Order(GameMaster): Create ItemName(AdminNeck)
18:47:30	GM Chat(GameMaster):"/ci LSword"
18:47:30	GM Order(GameMaster): Create ItemName(LSword)
18:47:35	GM Chat(GameMaster):"/summon Abaddon"
18:47:35	GM Order(GameMaster): Summon NPC(Abaddon)-Count(1)
18:48:53	GM Chat(GameMaster):"/ci Coins(+5000)"
18:50:42	GM Chat(GameMaster):"/qwepo"
18:50:44	GM Chat(GameMaster):"/summon Abaddon"
18:50:44	GM Order(GameMaster): Summon NPC(Abaddon)-Count(1)
18:50:49	GM Chat(GameMaster):"/clearnpc"
18:50:59	GM Chat(GameMaster):"/summon Abaddon"
18:50:59	GM Order(GameMaster): Summon NPC(Abaddon)-Count(1)
18:51:07	GM Chat(GameMaster):"/summon Abaddon"
18:53:54	GM Chat(GameMaster):"/qwepo"
18:53:56	GM Chat(GameMaster):"/summon Abaddon"
18:53:56	GM Order(GameMaster): Summon NPC(Abaddon)-Count(1)
18:55:30	GM Chat(GameMaster):"/summon Abaddon 5"
18:58:14	GM Chat(GameMaster):"/qwepo"
18:58:17	GM Chat(GameMaster):"/summon Abaddon 5"
18:58:17	GM Order(GameMaster): Summon NPC(Abaddon)-Count(5)
18:58:19	GM Chat(GameMaster):"/clearnpc"
18:59:42	GM Chat(GameMaster):"/summon Abaddon"
18:59:42	GM Order(GameMaster): Summon NPC(Abaddon)-Count(1)
18:59:50	GM Chat(GameMaster):"/summon Abaddon"
18:59:50	GM Order(GameMaster): Summon NPC(Abaddon)-Count(1)
18:59:59	GM Chat(GameMaster):"/summon Abaddon"
18:59:59	GM Order(GameMaster): Summon NPC(Abaddon)-Count(1)
19:00:10	GM Chat(GameMaster):"/summon Abaddon"
19:00:10	GM Order(GameMaster): Summon NPC(Abaddon)-Count(1)
19:01:41	GM Chat(GameMaster):"/summon abaddon"
19:07:47	GM Chat(GameMaster):"/qwepo"
19:07:51	GM Chat(GameMaster):"/summon Abaddon 5"
19:07:51	GM Order(GameMaster): Summon NPC(Abaddon)-Count(5)
19:09:01	GM Chat(GameMaster):"/summon Abaddon"
19:09:01	GM Order(GameMaster): Summon NPC(Abaddon)-Count(1)
19:09:51	GM Chat(GameMaster):"/summon Abaddon 10"
19:09:51	GM Order(GameMaster): Summon NPC(Abaddon)-Count(10)
19:09:55	GM Chat(GameMaster):"/clearnpc"
19:11:46	GM Chat(GameMaster):"/tradecoin"
19:22:56	GM Chat(GameMaster):"/qwepo"
19:22:58	GM Chat(GameMaster):"/summon Abaddon "
19:22:58	GM Order(GameMaster): Summon NPC(Abaddon)-Count(1)
19:25:28	GM Chat(GameMaster):"/summon Abaddon 10"
19:27:18	GM Chat(GameMaster):"/qwepo"
19:27:21	GM Chat(GameMaster):"/summon Abaddon 10"
19:27:21	GM Order(GameMaster): Summon NPC(Abaddon)-Count(10)
19:27:24	GM Chat(GameMaster):"/clearnpc"
19:28:35	GM Chat(GameMaster):"/summon Abaddon 10"
19:29:23	GM Chat(GameMaster):"/qwepo"
19:29:25	GM Chat(GameMaster):"/summon Abaddon 10"
19:29:25	GM Order(GameMaster): Summon NPC(Abaddon)-Count(10)
19:29:27	GM Chat(GameMaster):"/clearnpc"
19:29:53	GM Chat(GameMaster):"/summon Abaddon "
19:29:56	GM Chat(GameMaster):"/qwepo"
19:29:58	GM Chat(GameMaster):"/summon Abaddon"
19:29:58	GM Order(GameMaster): Summon NPC(Abaddon)-Count(1)
19:34:47	GM Chat(GameMaster):"/tradecoin"
19:35:42	GM Chat(GameMaster):"/summon Abaddon"
19:35:42	GM Order(GameMaster): Summon NPC(Abaddon)-Count(1)
19:35:53	GM Chat(GameMaster):"/ci ROM"
