11:47:23	Account Login: (GM)
11:47:23	Set account(GM) connection status INIT...
11:47:23	Send character(GameMaster) data...
11:47:23	Account(GM) log out request...
11:47:23	Clear Account (GM)
11:47:30	Account Login: (GM)
11:47:30	Set account(GM) connection status INIT...
11:47:30	Send character(GameMaster) data...
11:47:30	Account(GM) log out request...
11:47:30	Clear Account (GM)
11:48:36	Account Login: (GM)
11:48:36	Set account(GM) connection status INIT...
11:48:36	Send character(GameMaster) data...
11:48:36	Set account(GM) connection status PLAYING...
11:52:13	Account(GM) log out request...
12:41:04	Account Login: (GM)
12:41:05	Set account(GM) connection status INIT...
12:41:05	Send character(GameMaster) data...
12:41:05	Set account(GM) connection status PLAYING...
12:41:16	Account(GM) log out request...
12:41:16	Clear Account (GM)
12:41:30	Account Login: (GM)
12:57:13	Account Login: (GM)
12:57:14	Set account(GM) connection status INIT...
12:57:14	Send character(GameMaster) data...
12:57:14	Set account(GM) connection status PLAYING...
12:58:33	Account(GM) log out request...
13:32:13	Account Login: (GM)
13:32:16	Set account(GM) connection status INIT...
13:32:16	Send character(GameMaster) data...
13:32:16	Set account(GM) connection status PLAYING...
13:34:57	Account(GM) log out request...
13:40:03	Account Login: (GM)
13:40:04	Set account(GM) connection status INIT...
13:40:04	Send character(GameMaster) data...
13:40:04	Set account(GM) connection status PLAYING...
14:23:38	Account(GM) log out request...
