14:36:59	Account Does not Exist (Account\\AscII97\\a.txt)
14:38:05	Account Login: (asd)
14:38:06	Set account(asd) connection status INIT...
14:38:06	Send character(asd1) data...
14:38:06	Set account(asd) connection status PLAYING...
14:41:04	Account(asd) log out request...
14:41:04	Clear Account (asd)
15:00:14	Request create new Account: GM
15:00:14	Account: GM created successfully.
15:00:17	Account(GM) Password Wrong(Polopolo2)(GM)
15:00:20	Account Login: (GM)
15:00:26	Request create new character(GameMaster). Account(GM) Password(Polopolo2) OtherChars(SEB)
15:00:26	CreateNewChar:(GameMaster) Account:(GM) Str(14)Int(10)Vit(12)Dex(14)Mag(10)Chr(10)Gender(1)
15:00:28	Set account(GM) connection status INIT...
15:00:28	Send character(GameMaster) data...
15:00:28	Set account(GM) connection status PLAYING...
15:00:43	Account(GM) log out request...
15:00:43	Clear Account (GM)
15:01:37	Account Login: (GM)
15:01:38	Set account(GM) connection status INIT...
15:01:38	Send character(GameMaster) data...
15:01:38	Set account(GM) connection status PLAYING...
15:05:35	Account(GM) log out request...
15:05:35	Clear Account (GM)
15:07:18	Account Login: (GM)
15:07:19	Set account(GM) connection status INIT...
15:07:19	Send character(GameMaster) data...
15:07:19	Set account(GM) connection status PLAYING...
15:08:07	Account(GM) log out request...
15:08:07	Clear Account (GM)
15:08:51	Account Login: (GM)
15:08:51	Set account(GM) connection status INIT...
15:08:51	Send character(GameMaster) data...
15:08:51	Set account(GM) connection status PLAYING...
15:12:39	Account Login: (GM)
15:12:41	Force Disconnect Account(GM) in Game Server(TRENDMODE)... Count(5)
15:12:41	Account(GM) log out request...
15:12:41	Clear Account (GM)
15:12:42	Set account(GM) connection status INIT...
15:12:42	Send character(GameMaster) data...
15:12:42	Set account(GM) connection status PLAYING...
15:14:05	Account Login: (asd)
15:14:05	Set account(asd) connection status INIT...
15:14:05	Send character(asd1) data...
15:14:05	Set account(asd) connection status PLAYING...
15:14:19	Account(asd) log out request...
15:14:19	Clear Account (asd)
15:14:21	Account Login: (asd)
15:14:25	Request create new character(Test). Account(asd) Password(asd) OtherChars(SEB)
15:14:25	CreateNewChar:(Test) Account:(asd) Str(14)Int(10)Vit(12)Dex(14)Mag(10)Chr(10)Gender(0)
15:14:26	Set account(asd) connection status INIT...
15:14:26	Send character(Test) data...
15:14:26	Set account(asd) connection status PLAYING...
15:14:41	Account(asd) log out request...
15:14:41	Clear Account (asd)
15:14:44	Account Login: (GM)
15:14:46	Force Disconnect Account(GM) in Game Server(TRENDMODE)... Count(5)
15:14:46	Account(GM) log out request...
15:14:46	Clear Account (GM)
15:14:47	Set account(GM) connection status INIT...
15:14:47	Send character(GameMaster) data...
15:14:47	Set account(GM) connection status PLAYING...
15:15:15	Account Login: (asd)
15:15:16	Set account(asd) connection status INIT...
15:15:16	Send character(Test) data...
15:15:16	Set account(asd) connection status PLAYING...
15:17:01	Account(asd) log out request...
16:33:03	Account Login: (GM)
16:33:05	Set account(GM) connection status INIT...
16:33:05	Send character(GameMaster) data...
16:33:05	Set account(GM) connection status PLAYING...
16:47:48	Account Login: (GM)
16:47:50	Force Disconnect Account(GM) in Game Server(TRENDMODE)... Count(5)
16:47:50	Account(GM) log out request...
16:47:50	Clear Account (GM)
16:47:51	Set account(GM) connection status INIT...
16:47:51	Send character(GameMaster) data...
16:47:51	Set account(GM) connection status PLAYING...
18:14:31	Account Login: (GM)
18:18:21	Account Login: (GM)
18:18:21	Set account(GM) connection status INIT...
18:18:21	Send character(GameMaster) data...
18:18:21	Set account(GM) connection status PLAYING...
18:19:11	Account Login: (GM)
19:29:15	Account Login: (GM)
19:29:19	Set account(GM) connection status INIT...
19:29:19	Send character(GameMaster) data...
19:29:19	Set account(GM) connection status PLAYING...
19:29:44	Account Login: (GM)
