08:50:08	Account Login: (GM)
08:50:09	Set account(GM) connection status INIT...
08:50:09	Send character(GameMaster) data...
08:50:09	Set account(GM) connection status PLAYING...
08:54:31	Account(GM) log out request...
08:54:31	Clear Account (GM)
08:54:56	Account Login: (GM)
08:54:56	Set account(GM) connection status INIT...
08:54:56	Send character(GameMaster) data...
08:54:56	Set account(GM) connection status PLAYING...
09:30:17	Account Login: (GM)
09:30:19	Force Disconnect Account(GM) in Game Server(TRENDMODE)... Count(5)
09:30:19	Account(GM) log out request...
09:30:19	Clear Account (GM)
09:30:23	Set account(GM) connection status INIT...
09:30:23	Send character(GameMaster) data...
09:30:23	Set account(GM) connection status PLAYING...
09:30:51	Account Login: (GM)
09:30:52	Force Disconnect Account(GM) in Game Server(TRENDMODE)... Count(5)
09:30:52	Account(GM) log out request...
09:30:52	Clear Account (GM)
09:30:56	Set account(GM) connection status INIT...
09:30:56	Send character(GameMaster) data...
09:30:56	Set account(GM) connection status PLAYING...
09:31:53	Account Login: (GM)
09:31:54	Force Disconnect Account(GM) in Game Server(TRENDMODE)... Count(5)
09:31:54	Account(GM) log out request...
09:31:54	Clear Account (GM)
09:31:59	Set account(GM) connection status INIT...
09:31:59	Send character(GameMaster) data...
09:31:59	Set account(GM) connection status PLAYING...
09:32:55	Account Login: (GM)
10:31:08	Account Login: (GM)
10:31:09	Set account(GM) connection status INIT...
10:31:09	Send character(GameMaster) data...
10:31:09	Set account(GM) connection status PLAYING...
10:31:42	Account Login: (GM)
10:48:51	Account Login: (GM)
10:48:52	Set account(GM) connection status INIT...
10:48:52	Send character(GameMaster) data...
10:48:52	Set account(GM) connection status PLAYING...
10:49:22	Account Login: (GM)
10:52:02	Account Login: (GM)
10:52:02	Set account(GM) connection status INIT...
10:52:02	Send character(GameMaster) data...
10:52:02	Set account(GM) connection status PLAYING...
10:52:23	Account Login: (GM)
11:10:22	Account Login: (GM)
11:10:22	Set account(GM) connection status INIT...
11:10:22	Send character(GameMaster) data...
11:10:22	Set account(GM) connection status PLAYING...
11:34:56	Account(GM) log out request...
15:21:21	Account Login: (asd)
15:21:22	Set account(asd) connection status INIT...
15:21:22	Send character(Test) data...
15:21:22	Set account(asd) connection status PLAYING...
15:28:21	Account Login: (GM)
15:28:21	Set account(GM) connection status INIT...
15:28:21	Send character(GameMaster) data...
15:28:21	Set account(GM) connection status PLAYING...
15:56:11	Account Login: (GM)
15:56:13	Force Disconnect Account(GM) in Game Server(TRENDMODE)... Count(5)
15:56:13	Account(GM) log out request...
15:56:13	Clear Account (GM)
15:56:14	Set account(GM) connection status INIT...
15:56:14	Send character(GameMaster) data...
15:56:14	Set account(GM) connection status PLAYING...
16:04:58	Account(asd) log out request...
16:04:58	Clear Account (asd)
16:05:08	Account(asd) log out request...
16:17:44	Account(GM) log out request...
16:17:44	Clear Account (GM)
16:17:54	Account Login: (GM)
16:17:55	Set account(GM) connection status INIT...
16:17:55	Send character(GameMaster) data...
16:17:55	Set account(GM) connection status PLAYING...
16:27:10	Set account(GM) connection status WAIT...
16:29:33	Account Login: (asd)
16:29:34	Set account(asd) connection status INIT...
16:29:34	Send character(asd1) data...
16:29:34	Set account(asd) connection status PLAYING...
16:29:48	Account(asd) log out request...
16:29:48	Clear Account (asd)
16:29:51	Account Login: (GM)
16:29:59	GameServer(SEB-character-) for GM is not registered.
16:30:16	GameServer(SEB-character-) for GM is not registered.
16:30:22	Account Login: (GM)
16:30:40	GameServer(SEB-character-) for GM is not registered.
16:30:43	Account Login: (GM)
16:30:44	Set account(GM) connection status INIT...
16:30:44	Send character(GameMaster) data...
16:30:44	Set account(GM) connection status PLAYING...
16:32:48	Account(GM) log out request...
16:32:48	Clear Account (GM)
16:32:59	Account Login: (GM)
16:32:59	Set account(GM) connection status INIT...
16:32:59	Send character(GameMaster) data...
16:32:59	Set account(GM) connection status PLAYING...
17:17:50	Account(GM) log out request...
