09:28:12	Account Login: (GM)
09:28:25	Set account(GM) connection status INIT...
10:53:07	Account Login: (GM)
10:53:08	Set account(GM) connection status INIT...
10:53:08	Send character(GameMaster) data...
10:53:08	Set account(GM) connection status PLAYING...
10:53:34	Account(GM) log out request...
10:54:51	Account Login: (GM)
10:55:09	Set account(GM) connection status INIT...
10:57:22	Account Login: (GM)
10:57:34	Account Login: (GM)
11:00:09	Account Login: (GM)
11:00:10	Set account(GM) connection status INIT...
11:00:10	Send character(GameMaster) data...
11:00:10	Set account(GM) connection status PLAYING...
11:02:07	Account Login: (GM)
11:02:09	Force Disconnect Account(GM) in Game Server(TRENDMODE)... Count(5)
11:02:09	Force Disconnect Account(GM) in Game Server(TRENDMODE)... Count(5)
11:02:09	Account(GM) log out request to MLS 2...
11:02:09	Clear Account (GM)
11:02:09	Account(GM) log out request to MLS 2...
11:02:11	Set account(GM) connection status INIT...
11:02:11	Send character(GameMaster) data...
11:02:11	Set account(GM) connection status PLAYING...
11:03:23	Account Login: (GM)
11:03:25	Force Disconnect Account(GM) in Game Server(TRENDMODE)... Count(5)
11:03:25	Force Disconnect Account(GM) in Game Server(TRENDMODE)... Count(5)
11:03:25	Account(GM) log out request to MLS 2...
11:03:25	Clear Account (GM)
11:03:25	Account(GM) log out request to MLS 2...
11:03:27	Set account(GM) connection status INIT...
11:03:35	Account Login: (GM)
11:03:36	Clear Account (GM)
11:03:36	Force Disconnect Account(GM) in Game Server()... Count(5)
11:03:36	Force Disconnect Account(GM) in Game Server()... Count(5)
11:03:36	Force Disconnect Account(GM) in Game Server()... Count(5)
11:03:36	Account(GM) log out request to MLS 2...
11:03:36	Account(GM) log out request to MLS 2...
11:03:36	Account(GM) log out request to MLS 2...
11:03:37	Set account(GM) connection status INIT...
11:03:37	Send character(GameMaster) data...
11:03:37	Set account(GM) connection status PLAYING...
11:04:34	Account Login: (GM)
11:04:41	Force Disconnect Account(GM) in Game Server(TRENDMODE)... Count(5)
11:04:41	Force Disconnect Account(GM) in Game Server(TRENDMODE)... Count(5)
11:04:41	Force Disconnect Account(GM) in Game Server(TRENDMODE)... Count(5)
11:04:41	Force Disconnect Account(GM) in Game Server(TRENDMODE)... Count(5)
11:04:41	Account(GM) log out request to MLS 2...
11:04:41	Clear Account (GM)
11:04:41	Account(GM) log out request to MLS 2...
11:04:41	Account(GM) log out request to MLS 2...
11:04:41	Account(GM) log out request to MLS 2...
11:04:41	Set account(GM) connection status INIT...
11:04:41	Send character(GameMaster) data...
11:04:41	Set account(GM) connection status PLAYING...
11:06:15	Account Login: (GM)
11:06:18	Force Disconnect Account(GM) in Game Server(TRENDMODE)... Count(5)
11:06:18	Force Disconnect Account(GM) in Game Server(TRENDMODE)... Count(5)
11:06:18	Force Disconnect Account(GM) in Game Server(TRENDMODE)... Count(5)
11:06:18	Force Disconnect Account(GM) in Game Server(TRENDMODE)... Count(5)
11:06:18	Force Disconnect Account(GM) in Game Server(TRENDMODE)... Count(5)
11:06:18	Account(GM) log out request to MLS 2...
11:06:18	Clear Account (GM)
11:06:18	Account(GM) log out request to MLS 2...
11:06:18	Account(GM) log out request to MLS 2...
11:06:18	Account(GM) log out request to MLS 2...
11:06:18	Account(GM) log out request to MLS 2...
11:06:22	Set account(GM) connection status INIT...
11:06:22	Send character(GameMaster) data...
11:06:22	Set account(GM) connection status PLAYING...
11:10:19	Account Login: (GM)
11:10:23	Force Disconnect Account(GM) in Game Server(TRENDMODE)... Count(5)
11:10:23	Force Disconnect Account(GM) in Game Server(TRENDMODE)... Count(5)
11:10:23	Force Disconnect Account(GM) in Game Server(TRENDMODE)... Count(5)
11:10:23	Force Disconnect Account(GM) in Game Server(TRENDMODE)... Count(5)
11:10:23	Force Disconnect Account(GM) in Game Server(TRENDMODE)... Count(5)
11:10:23	Force Disconnect Account(GM) in Game Server(TRENDMODE)... Count(5)
11:10:23	Account(GM) log out request to MLS 2...
11:10:23	Clear Account (GM)
11:10:23	Account(GM) log out request to MLS 2...
11:10:23	Account(GM) log out request to MLS 2...
11:10:23	Account(GM) log out request to MLS 2...
11:10:23	Account(GM) log out request to MLS 2...
11:10:23	Account(GM) log out request to MLS 2...
11:10:24	Set account(GM) connection status INIT...
11:10:24	Send character(GameMaster) data...
11:15:33	Account Login: (GM)
11:15:35	Clear Account (GM)
11:15:35	Force Disconnect Account(GM) in Game Server()... Count(5)
11:15:35	Force Disconnect Account(GM) in Game Server()... Count(5)
11:15:35	Force Disconnect Account(GM) in Game Server()... Count(5)
11:15:35	Force Disconnect Account(GM) in Game Server()... Count(5)
11:15:35	Force Disconnect Account(GM) in Game Server()... Count(5)
11:15:35	Force Disconnect Account(GM) in Game Server()... Count(5)
11:15:35	Account(GM) log out request to MLS 2...
11:15:35	Account(GM) log out request to MLS 2...
11:15:35	Account(GM) log out request to MLS 2...
11:15:35	Account(GM) log out request to MLS 2...
11:15:35	Account(GM) log out request to MLS 2...
11:15:54	Set account(GM) connection status INIT...
11:15:54	Send character(GameMaster) data...
11:15:54	Set account(GM) connection status PLAYING...
11:16:55	Account(GM) log out request...
11:16:55	Clear Account (GM)
11:17:07	Account Login: (GM)
11:17:16	Set account(GM) connection status INIT...
11:17:16	Send character(GameMaster) data...
11:17:16	Set account(GM) connection status PLAYING...
11:18:28	Account(GM) log out request...
11:18:28	Clear Account (GM)
11:18:37	Account Login: (GM)
11:18:37	Set account(GM) connection status INIT...
11:18:37	Send character(GameMaster) data...
11:18:37	Set account(GM) connection status PLAYING...
11:22:51	Account Login: (GM)
