11:22:07	(!) Reading Rank settings...
11:22:07	(!) Reading QuestList settings data...
11:22:07	(!) Reading trade ek data...
11:22:07	(!) Reading trade contrib data...
11:22:08	(!) Reading trade coin data...
11:22:08	(!) Reading trade majestics data...
11:22:08	INITIALIZING GAME SERVER...
11:22:08	Reading configuration file...
11:22:08	Adding maps
11:22:11	Reading TeleportList.cfg...
11:22:11	TELEPORT-LIST(Total:75) configuration - success!
11:22:11	Reading configuration file...
11:22:11	Reading configuration file...
11:22:11	Reading NOTICEMENT configuration file...
11:22:11	Noticement Data Size: 1586
11:22:11	Reading ITEM configuration file...
11:22:11	ITEM(Total:4986) configuration - success!
11:22:11	Reading ITEM configuration file...
11:22:11	ITEM(Total:3761) configuration - success!
11:22:11	Reading ITEM configuration file...
11:22:12	ITEM(Total:3055) configuration - success!
11:22:12	Reading MAGIC configuration file...
11:22:12	MAGIC(Total:99) configuration - success!
11:22:12	Reading PORTION configuration file...
11:22:12	POTION(Total:19) configuration - success!
11:22:12	CRAFTING(Total:25) configuration - success!
11:22:12	Reading BUILD-ITEM configuration file...
11:22:12	BuildItem(Total:45) configuration - success!
11:22:12	Reading SKILL configuration file...
11:22:12	SKILL(Total:23) configuration - success!
11:22:12	Reading QUEST configuration file...
11:22:12	QUEST(Total:40) configuration - success!
11:22:12	Reading NPC configuration file...
11:22:12	NPC(Total:165) configuration - success!
11:22:12	Reading IP Banned List file...
11:22:12	Reading Map info file : gshop_1.txt
11:22:12	Reading Map info file : cityhall_1.txt
11:22:12	Reading Map info file : bsmith_1.txt
11:22:12	Reading Map info file : wrhus_1.txt
11:22:12	Reading Map info file : wzdtwr_1.txt
11:22:12	Reading Map info file : arejail.txt
11:22:12	Reading Map info file : arewrhus.txt
11:22:12	Reading Map info file : aresden.txt
11:22:12	Reading Map info file : areuni.txt
11:22:12	Reading Map info file : gshop_2.txt
11:22:12	Reading Map info file : cityhall_2.txt
11:22:12	Reading Map info file : wrhus_2.txt
11:22:12	Reading Map info file : wzdtwr_2.txt
11:22:12	Reading Map info file : bsmith_2.txt
11:22:12	Reading Map info file : elvjail.txt
11:22:12	Reading Map info file : elvwrhus.txt
11:22:12	Reading Map info file : elvine.txt
11:22:12	Reading Map info file : elvuni.txt
11:22:12	Reading Map info file : BtField.txt
11:22:12	Reading Map info file : Extreme.txt
11:22:12	Reading Map info file : ArGEvent.txt
11:22:12	Reading Map info file : bisle.txt
11:22:12	Reading Map info file : VipMap1.txt
11:22:12	Reading Map info file : masacre.txt
11:22:12	Reading Map info file : MapaVip.txt
11:22:12	Reading Map info file : procella.txt
11:22:12	Reading Map info file : middleland.txt
11:22:12	Reading Map info file : Whouse.txt
11:22:12	Reading Map info file : icebound.txt
11:22:12	Reading Map info file : middled1n.txt
11:22:12	Reading Map info file : 2ndmiddle.txt
11:22:12	Reading Map info file : abaddon.txt
11:22:12	Reading Map info file : default.txt
11:22:12	Reading Map info file : fightzone1.txt
11:22:12	Reading Map info file : fightzone2.txt
11:22:12	Reading Map info file : fightzone3.txt
11:22:12	Reading Map info file : fightzone4.txt
11:22:12	Reading Map info file : fightzone5.txt
11:22:12	Reading Map info file : fightzone6.txt
11:22:12	Reading Map info file : fightzone7.txt
11:22:12	Reading Map info file : fightzone8.txt
11:22:12	Reading Map info file : fightzone9.txt
11:22:12	Reading Map info file : ESAresden.txt
11:22:12	Reading Map info file : ESAssasain.txt
11:22:12	Reading Map info file : ESElvine.txt
11:22:12	Reading Map info file : avaevent.txt
11:22:12	Reading Map info file : EventDk.txt
11:22:12	Reading Map info file : Counter.txt
11:22:12	Reading Map info file : NewEvent.txt
11:22:12	Reading Map info file : TowerMap.txt
11:22:12	Reading Map info file : EventMap.txt
11:22:12	Reading Map info file : market.txt
11:22:12	Reading Map info file : towerofh.txt
11:22:12	Reading Map info file : FightMap.txt
11:22:12	Reading Map info file : huntzone1.txt
11:22:12	Reading Map info file : huntzone2.txt
11:22:12	Reading Map info file : huntzone3.txt
11:22:12	Reading Map info file : huntzone4.txt
11:22:12	Reading Map info file : middled1x.txt
11:22:12	Reading Map info file : MBarracks.txt
11:22:12	Reading Map info file : resurr1.txt
11:22:12	Reading Map info file : resurr2.txt
11:22:12	Reading Map info file : WorldMap.txt
11:22:12	Reading Map info file : evento13.txt
11:22:12	Reading Map info file : evento14.txt
14:36:05	(!) Reading Rank settings...
14:36:05	(!) Reading QuestList settings data...
14:36:05	(!) Reading trade ek data...
14:36:05	(!) Reading trade contrib data...
14:36:05	(!) Reading trade coin data...
14:36:05	(!) Reading trade majestics data...
14:36:05	INITIALIZING GAME SERVER...
14:36:05	Reading configuration file...
14:36:05	Adding maps
14:36:08	Reading TeleportList.cfg...
14:36:08	TELEPORT-LIST(Total:75) configuration - success!
14:36:08	Reading configuration file...
14:36:08	Reading configuration file...
14:36:08	Reading NOTICEMENT configuration file...
14:36:08	Noticement Data Size: 1586
14:36:08	Reading ITEM configuration file...
14:36:08	ITEM(Total:4986) configuration - success!
14:36:08	Reading ITEM configuration file...
14:36:08	ITEM(Total:3761) configuration - success!
14:36:08	Reading ITEM configuration file...
14:36:08	ITEM(Total:3055) configuration - success!
14:36:08	Reading MAGIC configuration file...
14:36:08	MAGIC(Total:99) configuration - success!
14:36:08	Reading PORTION configuration file...
14:36:08	POTION(Total:19) configuration - success!
14:36:08	CRAFTING(Total:25) configuration - success!
14:36:08	Reading BUILD-ITEM configuration file...
14:36:08	BuildItem(Total:45) configuration - success!
14:36:08	Reading SKILL configuration file...
14:36:08	SKILL(Total:23) configuration - success!
14:36:08	Reading QUEST configuration file...
14:36:08	QUEST(Total:40) configuration - success!
14:36:08	Reading NPC configuration file...
14:36:08	NPC(Total:165) configuration - success!
14:36:08	Reading IP Banned List file...
14:36:08	Reading Map info file : gshop_1.txt
14:36:08	Reading Map info file : cityhall_1.txt
14:36:08	Reading Map info file : bsmith_1.txt
14:36:08	Reading Map info file : wrhus_1.txt
14:36:08	Reading Map info file : wzdtwr_1.txt
14:36:08	Reading Map info file : arejail.txt
14:36:08	Reading Map info file : arewrhus.txt
14:36:08	Reading Map info file : aresden.txt
14:36:08	Reading Map info file : areuni.txt
14:36:08	Reading Map info file : gshop_2.txt
14:36:08	Reading Map info file : cityhall_2.txt
14:36:08	Reading Map info file : wrhus_2.txt
14:36:08	Reading Map info file : wzdtwr_2.txt
14:36:08	Reading Map info file : bsmith_2.txt
14:36:08	Reading Map info file : elvjail.txt
14:36:08	Reading Map info file : elvwrhus.txt
14:36:08	Reading Map info file : elvine.txt
14:36:08	Reading Map info file : elvuni.txt
14:36:08	Reading Map info file : BtField.txt
14:36:08	Reading Map info file : Extreme.txt
14:36:08	Reading Map info file : ArGEvent.txt
14:36:08	Reading Map info file : bisle.txt
14:36:08	Reading Map info file : VipMap1.txt
14:36:08	Reading Map info file : masacre.txt
14:36:08	Reading Map info file : MapaVip.txt
14:36:08	Reading Map info file : procella.txt
14:36:08	Reading Map info file : middleland.txt
14:36:08	Reading Map info file : Whouse.txt
14:36:08	Reading Map info file : icebound.txt
14:36:08	Reading Map info file : middled1n.txt
14:36:08	Reading Map info file : 2ndmiddle.txt
14:36:08	Reading Map info file : abaddon.txt
14:36:08	Reading Map info file : default.txt
14:36:08	Reading Map info file : fightzone1.txt
14:36:08	Reading Map info file : fightzone2.txt
14:36:08	Reading Map info file : fightzone3.txt
14:36:08	Reading Map info file : fightzone4.txt
14:36:08	Reading Map info file : fightzone5.txt
14:36:08	Reading Map info file : fightzone6.txt
14:36:08	Reading Map info file : fightzone7.txt
14:36:08	Reading Map info file : fightzone8.txt
14:36:08	Reading Map info file : fightzone9.txt
14:36:08	Reading Map info file : ESAresden.txt
14:36:08	Reading Map info file : ESAssasain.txt
14:36:08	Reading Map info file : ESElvine.txt
14:36:08	Reading Map info file : avaevent.txt
14:36:08	Reading Map info file : EventDk.txt
14:36:08	Reading Map info file : Counter.txt
14:36:08	Reading Map info file : NewEvent.txt
14:36:08	Reading Map info file : TowerMap.txt
14:36:08	Reading Map info file : EventMap.txt
14:36:08	Reading Map info file : market.txt
14:36:08	Reading Map info file : towerofh.txt
14:36:08	Reading Map info file : FightMap.txt
14:36:08	Reading Map info file : huntzone1.txt
14:36:08	Reading Map info file : huntzone2.txt
14:36:08	Reading Map info file : huntzone3.txt
14:36:08	Reading Map info file : huntzone4.txt
14:36:08	Reading Map info file : middled1x.txt
14:36:08	Reading Map info file : MBarracks.txt
14:36:08	Reading Map info file : resurr1.txt
14:36:08	Reading Map info file : resurr2.txt
14:36:08	Reading Map info file : WorldMap.txt
14:36:08	Reading Map info file : evento13.txt
14:36:08	Reading Map info file : evento14.txt
14:36:08	Reading Map info file : dm.txt
14:36:08	Reading Map info file : EBarracks.txt
14:36:08	Reading Map info file : ABarracks.txt
14:36:08	Reading Map info file : city.txt
14:36:08	Reading Map info file : asdfg.txt
14:36:08	Map info file decodings sucess
14:36:08	Cannot open Dupped file.
14:36:08	Reading rush configuration file...
14:36:08	Reading Tower Defense configuration file...
14:36:08	Reading Crusade configuration file...
14:36:08	Reading rush configuration file...
14:36:08	Reading Summon configuration file...
14:36:08	Reading Hell Of Death configuration file...
14:36:08	Reading Round configuration file...
14:36:08	Reading Round configuration file...
14:36:08	Reading Round configuration file...
14:36:08	Reading Round configuration file...
14:36:08	Reading Round configuration file...
14:36:08	Reading Round configuration file...
14:36:08	Reading Round configuration file...
14:36:08	Reading Round configuration file...
14:36:08	Reading Round configuration file...
14:36:08	Reading Round configuration file...
14:36:08	Reading Round configuration file...
14:36:08	Reading Round configuration file...
14:36:08	QUEST(Total:116) configuration - success!
14:36:08	QUEST(Total:312) configuration - success!
14:36:08	Reading maplist file...
14:36:08	Try to Connect main-log-socket... Addr:192.168.8.5  Port:3197
14:36:08	Conectando ... (0)... Addr:192.168.8.5  Port:3197
14:36:09	Conectando ... (1)... Addr:192.168.8.5  Port:3197
14:36:09	Conectando ... (2)... Addr:192.168.8.5  Port:3197
14:36:10	Conectando ... (3)... Addr:192.168.8.5  Port:3197
14:36:11	Conectando ... (4)... Addr:192.168.8.5  Port:3197
14:36:11	Conectando ... (5)... Addr:192.168.8.5  Port:3197
14:36:12	Conectando ... (6)... Addr:192.168.8.5  Port:3197
14:36:12	Conectando ... (7)... Addr:192.168.8.5  Port:3197
14:36:13	Conectando ... (8)... Addr:192.168.8.5  Port:3197
14:36:14	Conectando ... (9)... Addr:192.168.8.5  Port:3197
14:36:14	Sending start message...
14:36:14	Game Server Activated.
15:00:15	Quest x 2 OFF
16:18:53	(!) Reading Rank settings...
16:18:53	(!) Reading QuestList settings data...
16:18:53	(!) Reading trade ek data...
16:18:53	(!) Reading trade contrib data...
16:18:53	(!) Reading trade coin data...
16:18:53	(!) Reading trade majestics data...
16:18:53	INITIALIZING GAME SERVER...
16:18:53	Reading configuration file...
16:18:53	Adding maps
16:18:57	Reading TeleportList.cfg...
16:18:57	TELEPORT-LIST(Total:75) configuration - success!
16:18:57	Reading configuration file...
16:18:57	Reading configuration file...
16:18:57	Reading NOTICEMENT configuration file...
16:18:57	Noticement Data Size: 1586
16:18:57	Reading ITEM configuration file...
16:18:57	ITEM(Total:4986) configuration - success!
16:18:57	Reading ITEM configuration file...
16:18:57	ITEM(Total:3761) configuration - success!
16:18:57	Reading ITEM configuration file...
16:18:57	ITEM(Total:3055) configuration - success!
16:18:57	Reading MAGIC configuration file...
16:18:57	MAGIC(Total:99) configuration - success!
16:18:57	Reading PORTION configuration file...
16:18:57	POTION(Total:19) configuration - success!
16:18:57	CRAFTING(Total:25) configuration - success!
16:18:57	Reading BUILD-ITEM configuration file...
16:18:57	BuildItem(Total:45) configuration - success!
16:18:57	Reading SKILL configuration file...
16:18:57	SKILL(Total:23) configuration - success!
16:18:57	Reading QUEST configuration file...
16:18:57	QUEST(Total:40) configuration - success!
16:18:57	Reading NPC configuration file...
16:18:57	NPC(Total:165) configuration - success!
16:18:57	Reading IP Banned List file...
16:18:57	Reading Map info file : gshop_1.txt
16:18:57	Reading Map info file : cityhall_1.txt
16:18:57	Reading Map info file : bsmith_1.txt
16:18:57	Reading Map info file : wrhus_1.txt
16:18:57	Reading Map info file : wzdtwr_1.txt
16:18:57	Reading Map info file : arejail.txt
16:18:57	Reading Map info file : arewrhus.txt
16:18:57	Reading Map info file : aresden.txt
16:18:57	Reading Map info file : areuni.txt
16:18:57	Reading Map info file : gshop_2.txt
16:18:57	Reading Map info file : cityhall_2.txt
16:18:57	Reading Map info file : wrhus_2.txt
16:18:57	Reading Map info file : wzdtwr_2.txt
16:18:57	Reading Map info file : bsmith_2.txt
16:18:57	Reading Map info file : elvjail.txt
16:18:57	Reading Map info file : elvwrhus.txt
16:18:57	Reading Map info file : elvine.txt
16:18:57	Reading Map info file : elvuni.txt
16:18:57	Reading Map info file : BtField.txt
16:18:57	Reading Map info file : Extreme.txt
16:18:57	Reading Map info file : ArGEvent.txt
16:18:57	Reading Map info file : bisle.txt
16:18:57	Reading Map info file : VipMap1.txt
16:18:57	Reading Map info file : masacre.txt
16:18:57	Reading Map info file : MapaVip.txt
16:18:57	Reading Map info file : procella.txt
16:18:57	Reading Map info file : middleland.txt
16:18:57	Reading Map info file : Whouse.txt
16:18:57	Reading Map info file : icebound.txt
16:18:57	Reading Map info file : middled1n.txt
16:18:57	Reading Map info file : 2ndmiddle.txt
16:18:57	Reading Map info file : abaddon.txt
16:18:57	Reading Map info file : default.txt
16:18:57	Reading Map info file : fightzone1.txt
16:18:57	Reading Map info file : fightzone2.txt
16:18:57	Reading Map info file : fightzone3.txt
16:18:57	Reading Map info file : fightzone4.txt
16:18:57	Reading Map info file : fightzone5.txt
16:18:57	Reading Map info file : fightzone6.txt
16:18:57	Reading Map info file : fightzone7.txt
16:18:57	Reading Map info file : fightzone8.txt
16:18:57	Reading Map info file : fightzone9.txt
16:18:57	Reading Map info file : ESAresden.txt
16:18:57	Reading Map info file : ESAssasain.txt
16:18:57	Reading Map info file : ESElvine.txt
16:18:57	Reading Map info file : avaevent.txt
16:18:57	Reading Map info file : EventDk.txt
16:18:57	Reading Map info file : Counter.txt
16:18:57	Reading Map info file : NewEvent.txt
16:18:57	Reading Map info file : TowerMap.txt
16:18:57	Reading Map info file : EventMap.txt
16:18:57	Reading Map info file : market.txt
16:18:57	Reading Map info file : towerofh.txt
16:18:57	Reading Map info file : FightMap.txt
16:18:57	Reading Map info file : huntzone1.txt
16:18:57	Reading Map info file : huntzone2.txt
16:18:57	Reading Map info file : huntzone3.txt
16:18:57	Reading Map info file : huntzone4.txt
16:18:57	Reading Map info file : middled1x.txt
16:18:57	Reading Map info file : MBarracks.txt
16:18:57	Reading Map info file : resurr1.txt
16:18:57	Reading Map info file : resurr2.txt
16:18:57	Reading Map info file : WorldMap.txt
16:18:57	Reading Map info file : evento13.txt
16:18:57	Reading Map info file : evento14.txt
16:20:21	(!) Reading Rank settings...
16:20:21	(!) Reading QuestList settings data...
16:20:21	(!) Reading trade ek data...
16:20:21	(!) Reading trade contrib data...
16:20:21	(!) Reading trade coin data...
16:20:21	(!) Reading trade majestics data...
16:20:21	INITIALIZING GAME SERVER...
16:20:21	Reading configuration file...
16:20:21	Adding maps
16:20:25	Reading TeleportList.cfg...
16:20:25	TELEPORT-LIST(Total:75) configuration - success!
16:20:25	Reading configuration file...
16:20:25	Reading configuration file...
16:20:25	Reading NOTICEMENT configuration file...
16:20:25	Noticement Data Size: 1586
16:20:25	Reading ITEM configuration file...
16:20:25	ITEM(Total:4986) configuration - success!
16:20:25	Reading ITEM configuration file...
16:20:25	ITEM(Total:3761) configuration - success!
16:20:25	Reading ITEM configuration file...
16:20:25	ITEM(Total:3055) configuration - success!
16:20:25	Reading MAGIC configuration file...
16:20:25	MAGIC(Total:99) configuration - success!
16:20:25	Reading PORTION configuration file...
16:20:25	POTION(Total:19) configuration - success!
16:20:25	CRAFTING(Total:25) configuration - success!
16:20:25	Reading BUILD-ITEM configuration file...
16:20:25	BuildItem(Total:45) configuration - success!
16:20:25	Reading SKILL configuration file...
16:20:25	SKILL(Total:23) configuration - success!
16:20:25	Reading QUEST configuration file...
16:20:25	QUEST(Total:40) configuration - success!
16:20:25	Reading NPC configuration file...
16:20:25	NPC(Total:165) configuration - success!
16:20:25	Reading IP Banned List file...
16:20:25	Reading Map info file : gshop_1.txt
16:20:25	Reading Map info file : cityhall_1.txt
16:20:25	Reading Map info file : bsmith_1.txt
16:20:25	Reading Map info file : wrhus_1.txt
16:20:25	Reading Map info file : wzdtwr_1.txt
16:20:25	Reading Map info file : arejail.txt
16:20:25	Reading Map info file : arewrhus.txt
16:20:25	Reading Map info file : aresden.txt
16:20:25	Reading Map info file : areuni.txt
16:20:25	Reading Map info file : gshop_2.txt
16:20:25	Reading Map info file : cityhall_2.txt
16:20:25	Reading Map info file : wrhus_2.txt
16:20:25	Reading Map info file : wzdtwr_2.txt
16:20:25	Reading Map info file : bsmith_2.txt
16:20:25	Reading Map info file : elvjail.txt
16:20:25	Reading Map info file : elvwrhus.txt
16:20:25	Reading Map info file : elvine.txt
16:20:25	Reading Map info file : elvuni.txt
16:20:25	Reading Map info file : BtField.txt
16:20:25	Reading Map info file : Extreme.txt
16:20:25	Reading Map info file : ArGEvent.txt
16:20:25	Reading Map info file : bisle.txt
16:20:25	Reading Map info file : VipMap1.txt
16:20:25	Reading Map info file : masacre.txt
16:20:25	Reading Map info file : MapaVip.txt
16:20:25	Reading Map info file : procella.txt
16:20:25	Reading Map info file : middleland.txt
16:20:25	Reading Map info file : Whouse.txt
16:20:25	Reading Map info file : icebound.txt
16:20:25	Reading Map info file : middled1n.txt
16:20:25	Reading Map info file : 2ndmiddle.txt
16:20:25	Reading Map info file : abaddon.txt
16:20:25	Reading Map info file : default.txt
16:20:25	Reading Map info file : fightzone1.txt
16:20:25	Reading Map info file : fightzone2.txt
16:20:25	Reading Map info file : fightzone3.txt
16:20:25	Reading Map info file : fightzone4.txt
16:20:25	Reading Map info file : fightzone5.txt
16:20:25	Reading Map info file : fightzone6.txt
16:20:25	Reading Map info file : fightzone7.txt
16:20:25	Reading Map info file : fightzone8.txt
16:20:25	Reading Map info file : fightzone9.txt
16:20:25	Reading Map info file : ESAresden.txt
16:20:25	Reading Map info file : ESAssasain.txt
16:20:25	Reading Map info file : ESElvine.txt
16:20:25	Reading Map info file : avaevent.txt
16:20:25	Reading Map info file : EventDk.txt
16:20:25	Reading Map info file : Counter.txt
16:20:25	Reading Map info file : NewEvent.txt
16:20:25	Reading Map info file : TowerMap.txt
16:20:25	Reading Map info file : EventMap.txt
16:20:25	Reading Map info file : market.txt
16:20:25	Reading Map info file : towerofh.txt
16:20:25	Reading Map info file : FightMap.txt
16:20:25	Reading Map info file : huntzone1.txt
16:20:25	Reading Map info file : huntzone2.txt
16:20:25	Reading Map info file : huntzone3.txt
16:20:25	Reading Map info file : huntzone4.txt
16:20:25	Reading Map info file : middled1x.txt
16:20:25	Reading Map info file : MBarracks.txt
16:20:25	Reading Map info file : resurr1.txt
16:20:25	Reading Map info file : resurr2.txt
16:20:25	Reading Map info file : WorldMap.txt
16:20:25	Reading Map info file : evento13.txt
16:20:25	Reading Map info file : evento14.txt
16:21:30	(!) Reading Rank settings...
16:21:30	(!) Reading QuestList settings data...
16:21:30	(!) Reading trade ek data...
16:21:30	(!) Reading trade contrib data...
16:21:30	(!) Reading trade coin data...
16:21:30	(!) Reading trade majestics data...
16:21:30	INITIALIZING GAME SERVER...
16:21:30	Reading configuration file...
16:21:30	Adding maps
16:21:33	Reading TeleportList.cfg...
16:21:33	TELEPORT-LIST(Total:75) configuration - success!
16:21:33	Reading configuration file...
16:21:33	Reading configuration file...
16:21:33	Reading NOTICEMENT configuration file...
16:21:33	Noticement Data Size: 1586
16:21:33	Reading ITEM configuration file...
16:21:33	ITEM(Total:4986) configuration - success!
16:21:33	Reading ITEM configuration file...
16:21:33	ITEM(Total:3761) configuration - success!
16:21:33	Reading ITEM configuration file...
16:21:33	ITEM(Total:3055) configuration - success!
16:21:33	Reading MAGIC configuration file...
16:21:33	MAGIC(Total:99) configuration - success!
16:21:33	Reading PORTION configuration file...
16:21:33	POTION(Total:19) configuration - success!
16:21:33	CRAFTING(Total:25) configuration - success!
16:21:33	Reading BUILD-ITEM configuration file...
16:21:33	BuildItem(Total:45) configuration - success!
16:21:33	Reading SKILL configuration file...
16:21:33	SKILL(Total:23) configuration - success!
16:21:33	Reading QUEST configuration file...
16:21:33	QUEST(Total:40) configuration - success!
16:21:33	Reading NPC configuration file...
16:21:33	NPC(Total:165) configuration - success!
16:21:33	Reading IP Banned List file...
16:21:33	Reading Map info file : gshop_1.txt
16:21:33	Reading Map info file : cityhall_1.txt
16:21:33	Reading Map info file : bsmith_1.txt
16:21:33	Reading Map info file : wrhus_1.txt
16:21:33	Reading Map info file : wzdtwr_1.txt
16:21:33	Reading Map info file : arejail.txt
16:21:33	Reading Map info file : arewrhus.txt
16:21:33	Reading Map info file : aresden.txt
16:21:33	Reading Map info file : areuni.txt
16:21:33	Reading Map info file : gshop_2.txt
16:21:33	Reading Map info file : cityhall_2.txt
16:21:33	Reading Map info file : wrhus_2.txt
16:21:33	Reading Map info file : wzdtwr_2.txt
16:21:33	Reading Map info file : bsmith_2.txt
16:21:33	Reading Map info file : elvjail.txt
16:21:33	Reading Map info file : elvwrhus.txt
16:21:33	Reading Map info file : elvine.txt
16:21:33	Reading Map info file : elvuni.txt
16:21:33	Reading Map info file : BtField.txt
16:21:33	Reading Map info file : Extreme.txt
16:21:33	Reading Map info file : ArGEvent.txt
16:21:33	Reading Map info file : bisle.txt
16:21:33	Reading Map info file : VipMap1.txt
16:21:33	Reading Map info file : masacre.txt
16:21:33	Reading Map info file : MapaVip.txt
16:21:33	Reading Map info file : procella.txt
16:21:33	Reading Map info file : middleland.txt
16:21:33	Reading Map info file : Whouse.txt
16:21:33	Reading Map info file : icebound.txt
16:21:33	Reading Map info file : middled1n.txt
16:21:33	Reading Map info file : 2ndmiddle.txt
16:21:33	Reading Map info file : abaddon.txt
16:21:33	Reading Map info file : default.txt
16:21:33	Reading Map info file : fightzone1.txt
16:21:33	Reading Map info file : fightzone2.txt
16:21:33	Reading Map info file : fightzone3.txt
16:21:33	Reading Map info file : fightzone4.txt
16:21:33	Reading Map info file : fightzone5.txt
16:21:33	Reading Map info file : fightzone6.txt
16:21:33	Reading Map info file : fightzone7.txt
16:21:33	Reading Map info file : fightzone8.txt
16:21:33	Reading Map info file : fightzone9.txt
16:21:33	Reading Map info file : ESAresden.txt
16:21:33	Reading Map info file : ESAssasain.txt
16:21:33	Reading Map info file : ESElvine.txt
16:21:33	Reading Map info file : avaevent.txt
16:21:33	Reading Map info file : EventDk.txt
16:21:33	Reading Map info file : Counter.txt
16:21:33	Reading Map info file : NewEvent.txt
16:21:33	Reading Map info file : TowerMap.txt
16:21:33	Reading Map info file : EventMap.txt
16:21:33	Reading Map info file : market.txt
16:21:33	Reading Map info file : towerofh.txt
16:21:33	Reading Map info file : FightMap.txt
16:21:33	Reading Map info file : huntzone1.txt
16:21:33	Reading Map info file : huntzone2.txt
16:21:33	Reading Map info file : huntzone3.txt
16:21:33	Reading Map info file : huntzone4.txt
16:21:33	Reading Map info file : middled1x.txt
16:21:33	Reading Map info file : MBarracks.txt
16:21:33	Reading Map info file : resurr1.txt
16:21:33	Reading Map info file : resurr2.txt
16:21:33	Reading Map info file : WorldMap.txt
16:21:33	Reading Map info file : evento13.txt
16:21:33	Reading Map info file : evento14.txt
16:32:48	(!) Reading Rank settings...
16:32:48	(!) Reading QuestList settings data...
16:32:48	(!) Reading trade ek data...
16:32:48	(!) Reading trade contrib data...
16:32:48	(!) Reading trade coin data...
16:32:48	(!) Reading trade majestics data...
16:32:48	INITIALIZING GAME SERVER...
16:32:48	Reading configuration file...
16:32:48	Adding maps
16:32:51	Reading TeleportList.cfg...
16:32:51	TELEPORT-LIST(Total:75) configuration - success!
16:32:51	Reading configuration file...
16:32:51	Reading configuration file...
16:32:51	Reading NOTICEMENT configuration file...
16:32:51	Noticement Data Size: 1586
16:32:51	Reading ITEM configuration file...
16:32:51	ITEM(Total:4986) configuration - success!
16:32:51	Reading ITEM configuration file...
16:32:51	ITEM(Total:3761) configuration - success!
16:32:51	Reading ITEM configuration file...
16:32:51	ITEM(Total:3055) configuration - success!
16:32:51	Reading MAGIC configuration file...
16:32:51	MAGIC(Total:99) configuration - success!
16:32:51	Reading PORTION configuration file...
16:32:51	POTION(Total:19) configuration - success!
16:32:51	CRAFTING(Total:25) configuration - success!
16:32:51	Reading BUILD-ITEM configuration file...
16:32:51	BuildItem(Total:45) configuration - success!
16:32:51	Reading SKILL configuration file...
16:32:51	SKILL(Total:23) configuration - success!
16:32:51	Reading QUEST configuration file...
16:32:51	QUEST(Total:40) configuration - success!
16:32:51	Reading NPC configuration file...
16:32:51	NPC(Total:165) configuration - success!
16:32:51	Reading IP Banned List file...
16:32:51	Reading Map info file : gshop_1.txt
16:32:51	Reading Map info file : cityhall_1.txt
16:32:51	Reading Map info file : bsmith_1.txt
16:32:51	Reading Map info file : wrhus_1.txt
16:32:51	Reading Map info file : wzdtwr_1.txt
16:32:51	Reading Map info file : arejail.txt
16:32:51	Reading Map info file : arewrhus.txt
16:32:51	Reading Map info file : aresden.txt
16:32:51	Reading Map info file : areuni.txt
16:32:51	Reading Map info file : gshop_2.txt
16:32:51	Reading Map info file : cityhall_2.txt
16:32:51	Reading Map info file : wrhus_2.txt
16:32:51	Reading Map info file : wzdtwr_2.txt
16:32:51	Reading Map info file : bsmith_2.txt
16:32:51	Reading Map info file : elvjail.txt
16:32:51	Reading Map info file : elvwrhus.txt
16:32:51	Reading Map info file : elvine.txt
16:32:51	Reading Map info file : elvuni.txt
16:32:51	Reading Map info file : BtField.txt
16:32:51	Reading Map info file : Extreme.txt
16:32:51	Reading Map info file : ArGEvent.txt
16:32:51	Reading Map info file : bisle.txt
16:32:51	Reading Map info file : VipMap1.txt
16:32:51	Reading Map info file : masacre.txt
16:32:51	Reading Map info file : MapaVip.txt
16:32:51	Reading Map info file : procella.txt
16:32:51	Reading Map info file : middleland.txt
16:32:52	Reading Map info file : Whouse.txt
16:32:52	Reading Map info file : icebound.txt
16:32:52	Reading Map info file : middled1n.txt
16:32:52	Reading Map info file : 2ndmiddle.txt
16:32:52	Reading Map info file : abaddon.txt
16:32:52	Reading Map info file : default.txt
16:32:52	Reading Map info file : fightzone1.txt
16:32:52	Reading Map info file : fightzone2.txt
16:32:52	Reading Map info file : fightzone3.txt
16:32:52	Reading Map info file : fightzone4.txt
16:32:52	Reading Map info file : fightzone5.txt
16:32:52	Reading Map info file : fightzone6.txt
16:32:52	Reading Map info file : fightzone7.txt
16:32:52	Reading Map info file : fightzone8.txt
16:32:52	Reading Map info file : fightzone9.txt
16:32:52	Reading Map info file : ESAresden.txt
16:32:52	Reading Map info file : ESAssasain.txt
16:32:52	Reading Map info file : ESElvine.txt
16:32:52	Reading Map info file : avaevent.txt
16:32:52	Reading Map info file : EventDk.txt
16:32:52	Reading Map info file : Counter.txt
16:32:52	Reading Map info file : NewEvent.txt
16:32:52	Reading Map info file : TowerMap.txt
16:32:52	Reading Map info file : EventMap.txt
16:32:52	Reading Map info file : market.txt
16:32:52	Reading Map info file : towerofh.txt
16:32:52	Reading Map info file : FightMap.txt
16:32:52	Reading Map info file : huntzone1.txt
16:32:52	Reading Map info file : huntzone2.txt
16:32:52	Reading Map info file : huntzone3.txt
16:32:52	Reading Map info file : huntzone4.txt
16:32:52	Reading Map info file : middled1x.txt
16:32:52	Reading Map info file : MBarracks.txt
16:32:52	Reading Map info file : resurr1.txt
16:32:52	Reading Map info file : resurr2.txt
16:32:52	Reading Map info file : WorldMap.txt
16:32:52	Reading Map info file : evento13.txt
16:32:52	Reading Map info file : evento14.txt
18:16:36	(!) Reading Rank settings...
18:16:36	(!) Reading QuestList settings data...
18:16:36	(!) Reading trade ek data...
18:16:36	(!) Reading trade contrib data...
18:16:36	(!) Reading trade coin data...
18:16:36	(!) Reading trade majestics data...
18:16:36	INITIALIZING GAME SERVER...
18:16:36	Reading configuration file...
18:16:36	Adding maps
18:16:40	Reading TeleportList.cfg...
18:16:40	TELEPORT-LIST(Total:75) configuration - success!
18:16:40	Reading configuration file...
18:16:40	Reading configuration file...
18:16:40	Reading NOTICEMENT configuration file...
18:16:40	Noticement Data Size: 1586
18:16:40	Reading ITEM configuration file...
18:16:40	ITEM(Total:4986) configuration - success!
18:16:40	Reading ITEM configuration file...
18:16:40	ITEM(Total:3761) configuration - success!
18:16:40	Reading ITEM configuration file...
18:16:40	ITEM(Total:3055) configuration - success!
18:16:40	Reading MAGIC configuration file...
18:16:40	MAGIC(Total:99) configuration - success!
18:16:40	Reading PORTION configuration file...
18:16:40	POTION(Total:19) configuration - success!
18:16:40	CRAFTING(Total:25) configuration - success!
18:16:40	Reading BUILD-ITEM configuration file...
18:16:40	BuildItem(Total:45) configuration - success!
18:16:40	Reading SKILL configuration file...
18:16:40	SKILL(Total:23) configuration - success!
18:16:40	Reading QUEST configuration file...
18:16:40	QUEST(Total:40) configuration - success!
18:16:40	Reading NPC configuration file...
18:16:40	NPC(Total:165) configuration - success!
18:16:40	Reading IP Banned List file...
18:16:40	Reading Map info file : gshop_1.txt
18:16:40	Reading Map info file : cityhall_1.txt
18:16:40	Reading Map info file : bsmith_1.txt
18:16:40	Reading Map info file : wrhus_1.txt
18:16:40	Reading Map info file : wzdtwr_1.txt
18:16:40	Reading Map info file : arejail.txt
18:16:40	Reading Map info file : arewrhus.txt
18:16:40	Reading Map info file : aresden.txt
18:16:40	Reading Map info file : areuni.txt
18:16:40	Reading Map info file : gshop_2.txt
18:16:40	Reading Map info file : cityhall_2.txt
18:16:40	Reading Map info file : wrhus_2.txt
18:16:40	Reading Map info file : wzdtwr_2.txt
18:16:40	Reading Map info file : bsmith_2.txt
18:16:40	Reading Map info file : elvjail.txt
18:16:40	Reading Map info file : elvwrhus.txt
18:16:40	Reading Map info file : elvine.txt
18:16:40	Reading Map info file : elvuni.txt
18:16:40	Reading Map info file : BtField.txt
18:16:40	Reading Map info file : Extreme.txt
18:16:40	Reading Map info file : ArGEvent.txt
18:16:40	Reading Map info file : bisle.txt
18:16:40	Reading Map info file : VipMap1.txt
18:16:40	Reading Map info file : masacre.txt
18:16:40	Reading Map info file : MapaVip.txt
18:16:40	Reading Map info file : procella.txt
18:16:40	Reading Map info file : middleland.txt
18:16:40	Reading Map info file : Whouse.txt
18:16:40	Reading Map info file : icebound.txt
18:16:40	Reading Map info file : middled1n.txt
18:16:40	Reading Map info file : 2ndmiddle.txt
18:16:40	Reading Map info file : abaddon.txt
18:16:40	Reading Map info file : default.txt
18:16:40	Reading Map info file : fightzone1.txt
18:16:40	Reading Map info file : fightzone2.txt
18:16:40	Reading Map info file : fightzone3.txt
18:16:40	Reading Map info file : fightzone4.txt
18:16:40	Reading Map info file : fightzone5.txt
18:16:40	Reading Map info file : fightzone6.txt
18:16:40	Reading Map info file : fightzone7.txt
18:16:40	Reading Map info file : fightzone8.txt
18:16:40	Reading Map info file : fightzone9.txt
18:16:40	Reading Map info file : ESAresden.txt
18:16:40	Reading Map info file : ESAssasain.txt
18:16:40	Reading Map info file : ESElvine.txt
18:16:40	Reading Map info file : avaevent.txt
18:16:40	Reading Map info file : EventDk.txt
18:16:40	Reading Map info file : Counter.txt
18:16:40	Reading Map info file : NewEvent.txt
18:16:40	Reading Map info file : TowerMap.txt
18:16:40	Reading Map info file : EventMap.txt
18:16:40	Reading Map info file : market.txt
18:16:40	Reading Map info file : towerofh.txt
18:16:40	Reading Map info file : FightMap.txt
18:16:40	Reading Map info file : huntzone1.txt
18:16:40	Reading Map info file : huntzone2.txt
18:16:40	Reading Map info file : huntzone3.txt
18:16:40	Reading Map info file : huntzone4.txt
18:16:40	Reading Map info file : middled1x.txt
18:16:40	Reading Map info file : MBarracks.txt
18:16:40	Reading Map info file : resurr1.txt
18:16:40	Reading Map info file : resurr2.txt
18:16:40	Reading Map info file : WorldMap.txt
18:16:40	Reading Map info file : evento13.txt
18:16:40	Reading Map info file : evento14.txt
18:46:25	(!) Reading Rank settings...
18:46:25	(!) Reading QuestList settings data...
18:46:25	(!) Reading trade ek data...
18:46:25	(!) Reading trade contrib data...
18:46:25	(!) Reading trade coin data...
18:46:25	(!) Reading trade majestics data...
18:46:25	INITIALIZING GAME SERVER...
18:46:25	Reading configuration file...
18:46:25	Adding maps
18:46:29	Reading TeleportList.cfg...
18:46:29	TELEPORT-LIST(Total:75) configuration - success!
18:46:29	Reading configuration file...
18:46:29	Reading configuration file...
18:46:29	Reading NOTICEMENT configuration file...
18:46:29	Noticement Data Size: 1586
18:46:29	Reading ITEM configuration file...
18:46:29	ITEM(Total:4986) configuration - success!
18:46:29	Reading ITEM configuration file...
18:46:29	ITEM(Total:3761) configuration - success!
18:46:29	Reading ITEM configuration file...
18:46:29	ITEM(Total:3055) configuration - success!
18:46:29	Reading MAGIC configuration file...
18:46:29	MAGIC(Total:99) configuration - success!
18:46:29	Reading PORTION configuration file...
18:46:29	POTION(Total:19) configuration - success!
18:46:29	CRAFTING(Total:25) configuration - success!
18:46:29	Reading BUILD-ITEM configuration file...
18:46:29	BuildItem(Total:45) configuration - success!
18:46:29	Reading SKILL configuration file...
18:46:29	SKILL(Total:23) configuration - success!
18:46:29	Reading QUEST configuration file...
18:46:29	QUEST(Total:40) configuration - success!
18:46:29	Reading NPC configuration file...
18:46:29	NPC(Total:165) configuration - success!
18:46:29	Reading IP Banned List file...
18:46:29	Reading Map info file : gshop_1.txt
18:46:29	Reading Map info file : cityhall_1.txt
18:46:29	Reading Map info file : bsmith_1.txt
18:46:29	Reading Map info file : wrhus_1.txt
18:46:29	Reading Map info file : wzdtwr_1.txt
18:46:29	Reading Map info file : arejail.txt
18:46:29	Reading Map info file : arewrhus.txt
18:46:29	Reading Map info file : aresden.txt
18:46:29	Reading Map info file : areuni.txt
18:46:29	Reading Map info file : gshop_2.txt
18:46:29	Reading Map info file : cityhall_2.txt
18:46:29	Reading Map info file : wrhus_2.txt
18:46:29	Reading Map info file : wzdtwr_2.txt
18:46:29	Reading Map info file : bsmith_2.txt
18:46:29	Reading Map info file : elvjail.txt
18:46:29	Reading Map info file : elvwrhus.txt
18:46:29	Reading Map info file : elvine.txt
18:46:29	Reading Map info file : elvuni.txt
18:46:29	Reading Map info file : BtField.txt
18:46:29	Reading Map info file : Extreme.txt
18:46:29	Reading Map info file : ArGEvent.txt
18:46:29	Reading Map info file : bisle.txt
18:46:29	Reading Map info file : VipMap1.txt
18:46:29	Reading Map info file : masacre.txt
18:46:29	Reading Map info file : MapaVip.txt
18:46:29	Reading Map info file : procella.txt
18:46:29	Reading Map info file : middleland.txt
18:46:29	Reading Map info file : Whouse.txt
18:46:29	Reading Map info file : icebound.txt
18:46:29	Reading Map info file : middled1n.txt
18:46:29	Reading Map info file : 2ndmiddle.txt
18:46:29	Reading Map info file : abaddon.txt
18:46:29	Reading Map info file : default.txt
18:46:29	Reading Map info file : fightzone1.txt
18:46:29	Reading Map info file : fightzone2.txt
18:46:29	Reading Map info file : fightzone3.txt
18:46:29	Reading Map info file : fightzone4.txt
18:46:29	Reading Map info file : fightzone5.txt
18:46:29	Reading Map info file : fightzone6.txt
18:46:29	Reading Map info file : fightzone7.txt
18:46:29	Reading Map info file : fightzone8.txt
18:46:29	Reading Map info file : fightzone9.txt
18:46:29	Reading Map info file : ESAresden.txt
18:46:29	Reading Map info file : ESAssasain.txt
18:46:29	Reading Map info file : ESElvine.txt
18:46:29	Reading Map info file : avaevent.txt
18:46:29	Reading Map info file : EventDk.txt
18:46:29	Reading Map info file : Counter.txt
18:46:29	Reading Map info file : NewEvent.txt
18:46:29	Reading Map info file : TowerMap.txt
18:46:29	Reading Map info file : EventMap.txt
18:46:29	Reading Map info file : market.txt
18:46:29	Reading Map info file : towerofh.txt
18:46:29	Reading Map info file : FightMap.txt
18:46:29	Reading Map info file : huntzone1.txt
18:46:29	Reading Map info file : huntzone2.txt
18:46:29	Reading Map info file : huntzone3.txt
18:46:29	Reading Map info file : huntzone4.txt
18:46:29	Reading Map info file : middled1x.txt
18:46:29	Reading Map info file : MBarracks.txt
18:46:29	Reading Map info file : resurr1.txt
18:46:29	Reading Map info file : resurr2.txt
18:46:29	Reading Map info file : WorldMap.txt
18:46:29	Reading Map info file : evento13.txt
18:46:29	Reading Map info file : evento14.txt
18:50:24	(!) Reading Rank settings...
18:50:24	(!) Reading QuestList settings data...
18:50:24	(!) Reading trade ek data...
18:50:24	(!) Reading trade contrib data...
18:50:24	(!) Reading trade coin data...
18:50:24	(!) Reading trade majestics data...
18:50:24	INITIALIZING GAME SERVER...
18:50:24	Reading configuration file...
18:50:24	Adding maps
18:50:27	Reading TeleportList.cfg...
18:50:27	TELEPORT-LIST(Total:75) configuration - success!
18:50:27	Reading configuration file...
18:50:27	Reading configuration file...
18:50:27	Reading NOTICEMENT configuration file...
18:50:27	Noticement Data Size: 1586
18:50:27	Reading ITEM configuration file...
18:50:27	ITEM(Total:4986) configuration - success!
18:50:27	Reading ITEM configuration file...
18:50:27	ITEM(Total:3761) configuration - success!
18:50:27	Reading ITEM configuration file...
18:50:27	ITEM(Total:3055) configuration - success!
18:50:27	Reading MAGIC configuration file...
18:50:27	MAGIC(Total:99) configuration - success!
18:50:27	Reading PORTION configuration file...
18:50:27	POTION(Total:19) configuration - success!
18:50:27	CRAFTING(Total:25) configuration - success!
18:50:27	Reading BUILD-ITEM configuration file...
18:50:27	BuildItem(Total:45) configuration - success!
18:50:27	Reading SKILL configuration file...
18:50:27	SKILL(Total:23) configuration - success!
18:50:27	Reading QUEST configuration file...
18:50:27	QUEST(Total:40) configuration - success!
18:50:27	Reading NPC configuration file...
18:50:27	NPC(Total:165) configuration - success!
18:50:27	Reading IP Banned List file...
18:50:27	Reading Map info file : gshop_1.txt
18:50:27	Reading Map info file : cityhall_1.txt
18:50:27	Reading Map info file : bsmith_1.txt
18:50:27	Reading Map info file : wrhus_1.txt
18:50:27	Reading Map info file : wzdtwr_1.txt
18:50:27	Reading Map info file : arejail.txt
18:50:27	Reading Map info file : arewrhus.txt
18:50:27	Reading Map info file : aresden.txt
18:50:27	Reading Map info file : areuni.txt
18:50:27	Reading Map info file : gshop_2.txt
18:50:27	Reading Map info file : cityhall_2.txt
18:50:27	Reading Map info file : wrhus_2.txt
18:50:27	Reading Map info file : wzdtwr_2.txt
18:50:27	Reading Map info file : bsmith_2.txt
18:50:27	Reading Map info file : elvjail.txt
18:50:27	Reading Map info file : elvwrhus.txt
18:50:27	Reading Map info file : elvine.txt
18:50:27	Reading Map info file : elvuni.txt
18:50:27	Reading Map info file : BtField.txt
18:50:27	Reading Map info file : Extreme.txt
18:50:27	Reading Map info file : ArGEvent.txt
18:50:27	Reading Map info file : bisle.txt
18:50:27	Reading Map info file : VipMap1.txt
18:50:27	Reading Map info file : masacre.txt
18:50:27	Reading Map info file : MapaVip.txt
18:50:27	Reading Map info file : procella.txt
18:50:27	Reading Map info file : middleland.txt
18:50:27	Reading Map info file : Whouse.txt
18:50:27	Reading Map info file : icebound.txt
18:50:27	Reading Map info file : middled1n.txt
18:50:27	Reading Map info file : 2ndmiddle.txt
18:50:27	Reading Map info file : abaddon.txt
18:50:27	Reading Map info file : default.txt
18:50:27	Reading Map info file : fightzone1.txt
18:50:27	Reading Map info file : fightzone2.txt
18:50:27	Reading Map info file : fightzone3.txt
18:50:27	Reading Map info file : fightzone4.txt
18:50:27	Reading Map info file : fightzone5.txt
18:50:27	Reading Map info file : fightzone6.txt
18:50:27	Reading Map info file : fightzone7.txt
18:50:27	Reading Map info file : fightzone8.txt
18:50:27	Reading Map info file : fightzone9.txt
18:50:27	Reading Map info file : ESAresden.txt
18:50:27	Reading Map info file : ESAssasain.txt
18:50:27	Reading Map info file : ESElvine.txt
18:50:27	Reading Map info file : avaevent.txt
18:50:27	Reading Map info file : EventDk.txt
18:50:27	Reading Map info file : Counter.txt
18:50:27	Reading Map info file : NewEvent.txt
18:50:27	Reading Map info file : TowerMap.txt
18:50:27	Reading Map info file : EventMap.txt
18:50:27	Reading Map info file : market.txt
18:50:27	Reading Map info file : towerofh.txt
18:50:27	Reading Map info file : FightMap.txt
18:50:27	Reading Map info file : huntzone1.txt
18:50:27	Reading Map info file : huntzone2.txt
18:50:27	Reading Map info file : huntzone3.txt
18:50:27	Reading Map info file : huntzone4.txt
18:50:27	Reading Map info file : middled1x.txt
18:50:27	Reading Map info file : MBarracks.txt
18:50:27	Reading Map info file : resurr1.txt
18:50:27	Reading Map info file : resurr2.txt
18:50:27	Reading Map info file : WorldMap.txt
18:50:27	Reading Map info file : evento13.txt
18:50:27	Reading Map info file : evento14.txt
18:53:24	(!) Reading Rank settings...
18:53:24	(!) Reading QuestList settings data...
18:53:24	(!) Reading trade ek data...
18:53:24	(!) Reading trade contrib data...
18:53:24	(!) Reading trade coin data...
18:53:24	(!) Reading trade majestics data...
18:53:24	INITIALIZING GAME SERVER...
18:53:24	Reading configuration file...
18:53:24	Adding maps
18:53:27	Reading TeleportList.cfg...
18:53:27	TELEPORT-LIST(Total:75) configuration - success!
18:53:27	Reading configuration file...
18:53:27	Reading configuration file...
18:53:27	Reading NOTICEMENT configuration file...
18:53:27	Noticement Data Size: 1586
18:53:27	Reading ITEM configuration file...
18:53:27	ITEM(Total:4986) configuration - success!
18:53:27	Reading ITEM configuration file...
18:53:27	ITEM(Total:3761) configuration - success!
18:53:27	Reading ITEM configuration file...
18:53:27	ITEM(Total:3055) configuration - success!
18:53:27	Reading MAGIC configuration file...
18:53:27	MAGIC(Total:99) configuration - success!
18:53:27	Reading PORTION configuration file...
18:53:27	POTION(Total:19) configuration - success!
18:53:27	CRAFTING(Total:25) configuration - success!
18:53:27	Reading BUILD-ITEM configuration file...
18:53:27	BuildItem(Total:45) configuration - success!
18:53:27	Reading SKILL configuration file...
18:53:27	SKILL(Total:23) configuration - success!
18:53:27	Reading QUEST configuration file...
18:53:27	QUEST(Total:40) configuration - success!
18:53:27	Reading NPC configuration file...
18:53:27	NPC(Total:165) configuration - success!
18:53:27	Reading IP Banned List file...
18:53:27	Reading Map info file : gshop_1.txt
18:53:27	Reading Map info file : cityhall_1.txt
18:53:27	Reading Map info file : bsmith_1.txt
18:53:27	Reading Map info file : wrhus_1.txt
18:53:27	Reading Map info file : wzdtwr_1.txt
18:53:27	Reading Map info file : arejail.txt
18:53:27	Reading Map info file : arewrhus.txt
18:53:27	Reading Map info file : aresden.txt
18:53:27	Reading Map info file : areuni.txt
18:53:27	Reading Map info file : gshop_2.txt
18:53:27	Reading Map info file : cityhall_2.txt
18:53:27	Reading Map info file : wrhus_2.txt
18:53:27	Reading Map info file : wzdtwr_2.txt
18:53:27	Reading Map info file : bsmith_2.txt
18:53:27	Reading Map info file : elvjail.txt
18:53:27	Reading Map info file : elvwrhus.txt
18:53:27	Reading Map info file : elvine.txt
18:53:27	Reading Map info file : elvuni.txt
18:53:27	Reading Map info file : BtField.txt
18:53:27	Reading Map info file : Extreme.txt
18:53:27	Reading Map info file : ArGEvent.txt
18:53:27	Reading Map info file : bisle.txt
18:53:27	Reading Map info file : VipMap1.txt
18:53:27	Reading Map info file : masacre.txt
18:53:27	Reading Map info file : MapaVip.txt
18:53:27	Reading Map info file : procella.txt
18:53:27	Reading Map info file : middleland.txt
18:53:27	Reading Map info file : Whouse.txt
18:53:27	Reading Map info file : icebound.txt
18:53:27	Reading Map info file : middled1n.txt
18:53:27	Reading Map info file : 2ndmiddle.txt
18:53:27	Reading Map info file : abaddon.txt
18:53:27	Reading Map info file : default.txt
18:53:27	Reading Map info file : fightzone1.txt
18:53:27	Reading Map info file : fightzone2.txt
18:53:27	Reading Map info file : fightzone3.txt
18:53:27	Reading Map info file : fightzone4.txt
18:53:27	Reading Map info file : fightzone5.txt
18:53:27	Reading Map info file : fightzone6.txt
18:53:27	Reading Map info file : fightzone7.txt
18:53:27	Reading Map info file : fightzone8.txt
18:53:27	Reading Map info file : fightzone9.txt
18:53:27	Reading Map info file : ESAresden.txt
18:53:27	Reading Map info file : ESAssasain.txt
18:53:27	Reading Map info file : ESElvine.txt
18:53:27	Reading Map info file : avaevent.txt
18:53:27	Reading Map info file : EventDk.txt
18:53:27	Reading Map info file : Counter.txt
18:53:27	Reading Map info file : NewEvent.txt
18:53:27	Reading Map info file : TowerMap.txt
18:53:27	Reading Map info file : EventMap.txt
18:53:27	Reading Map info file : market.txt
18:53:27	Reading Map info file : towerofh.txt
18:53:27	Reading Map info file : FightMap.txt
18:53:27	Reading Map info file : huntzone1.txt
18:53:27	Reading Map info file : huntzone2.txt
18:53:27	Reading Map info file : huntzone3.txt
18:53:27	Reading Map info file : huntzone4.txt
18:53:27	Reading Map info file : middled1x.txt
18:53:27	Reading Map info file : MBarracks.txt
18:53:27	Reading Map info file : resurr1.txt
18:53:27	Reading Map info file : resurr2.txt
18:53:27	Reading Map info file : WorldMap.txt
18:53:27	Reading Map info file : evento13.txt
18:53:27	Reading Map info file : evento14.txt
18:57:55	(!) Reading Rank settings...
18:57:55	(!) Reading QuestList settings data...
18:57:55	(!) Reading trade ek data...
18:57:55	(!) Reading trade contrib data...
18:57:55	(!) Reading trade coin data...
18:57:55	(!) Reading trade majestics data...
18:57:55	INITIALIZING GAME SERVER...
18:57:55	Reading configuration file...
18:57:55	Adding maps
18:57:59	Reading TeleportList.cfg...
18:57:59	TELEPORT-LIST(Total:75) configuration - success!
18:57:59	Reading configuration file...
18:57:59	Reading configuration file...
18:57:59	Reading NOTICEMENT configuration file...
18:57:59	Noticement Data Size: 1586
18:57:59	Reading ITEM configuration file...
18:57:59	ITEM(Total:4986) configuration - success!
18:57:59	Reading ITEM configuration file...
18:57:59	ITEM(Total:3761) configuration - success!
18:57:59	Reading ITEM configuration file...
18:57:59	ITEM(Total:3055) configuration - success!
18:57:59	Reading MAGIC configuration file...
18:57:59	MAGIC(Total:99) configuration - success!
18:57:59	Reading PORTION configuration file...
18:57:59	POTION(Total:19) configuration - success!
18:57:59	CRAFTING(Total:25) configuration - success!
18:57:59	Reading BUILD-ITEM configuration file...
18:57:59	BuildItem(Total:45) configuration - success!
18:57:59	Reading SKILL configuration file...
18:57:59	SKILL(Total:23) configuration - success!
18:57:59	Reading QUEST configuration file...
18:57:59	QUEST(Total:40) configuration - success!
18:57:59	Reading NPC configuration file...
18:57:59	NPC(Total:165) configuration - success!
18:57:59	Reading IP Banned List file...
18:57:59	Reading Map info file : gshop_1.txt
18:57:59	Reading Map info file : cityhall_1.txt
18:57:59	Reading Map info file : bsmith_1.txt
18:57:59	Reading Map info file : wrhus_1.txt
18:57:59	Reading Map info file : wzdtwr_1.txt
18:57:59	Reading Map info file : arejail.txt
18:57:59	Reading Map info file : arewrhus.txt
18:57:59	Reading Map info file : aresden.txt
18:57:59	Reading Map info file : areuni.txt
18:57:59	Reading Map info file : gshop_2.txt
18:57:59	Reading Map info file : cityhall_2.txt
18:57:59	Reading Map info file : wrhus_2.txt
18:57:59	Reading Map info file : wzdtwr_2.txt
18:57:59	Reading Map info file : bsmith_2.txt
18:57:59	Reading Map info file : elvjail.txt
18:57:59	Reading Map info file : elvwrhus.txt
18:57:59	Reading Map info file : elvine.txt
18:57:59	Reading Map info file : elvuni.txt
18:57:59	Reading Map info file : BtField.txt
18:57:59	Reading Map info file : Extreme.txt
18:57:59	Reading Map info file : ArGEvent.txt
18:57:59	Reading Map info file : bisle.txt
18:57:59	Reading Map info file : VipMap1.txt
18:57:59	Reading Map info file : masacre.txt
18:57:59	Reading Map info file : MapaVip.txt
18:57:59	Reading Map info file : procella.txt
18:57:59	Reading Map info file : middleland.txt
18:57:59	Reading Map info file : Whouse.txt
18:57:59	Reading Map info file : icebound.txt
18:57:59	Reading Map info file : middled1n.txt
18:57:59	Reading Map info file : 2ndmiddle.txt
18:57:59	Reading Map info file : abaddon.txt
18:57:59	Reading Map info file : default.txt
18:57:59	Reading Map info file : fightzone1.txt
18:57:59	Reading Map info file : fightzone2.txt
18:57:59	Reading Map info file : fightzone3.txt
18:57:59	Reading Map info file : fightzone4.txt
18:57:59	Reading Map info file : fightzone5.txt
18:57:59	Reading Map info file : fightzone6.txt
18:57:59	Reading Map info file : fightzone7.txt
18:57:59	Reading Map info file : fightzone8.txt
18:57:59	Reading Map info file : fightzone9.txt
18:57:59	Reading Map info file : ESAresden.txt
18:57:59	Reading Map info file : ESAssasain.txt
18:57:59	Reading Map info file : ESElvine.txt
18:57:59	Reading Map info file : avaevent.txt
18:57:59	Reading Map info file : EventDk.txt
18:57:59	Reading Map info file : Counter.txt
18:57:59	Reading Map info file : NewEvent.txt
18:57:59	Reading Map info file : TowerMap.txt
18:57:59	Reading Map info file : EventMap.txt
18:57:59	Reading Map info file : market.txt
18:57:59	Reading Map info file : towerofh.txt
18:57:59	Reading Map info file : FightMap.txt
18:57:59	Reading Map info file : huntzone1.txt
18:57:59	Reading Map info file : huntzone2.txt
18:57:59	Reading Map info file : huntzone3.txt
18:57:59	Reading Map info file : huntzone4.txt
18:57:59	Reading Map info file : middled1x.txt
18:57:59	Reading Map info file : MBarracks.txt
18:57:59	Reading Map info file : resurr1.txt
18:57:59	Reading Map info file : resurr2.txt
18:57:59	Reading Map info file : WorldMap.txt
18:57:59	Reading Map info file : evento13.txt
18:57:59	Reading Map info file : evento14.txt
19:07:26	(!) Reading Rank settings...
19:07:26	(!) Reading QuestList settings data...
19:07:26	(!) Reading trade ek data...
19:07:26	(!) Reading trade contrib data...
19:07:26	(!) Reading trade coin data...
19:07:26	(!) Reading trade majestics data...
19:07:26	INITIALIZING GAME SERVER...
19:07:26	Reading configuration file...
19:07:26	Adding maps
19:07:29	Reading TeleportList.cfg...
19:07:29	TELEPORT-LIST(Total:75) configuration - success!
19:07:29	Reading configuration file...
19:07:29	Reading configuration file...
19:07:29	Reading NOTICEMENT configuration file...
19:07:29	Noticement Data Size: 1586
19:07:29	Reading ITEM configuration file...
19:07:29	ITEM(Total:4986) configuration - success!
19:07:29	Reading ITEM configuration file...
19:07:29	ITEM(Total:3761) configuration - success!
19:07:29	Reading ITEM configuration file...
19:07:29	ITEM(Total:3055) configuration - success!
19:07:29	Reading MAGIC configuration file...
19:07:29	MAGIC(Total:99) configuration - success!
19:07:29	Reading PORTION configuration file...
19:07:29	POTION(Total:19) configuration - success!
19:07:29	CRAFTING(Total:25) configuration - success!
19:07:29	Reading BUILD-ITEM configuration file...
19:07:29	BuildItem(Total:45) configuration - success!
19:07:29	Reading SKILL configuration file...
19:07:29	SKILL(Total:23) configuration - success!
19:07:29	Reading QUEST configuration file...
19:07:29	QUEST(Total:40) configuration - success!
19:07:29	Reading NPC configuration file...
19:07:29	NPC(Total:165) configuration - success!
19:07:29	Reading IP Banned List file...
19:07:29	Reading Map info file : gshop_1.txt
19:07:29	Reading Map info file : cityhall_1.txt
19:07:29	Reading Map info file : bsmith_1.txt
19:07:29	Reading Map info file : wrhus_1.txt
19:07:29	Reading Map info file : wzdtwr_1.txt
19:07:29	Reading Map info file : arejail.txt
19:07:29	Reading Map info file : arewrhus.txt
19:07:29	Reading Map info file : aresden.txt
19:07:29	Reading Map info file : areuni.txt
19:07:29	Reading Map info file : gshop_2.txt
19:07:29	Reading Map info file : cityhall_2.txt
19:07:29	Reading Map info file : wrhus_2.txt
19:07:29	Reading Map info file : wzdtwr_2.txt
19:07:29	Reading Map info file : bsmith_2.txt
19:07:29	Reading Map info file : elvjail.txt
19:07:29	Reading Map info file : elvwrhus.txt
19:07:29	Reading Map info file : elvine.txt
19:07:29	Reading Map info file : elvuni.txt
19:07:29	Reading Map info file : BtField.txt
19:07:29	Reading Map info file : Extreme.txt
19:07:29	Reading Map info file : ArGEvent.txt
19:07:29	Reading Map info file : bisle.txt
19:07:29	Reading Map info file : VipMap1.txt
19:07:29	Reading Map info file : masacre.txt
19:07:29	Reading Map info file : MapaVip.txt
19:07:29	Reading Map info file : procella.txt
19:07:29	Reading Map info file : middleland.txt
19:07:29	Reading Map info file : Whouse.txt
19:07:29	Reading Map info file : icebound.txt
19:07:29	Reading Map info file : middled1n.txt
19:07:29	Reading Map info file : 2ndmiddle.txt
19:07:29	Reading Map info file : abaddon.txt
19:07:29	Reading Map info file : default.txt
19:07:29	Reading Map info file : fightzone1.txt
19:07:29	Reading Map info file : fightzone2.txt
19:07:29	Reading Map info file : fightzone3.txt
19:07:29	Reading Map info file : fightzone4.txt
19:07:29	Reading Map info file : fightzone5.txt
19:07:29	Reading Map info file : fightzone6.txt
19:07:29	Reading Map info file : fightzone7.txt
19:07:29	Reading Map info file : fightzone8.txt
19:07:29	Reading Map info file : fightzone9.txt
19:07:29	Reading Map info file : ESAresden.txt
19:07:29	Reading Map info file : ESAssasain.txt
19:07:29	Reading Map info file : ESElvine.txt
19:07:29	Reading Map info file : avaevent.txt
19:07:29	Reading Map info file : EventDk.txt
19:07:29	Reading Map info file : Counter.txt
19:07:29	Reading Map info file : NewEvent.txt
19:07:29	Reading Map info file : TowerMap.txt
19:07:29	Reading Map info file : EventMap.txt
19:07:29	Reading Map info file : market.txt
19:07:29	Reading Map info file : towerofh.txt
19:07:29	Reading Map info file : FightMap.txt
19:07:29	Reading Map info file : huntzone1.txt
19:07:29	Reading Map info file : huntzone2.txt
19:07:29	Reading Map info file : huntzone3.txt
19:07:29	Reading Map info file : huntzone4.txt
19:07:29	Reading Map info file : middled1x.txt
19:07:29	Reading Map info file : MBarracks.txt
19:07:29	Reading Map info file : resurr1.txt
19:07:29	Reading Map info file : resurr2.txt
19:07:29	Reading Map info file : WorldMap.txt
19:07:29	Reading Map info file : evento13.txt
19:07:29	Reading Map info file : evento14.txt
19:22:32	(!) Reading Rank settings...
19:22:32	(!) Reading QuestList settings data...
19:22:32	(!) Reading trade ek data...
19:22:33	(!) Reading trade contrib data...
19:22:33	(!) Reading trade coin data...
19:22:33	(!) Reading trade majestics data...
19:22:33	INITIALIZING GAME SERVER...
19:22:33	Reading configuration file...
19:22:33	Adding maps
19:22:36	Reading TeleportList.cfg...
19:22:36	TELEPORT-LIST(Total:75) configuration - success!
19:22:36	Reading configuration file...
19:22:36	Reading configuration file...
19:22:36	Reading NOTICEMENT configuration file...
19:22:36	Noticement Data Size: 1586
19:22:36	Reading ITEM configuration file...
19:22:36	ITEM(Total:4986) configuration - success!
19:22:36	Reading ITEM configuration file...
19:22:36	ITEM(Total:3761) configuration - success!
19:22:36	Reading ITEM configuration file...
19:22:36	ITEM(Total:3055) configuration - success!
19:22:36	Reading MAGIC configuration file...
19:22:36	MAGIC(Total:99) configuration - success!
19:22:36	Reading PORTION configuration file...
19:22:36	POTION(Total:19) configuration - success!
19:22:36	CRAFTING(Total:25) configuration - success!
19:22:36	Reading BUILD-ITEM configuration file...
19:22:36	BuildItem(Total:45) configuration - success!
19:22:36	Reading SKILL configuration file...
19:22:36	SKILL(Total:23) configuration - success!
19:22:36	Reading QUEST configuration file...
19:22:36	QUEST(Total:40) configuration - success!
19:22:36	Reading NPC configuration file...
19:22:36	NPC(Total:165) configuration - success!
19:22:36	Reading IP Banned List file...
19:22:36	Reading Map info file : gshop_1.txt
19:22:36	Reading Map info file : cityhall_1.txt
19:22:36	Reading Map info file : bsmith_1.txt
19:22:36	Reading Map info file : wrhus_1.txt
19:22:36	Reading Map info file : wzdtwr_1.txt
19:22:36	Reading Map info file : arejail.txt
19:22:36	Reading Map info file : arewrhus.txt
19:22:36	Reading Map info file : aresden.txt
19:22:36	Reading Map info file : areuni.txt
19:22:36	Reading Map info file : gshop_2.txt
19:22:36	Reading Map info file : cityhall_2.txt
19:22:36	Reading Map info file : wrhus_2.txt
19:22:36	Reading Map info file : wzdtwr_2.txt
19:22:36	Reading Map info file : bsmith_2.txt
19:22:36	Reading Map info file : elvjail.txt
19:22:36	Reading Map info file : elvwrhus.txt
19:22:36	Reading Map info file : elvine.txt
19:22:36	Reading Map info file : elvuni.txt
19:22:36	Reading Map info file : BtField.txt
19:22:36	Reading Map info file : Extreme.txt
19:22:36	Reading Map info file : ArGEvent.txt
19:22:36	Reading Map info file : bisle.txt
19:22:36	Reading Map info file : VipMap1.txt
19:22:36	Reading Map info file : masacre.txt
19:22:36	Reading Map info file : MapaVip.txt
19:22:36	Reading Map info file : procella.txt
19:22:36	Reading Map info file : middleland.txt
19:22:36	Reading Map info file : Whouse.txt
19:22:36	Reading Map info file : icebound.txt
19:22:36	Reading Map info file : middled1n.txt
19:22:36	Reading Map info file : 2ndmiddle.txt
19:22:36	Reading Map info file : abaddon.txt
19:22:36	Reading Map info file : default.txt
19:22:36	Reading Map info file : fightzone1.txt
19:22:36	Reading Map info file : fightzone2.txt
19:22:36	Reading Map info file : fightzone3.txt
19:22:36	Reading Map info file : fightzone4.txt
19:22:36	Reading Map info file : fightzone5.txt
19:22:36	Reading Map info file : fightzone6.txt
19:22:36	Reading Map info file : fightzone7.txt
19:22:36	Reading Map info file : fightzone8.txt
19:22:36	Reading Map info file : fightzone9.txt
19:22:36	Reading Map info file : ESAresden.txt
19:22:36	Reading Map info file : ESAssasain.txt
19:22:36	Reading Map info file : ESElvine.txt
19:22:36	Reading Map info file : avaevent.txt
19:22:36	Reading Map info file : EventDk.txt
19:22:36	Reading Map info file : Counter.txt
19:22:36	Reading Map info file : NewEvent.txt
19:22:36	Reading Map info file : TowerMap.txt
19:22:36	Reading Map info file : EventMap.txt
19:22:36	Reading Map info file : market.txt
19:22:36	Reading Map info file : towerofh.txt
19:22:36	Reading Map info file : FightMap.txt
19:22:36	Reading Map info file : huntzone1.txt
19:22:36	Reading Map info file : huntzone2.txt
19:22:36	Reading Map info file : huntzone3.txt
19:22:36	Reading Map info file : huntzone4.txt
19:22:36	Reading Map info file : middled1x.txt
19:22:36	Reading Map info file : MBarracks.txt
19:22:36	Reading Map info file : resurr1.txt
19:22:36	Reading Map info file : resurr2.txt
19:22:36	Reading Map info file : WorldMap.txt
19:22:36	Reading Map info file : evento13.txt
19:22:36	Reading Map info file : evento14.txt
19:26:45	(!) Reading Rank settings...
19:26:45	(!) Reading QuestList settings data...
19:26:45	(!) Reading trade ek data...
19:26:45	(!) Reading trade contrib data...
19:26:45	(!) Reading trade coin data...
19:26:45	(!) Reading trade majestics data...
19:26:45	INITIALIZING GAME SERVER...
19:26:45	Reading configuration file...
19:26:45	Adding maps
19:26:49	Reading TeleportList.cfg...
19:26:49	TELEPORT-LIST(Total:75) configuration - success!
19:26:49	Reading configuration file...
19:26:49	Reading configuration file...
19:26:49	Reading NOTICEMENT configuration file...
19:26:49	Noticement Data Size: 1586
19:26:49	Reading ITEM configuration file...
19:26:49	ITEM(Total:4986) configuration - success!
19:26:49	Reading ITEM configuration file...
19:26:49	ITEM(Total:3761) configuration - success!
19:26:49	Reading ITEM configuration file...
19:26:49	ITEM(Total:3055) configuration - success!
19:26:49	Reading MAGIC configuration file...
19:26:49	MAGIC(Total:99) configuration - success!
19:26:49	Reading PORTION configuration file...
19:26:49	POTION(Total:19) configuration - success!
19:26:49	CRAFTING(Total:25) configuration - success!
19:26:49	Reading BUILD-ITEM configuration file...
19:26:49	BuildItem(Total:45) configuration - success!
19:26:49	Reading SKILL configuration file...
19:26:49	SKILL(Total:23) configuration - success!
19:26:49	Reading QUEST configuration file...
19:26:49	QUEST(Total:40) configuration - success!
19:26:49	Reading NPC configuration file...
19:26:49	NPC(Total:165) configuration - success!
19:26:49	Reading IP Banned List file...
19:26:49	Reading Map info file : gshop_1.txt
19:26:49	Reading Map info file : cityhall_1.txt
19:26:49	Reading Map info file : bsmith_1.txt
19:26:49	Reading Map info file : wrhus_1.txt
19:26:49	Reading Map info file : wzdtwr_1.txt
19:26:49	Reading Map info file : arejail.txt
19:26:49	Reading Map info file : arewrhus.txt
19:26:49	Reading Map info file : aresden.txt
19:26:49	Reading Map info file : areuni.txt
19:26:49	Reading Map info file : gshop_2.txt
19:26:49	Reading Map info file : cityhall_2.txt
19:26:49	Reading Map info file : wrhus_2.txt
19:26:49	Reading Map info file : wzdtwr_2.txt
19:26:49	Reading Map info file : bsmith_2.txt
19:26:49	Reading Map info file : elvjail.txt
19:26:49	Reading Map info file : elvwrhus.txt
19:26:49	Reading Map info file : elvine.txt
19:26:49	Reading Map info file : elvuni.txt
19:26:49	Reading Map info file : BtField.txt
19:26:49	Reading Map info file : Extreme.txt
19:26:49	Reading Map info file : ArGEvent.txt
19:26:49	Reading Map info file : bisle.txt
19:26:49	Reading Map info file : VipMap1.txt
19:26:49	Reading Map info file : masacre.txt
19:26:49	Reading Map info file : MapaVip.txt
19:26:49	Reading Map info file : procella.txt
19:26:49	Reading Map info file : middleland.txt
19:26:49	Reading Map info file : Whouse.txt
19:26:49	Reading Map info file : icebound.txt
19:26:49	Reading Map info file : middled1n.txt
19:26:49	Reading Map info file : 2ndmiddle.txt
19:26:49	Reading Map info file : abaddon.txt
19:26:49	Reading Map info file : default.txt
19:26:49	Reading Map info file : fightzone1.txt
19:26:49	Reading Map info file : fightzone2.txt
19:26:49	Reading Map info file : fightzone3.txt
19:26:49	Reading Map info file : fightzone4.txt
19:26:49	Reading Map info file : fightzone5.txt
19:26:49	Reading Map info file : fightzone6.txt
19:26:49	Reading Map info file : fightzone7.txt
19:26:49	Reading Map info file : fightzone8.txt
19:26:49	Reading Map info file : fightzone9.txt
19:26:49	Reading Map info file : ESAresden.txt
19:26:49	Reading Map info file : ESAssasain.txt
19:26:49	Reading Map info file : ESElvine.txt
19:26:49	Reading Map info file : avaevent.txt
19:26:49	Reading Map info file : EventDk.txt
19:26:49	Reading Map info file : Counter.txt
19:26:49	Reading Map info file : NewEvent.txt
19:26:49	Reading Map info file : TowerMap.txt
19:26:49	Reading Map info file : EventMap.txt
19:26:49	Reading Map info file : market.txt
19:26:49	Reading Map info file : towerofh.txt
19:26:49	Reading Map info file : FightMap.txt
19:26:49	Reading Map info file : huntzone1.txt
19:26:49	Reading Map info file : huntzone2.txt
19:26:49	Reading Map info file : huntzone3.txt
19:26:49	Reading Map info file : huntzone4.txt
19:26:49	Reading Map info file : middled1x.txt
19:26:49	Reading Map info file : MBarracks.txt
19:26:49	Reading Map info file : resurr1.txt
19:26:49	Reading Map info file : resurr2.txt
19:26:49	Reading Map info file : WorldMap.txt
19:26:49	Reading Map info file : evento13.txt
19:26:49	Reading Map info file : evento14.txt
19:29:01	(!) Reading Rank settings...
19:29:01	(!) Reading QuestList settings data...
19:29:01	(!) Reading trade ek data...
19:29:01	(!) Reading trade contrib data...
19:29:01	(!) Reading trade coin data...
19:29:01	(!) Reading trade majestics data...
19:29:01	INITIALIZING GAME SERVER...
19:29:01	Reading configuration file...
19:29:01	Adding maps
19:29:04	Reading TeleportList.cfg...
19:29:04	TELEPORT-LIST(Total:75) configuration - success!
19:29:04	Reading configuration file...
19:29:04	Reading configuration file...
19:29:04	Reading NOTICEMENT configuration file...
19:29:04	Noticement Data Size: 1586
19:29:04	Reading ITEM configuration file...
19:29:04	ITEM(Total:4986) configuration - success!
19:29:04	Reading ITEM configuration file...
19:29:04	ITEM(Total:3761) configuration - success!
19:29:04	Reading ITEM configuration file...
19:29:04	ITEM(Total:3055) configuration - success!
19:29:04	Reading MAGIC configuration file...
19:29:04	MAGIC(Total:99) configuration - success!
19:29:04	Reading PORTION configuration file...
19:29:04	POTION(Total:19) configuration - success!
19:29:04	CRAFTING(Total:25) configuration - success!
19:29:04	Reading BUILD-ITEM configuration file...
19:29:04	BuildItem(Total:45) configuration - success!
19:29:04	Reading SKILL configuration file...
19:29:04	SKILL(Total:23) configuration - success!
19:29:04	Reading QUEST configuration file...
19:29:04	QUEST(Total:40) configuration - success!
19:29:04	Reading NPC configuration file...
19:29:04	NPC(Total:165) configuration - success!
19:29:04	Reading IP Banned List file...
19:29:04	Reading Map info file : gshop_1.txt
19:29:04	Reading Map info file : cityhall_1.txt
19:29:04	Reading Map info file : bsmith_1.txt
19:29:04	Reading Map info file : wrhus_1.txt
19:29:04	Reading Map info file : wzdtwr_1.txt
19:29:04	Reading Map info file : arejail.txt
19:29:04	Reading Map info file : arewrhus.txt
19:29:04	Reading Map info file : aresden.txt
19:29:04	Reading Map info file : areuni.txt
19:29:04	Reading Map info file : gshop_2.txt
19:29:04	Reading Map info file : cityhall_2.txt
19:29:04	Reading Map info file : wrhus_2.txt
19:29:04	Reading Map info file : wzdtwr_2.txt
19:29:04	Reading Map info file : bsmith_2.txt
19:29:04	Reading Map info file : elvjail.txt
19:29:04	Reading Map info file : elvwrhus.txt
19:29:04	Reading Map info file : elvine.txt
19:29:04	Reading Map info file : elvuni.txt
19:29:04	Reading Map info file : BtField.txt
19:29:04	Reading Map info file : Extreme.txt
19:29:04	Reading Map info file : ArGEvent.txt
19:29:04	Reading Map info file : bisle.txt
19:29:04	Reading Map info file : VipMap1.txt
19:29:04	Reading Map info file : masacre.txt
19:29:04	Reading Map info file : MapaVip.txt
19:29:04	Reading Map info file : procella.txt
19:29:04	Reading Map info file : middleland.txt
19:29:04	Reading Map info file : Whouse.txt
19:29:04	Reading Map info file : icebound.txt
19:29:04	Reading Map info file : middled1n.txt
19:29:04	Reading Map info file : 2ndmiddle.txt
19:29:04	Reading Map info file : abaddon.txt
19:29:04	Reading Map info file : default.txt
19:29:04	Reading Map info file : fightzone1.txt
19:29:04	Reading Map info file : fightzone2.txt
19:29:04	Reading Map info file : fightzone3.txt
19:29:04	Reading Map info file : fightzone4.txt
19:29:04	Reading Map info file : fightzone5.txt
19:29:04	Reading Map info file : fightzone6.txt
19:29:04	Reading Map info file : fightzone7.txt
19:29:04	Reading Map info file : fightzone8.txt
19:29:04	Reading Map info file : fightzone9.txt
19:29:04	Reading Map info file : ESAresden.txt
19:29:04	Reading Map info file : ESAssasain.txt
19:29:04	Reading Map info file : ESElvine.txt
19:29:04	Reading Map info file : avaevent.txt
19:29:04	Reading Map info file : EventDk.txt
19:29:04	Reading Map info file : Counter.txt
19:29:04	Reading Map info file : NewEvent.txt
19:29:04	Reading Map info file : TowerMap.txt
19:29:04	Reading Map info file : EventMap.txt
19:29:04	Reading Map info file : market.txt
19:29:04	Reading Map info file : towerofh.txt
19:29:04	Reading Map info file : FightMap.txt
19:29:04	Reading Map info file : huntzone1.txt
19:29:04	Reading Map info file : huntzone2.txt
19:29:04	Reading Map info file : huntzone3.txt
19:29:04	Reading Map info file : huntzone4.txt
19:29:04	Reading Map info file : middled1x.txt
19:29:04	Reading Map info file : MBarracks.txt
19:29:04	Reading Map info file : resurr1.txt
19:29:04	Reading Map info file : resurr2.txt
19:29:04	Reading Map info file : WorldMap.txt
19:29:04	Reading Map info file : evento13.txt
19:29:04	Reading Map info file : evento14.txt
