08:05:39	(!) Reading Rank settings...
08:05:39	(!) Reading QuestList settings data...
08:05:39	(!) Reading trade ek data...
08:05:39	(!) Reading trade contrib data...
08:05:39	(!) Reading trade coin data...
08:05:39	(!) Reading trade majestics data...
08:05:39	INITIALIZING GAME SERVER...
08:05:39	Reading configuration file...
08:05:39	Adding maps
08:05:43	Reading TeleportList.cfg...
08:05:43	TELEPORT-LIST(Total:75) configuration - success!
08:05:43	Reading configuration file...
08:05:43	Reading configuration file...
08:05:43	Reading NOTICEMENT configuration file...
08:05:43	Noticement Data Size: 1586
08:05:43	Reading ITEM configuration file...
08:05:43	ITEM(Total:4986) configuration - success!
08:05:43	Reading ITEM configuration file...
08:05:43	ITEM(Total:3761) configuration - success!
08:05:43	Reading ITEM configuration file...
08:05:43	ITEM(Total:3055) configuration - success!
08:05:43	Reading MAGIC configuration file...
08:05:43	MAGIC(Total:99) configuration - success!
08:05:43	Reading PORTION configuration file...
08:05:43	POTION(Total:19) configuration - success!
08:05:43	CRAFTING(Total:25) configuration - success!
08:05:43	Reading BUILD-ITEM configuration file...
08:05:43	BuildItem(Total:45) configuration - success!
08:05:43	Reading SKILL configuration file...
08:05:43	SKILL(Total:23) configuration - success!
08:05:43	Reading QUEST configuration file...
08:05:43	QUEST(Total:40) configuration - success!
08:05:43	Reading NPC configuration file...
08:05:43	NPC(Total:165) configuration - success!
08:05:43	Reading IP Banned List file...
08:05:43	Reading Map info file : gshop_1.txt
08:05:43	Reading Map info file : cityhall_1.txt
08:05:43	Reading Map info file : bsmith_1.txt
08:05:43	Reading Map info file : wrhus_1.txt
08:05:43	Reading Map info file : wzdtwr_1.txt
08:05:43	Reading Map info file : arejail.txt
08:05:43	Reading Map info file : arewrhus.txt
08:05:43	Reading Map info file : aresden.txt
08:05:43	Reading Map info file : areuni.txt
08:05:43	Reading Map info file : gshop_2.txt
08:05:43	Reading Map info file : cityhall_2.txt
08:05:43	Reading Map info file : wrhus_2.txt
08:05:43	Reading Map info file : wzdtwr_2.txt
08:05:43	Reading Map info file : bsmith_2.txt
08:05:43	Reading Map info file : elvjail.txt
08:05:43	Reading Map info file : elvwrhus.txt
08:05:43	Reading Map info file : elvine.txt
08:05:43	Reading Map info file : elvuni.txt
08:05:43	Reading Map info file : BtField.txt
08:05:43	Reading Map info file : Extreme.txt
08:05:43	Reading Map info file : ArGEvent.txt
08:05:43	Reading Map info file : bisle.txt
08:05:43	Reading Map info file : VipMap1.txt
08:05:43	Reading Map info file : masacre.txt
08:05:43	Reading Map info file : MapaVip.txt
08:05:43	Reading Map info file : procella.txt
08:05:43	Reading Map info file : middleland.txt
08:05:43	Reading Map info file : Whouse.txt
08:05:43	Reading Map info file : icebound.txt
08:05:43	Reading Map info file : middled1n.txt
08:05:43	Reading Map info file : 2ndmiddle.txt
08:05:43	Reading Map info file : abaddon.txt
08:05:43	Reading Map info file : default.txt
08:05:44	Reading Map info file : fightzone1.txt
08:05:44	Reading Map info file : fightzone2.txt
08:05:44	Reading Map info file : fightzone3.txt
08:05:44	Reading Map info file : fightzone4.txt
08:05:44	Reading Map info file : fightzone5.txt
08:05:44	Reading Map info file : fightzone6.txt
08:05:44	Reading Map info file : fightzone7.txt
08:05:44	Reading Map info file : fightzone8.txt
08:05:44	Reading Map info file : fightzone9.txt
08:05:44	Reading Map info file : ESAresden.txt
08:05:44	Reading Map info file : ESAssasain.txt
08:05:44	Reading Map info file : ESElvine.txt
08:05:44	Reading Map info file : avaevent.txt
08:05:44	Reading Map info file : EventDk.txt
08:05:44	Reading Map info file : Counter.txt
08:05:44	Reading Map info file : NewEvent.txt
08:05:44	Reading Map info file : TowerMap.txt
08:05:44	Reading Map info file : EventMap.txt
08:05:44	Reading Map info file : market.txt
08:05:44	Reading Map info file : towerofh.txt
08:05:44	Reading Map info file : FightMap.txt
08:05:44	Reading Map info file : huntzone1.txt
08:05:44	Reading Map info file : huntzone2.txt
08:05:44	Reading Map info file : huntzone3.txt
08:05:44	Reading Map info file : huntzone4.txt
08:05:44	Reading Map info file : middled1x.txt
08:05:44	Reading Map info file : MBarracks.txt
08:05:44	Reading Map info file : resurr1.txt
08:05:44	Reading Map info file : resurr2.txt
08:05:44	Reading Map info file : WorldMap.txt
08:05:44	Reading Map info file : evento13.txt
08:05:44	Reading Map info file : evento14.txt
08:09:39	(!) Reading Rank settings...
08:09:39	(!) Reading QuestList settings data...
08:09:39	(!) Reading trade ek data...
08:09:39	(!) Reading trade contrib data...
08:09:39	(!) Reading trade coin data...
08:09:39	(!) Reading trade majestics data...
08:09:39	INITIALIZING GAME SERVER...
08:09:39	Reading configuration file...
08:09:39	Adding maps
08:09:43	Reading TeleportList.cfg...
08:09:43	TELEPORT-LIST(Total:77) configuration - success!
08:09:43	Reading configuration file...
08:09:43	Reading configuration file...
08:09:43	Reading NOTICEMENT configuration file...
08:09:43	Noticement Data Size: 1586
08:09:43	Reading ITEM configuration file...
08:09:43	ITEM(Total:4986) configuration - success!
08:09:43	Reading ITEM configuration file...
08:09:43	ITEM(Total:3761) configuration - success!
08:09:43	Reading ITEM configuration file...
08:09:43	ITEM(Total:3055) configuration - success!
08:09:43	Reading MAGIC configuration file...
08:09:43	MAGIC(Total:99) configuration - success!
08:09:43	Reading PORTION configuration file...
08:09:43	POTION(Total:19) configuration - success!
08:09:43	CRAFTING(Total:25) configuration - success!
08:09:43	Reading BUILD-ITEM configuration file...
08:09:43	BuildItem(Total:45) configuration - success!
08:09:43	Reading SKILL configuration file...
08:09:43	SKILL(Total:23) configuration - success!
08:09:43	Reading QUEST configuration file...
08:09:43	QUEST(Total:40) configuration - success!
08:09:43	Reading NPC configuration file...
08:09:43	NPC(Total:165) configuration - success!
08:09:43	Reading IP Banned List file...
08:09:43	Reading Map info file : gshop_1.txt
08:09:43	Reading Map info file : cityhall_1.txt
08:09:43	Reading Map info file : bsmith_1.txt
08:09:43	Reading Map info file : wrhus_1.txt
08:09:43	Reading Map info file : wzdtwr_1.txt
08:09:43	Reading Map info file : arejail.txt
08:09:43	Reading Map info file : arewrhus.txt
08:09:43	Reading Map info file : aresden.txt
08:09:43	Reading Map info file : areuni.txt
08:09:43	Reading Map info file : gshop_2.txt
08:09:43	Reading Map info file : cityhall_2.txt
08:09:43	Reading Map info file : wrhus_2.txt
08:09:43	Reading Map info file : wzdtwr_2.txt
08:09:43	Reading Map info file : bsmith_2.txt
08:09:43	Reading Map info file : elvjail.txt
08:09:43	Reading Map info file : elvwrhus.txt
08:09:43	Reading Map info file : elvine.txt
08:09:43	Reading Map info file : elvuni.txt
08:09:43	Reading Map info file : BtField.txt
08:09:43	Reading Map info file : Extreme.txt
08:09:43	Reading Map info file : ArGEvent.txt
08:09:43	Reading Map info file : bisle.txt
08:09:43	Reading Map info file : VipMap1.txt
08:09:43	Reading Map info file : masacre.txt
08:09:43	Reading Map info file : MapaVip.txt
08:09:43	Reading Map info file : procella.txt
08:09:43	Reading Map info file : middleland.txt
08:09:43	Reading Map info file : Whouse.txt
08:09:43	Reading Map info file : icebound.txt
08:09:43	Reading Map info file : middled1n.txt
08:09:43	Reading Map info file : 2ndmiddle.txt
08:09:43	Reading Map info file : abaddon.txt
08:09:43	Reading Map info file : default.txt
08:09:43	Reading Map info file : fightzone1.txt
08:09:43	Reading Map info file : fightzone2.txt
08:09:43	Reading Map info file : fightzone3.txt
08:09:43	Reading Map info file : fightzone4.txt
08:09:43	Reading Map info file : fightzone5.txt
08:09:43	Reading Map info file : fightzone6.txt
08:09:43	Reading Map info file : fightzone7.txt
08:09:43	Reading Map info file : fightzone8.txt
08:09:43	Reading Map info file : fightzone9.txt
08:09:43	Reading Map info file : ESAresden.txt
08:09:43	Reading Map info file : ESAssasain.txt
08:09:43	Reading Map info file : ESElvine.txt
08:09:43	Reading Map info file : avaevent.txt
08:09:43	Reading Map info file : EventDk.txt
08:09:43	Reading Map info file : Counter.txt
08:09:43	Reading Map info file : NewEvent.txt
08:09:43	Reading Map info file : TowerMap.txt
08:09:43	Reading Map info file : EventMap.txt
08:09:43	Reading Map info file : market.txt
08:09:43	Reading Map info file : towerofh.txt
08:09:43	Reading Map info file : FightMap.txt
08:09:43	Reading Map info file : huntzone1.txt
08:09:43	Reading Map info file : huntzone2.txt
08:09:43	Reading Map info file : huntzone3.txt
08:09:43	Reading Map info file : huntzone4.txt
08:09:43	Reading Map info file : middled1x.txt
08:09:43	Reading Map info file : MBarracks.txt
08:09:43	Reading Map info file : resurr1.txt
08:09:43	Reading Map info file : resurr2.txt
08:09:43	Reading Map info file : WorldMap.txt
08:09:43	Reading Map info file : evento13.txt
08:09:43	Reading Map info file : evento14.txt
08:25:00	(!) Reading Rank settings...
08:25:00	(!) Reading QuestList settings data...
08:25:00	(!) Reading trade ek data...
08:25:00	(!) Reading trade contrib data...
08:25:00	(!) Reading trade coin data...
08:25:00	(!) Reading trade majestics data...
08:25:00	INITIALIZING GAME SERVER...
08:25:00	Reading configuration file...
08:25:00	Adding maps
08:25:04	Reading TeleportList.cfg...
08:25:04	TELEPORT-LIST(Total:77) configuration - success!
08:25:04	Reading configuration file...
08:25:04	Reading configuration file...
08:25:04	Reading NOTICEMENT configuration file...
08:25:04	Noticement Data Size: 1586
08:25:04	Reading ITEM configuration file...
08:25:04	ITEM(Total:4986) configuration - success!
08:25:04	Reading ITEM configuration file...
08:25:04	ITEM(Total:3761) configuration - success!
08:25:04	Reading ITEM configuration file...
08:25:04	ITEM(Total:3055) configuration - success!
08:25:04	Reading MAGIC configuration file...
08:25:04	MAGIC(Total:99) configuration - success!
08:25:04	Reading PORTION configuration file...
08:25:04	POTION(Total:19) configuration - success!
08:25:04	CRAFTING(Total:25) configuration - success!
08:25:04	Reading BUILD-ITEM configuration file...
08:25:04	BuildItem(Total:45) configuration - success!
08:25:04	Reading SKILL configuration file...
08:25:04	SKILL(Total:23) configuration - success!
08:25:04	Reading QUEST configuration file...
08:25:04	QUEST(Total:40) configuration - success!
08:25:04	Reading NPC configuration file...
08:25:04	NPC(Total:165) configuration - success!
08:25:04	Reading IP Banned List file...
08:25:04	Reading Map info file : gshop_1.txt
08:25:04	Reading Map info file : cityhall_1.txt
08:25:04	Reading Map info file : bsmith_1.txt
08:25:04	Reading Map info file : wrhus_1.txt
08:25:04	Reading Map info file : wzdtwr_1.txt
08:25:04	Reading Map info file : arejail.txt
08:25:04	Reading Map info file : arewrhus.txt
08:25:04	Reading Map info file : aresden.txt
08:25:04	Reading Map info file : areuni.txt
08:25:04	Reading Map info file : gshop_2.txt
08:25:04	Reading Map info file : cityhall_2.txt
08:25:04	Reading Map info file : wrhus_2.txt
08:25:04	Reading Map info file : wzdtwr_2.txt
08:25:04	Reading Map info file : bsmith_2.txt
08:25:04	Reading Map info file : elvjail.txt
08:25:04	Reading Map info file : elvwrhus.txt
08:25:04	Reading Map info file : elvine.txt
08:25:04	Reading Map info file : elvuni.txt
08:25:04	Reading Map info file : BtField.txt
08:25:04	Reading Map info file : Extreme.txt
08:25:04	Reading Map info file : ArGEvent.txt
08:25:04	Reading Map info file : bisle.txt
08:25:04	Reading Map info file : VipMap1.txt
08:25:04	Reading Map info file : masacre.txt
08:25:04	Reading Map info file : MapaVip.txt
08:25:04	Reading Map info file : procella.txt
08:25:04	Reading Map info file : middleland.txt
08:25:04	Reading Map info file : Whouse.txt
08:25:04	Reading Map info file : icebound.txt
08:25:04	Reading Map info file : middled1n.txt
08:25:04	Reading Map info file : 2ndmiddle.txt
08:25:04	Reading Map info file : abaddon.txt
08:25:04	Reading Map info file : default.txt
08:25:04	Reading Map info file : fightzone1.txt
08:25:04	Reading Map info file : fightzone2.txt
08:25:04	Reading Map info file : fightzone3.txt
08:25:04	Reading Map info file : fightzone4.txt
08:25:04	Reading Map info file : fightzone5.txt
08:25:04	Reading Map info file : fightzone6.txt
08:25:04	Reading Map info file : fightzone7.txt
08:25:04	Reading Map info file : fightzone8.txt
08:25:04	Reading Map info file : fightzone9.txt
08:25:04	Reading Map info file : ESAresden.txt
08:25:04	Reading Map info file : ESAssasain.txt
08:25:04	Reading Map info file : ESElvine.txt
08:25:04	Reading Map info file : avaevent.txt
08:25:04	Reading Map info file : EventDk.txt
08:25:04	Reading Map info file : Counter.txt
08:25:04	Reading Map info file : NewEvent.txt
08:25:04	Reading Map info file : TowerMap.txt
08:25:04	Reading Map info file : EventMap.txt
08:25:04	Reading Map info file : market.txt
08:25:04	Reading Map info file : towerofh.txt
08:25:04	Reading Map info file : FightMap.txt
08:25:04	Reading Map info file : huntzone1.txt
08:25:04	Reading Map info file : huntzone2.txt
08:25:04	Reading Map info file : huntzone3.txt
08:25:04	Reading Map info file : huntzone4.txt
08:25:04	Reading Map info file : middled1x.txt
08:25:04	Reading Map info file : MBarracks.txt
08:25:04	Reading Map info file : resurr1.txt
08:25:04	Reading Map info file : resurr2.txt
08:25:04	Reading Map info file : WorldMap.txt
08:25:04	Reading Map info file : evento13.txt
08:25:04	Reading Map info file : evento14.txt
08:31:32	(!) Reading Rank settings...
08:31:32	(!) Reading QuestList settings data...
08:31:32	(!) Reading trade ek data...
08:31:32	(!) Reading trade contrib data...
08:31:32	(!) Reading trade coin data...
08:31:33	(!) Reading trade majestics data...
08:31:33	INITIALIZING GAME SERVER...
08:31:33	Reading configuration file...
08:31:33	Adding maps
08:31:36	Reading TeleportList.cfg...
08:31:36	TELEPORT-LIST(Total:77) configuration - success!
08:31:36	Reading configuration file...
08:31:36	Reading configuration file...
08:31:36	Reading NOTICEMENT configuration file...
08:31:36	Noticement Data Size: 1586
08:31:36	Reading ITEM configuration file...
08:31:36	ITEM(Total:4986) configuration - success!
08:31:36	Reading ITEM configuration file...
08:31:36	ITEM(Total:3761) configuration - success!
08:31:36	Reading ITEM configuration file...
08:31:36	ITEM(Total:3055) configuration - success!
08:31:36	Reading MAGIC configuration file...
08:31:36	MAGIC(Total:99) configuration - success!
08:31:36	Reading PORTION configuration file...
08:31:36	POTION(Total:19) configuration - success!
08:31:36	CRAFTING(Total:25) configuration - success!
08:31:36	Reading BUILD-ITEM configuration file...
08:31:36	BuildItem(Total:45) configuration - success!
08:31:36	Reading SKILL configuration file...
08:31:36	SKILL(Total:23) configuration - success!
08:31:36	Reading QUEST configuration file...
08:31:36	QUEST(Total:40) configuration - success!
08:31:36	Reading NPC configuration file...
08:31:36	NPC(Total:165) configuration - success!
08:31:36	Reading IP Banned List file...
08:31:36	Reading Map info file : gshop_1.txt
08:31:36	Reading Map info file : cityhall_1.txt
08:31:36	Reading Map info file : bsmith_1.txt
08:31:36	Reading Map info file : wrhus_1.txt
08:31:36	Reading Map info file : wzdtwr_1.txt
08:31:36	Reading Map info file : arejail.txt
08:31:36	Reading Map info file : arewrhus.txt
08:31:36	Reading Map info file : aresden.txt
08:31:36	Reading Map info file : areuni.txt
08:31:36	Reading Map info file : gshop_2.txt
08:31:36	Reading Map info file : cityhall_2.txt
08:31:36	Reading Map info file : wrhus_2.txt
08:31:36	Reading Map info file : wzdtwr_2.txt
08:31:36	Reading Map info file : bsmith_2.txt
08:31:36	Reading Map info file : elvjail.txt
08:31:36	Reading Map info file : elvwrhus.txt
08:31:36	Reading Map info file : elvine.txt
08:31:36	Reading Map info file : elvuni.txt
08:31:36	Reading Map info file : BtField.txt
08:31:36	Reading Map info file : Extreme.txt
08:31:36	Reading Map info file : ArGEvent.txt
08:31:36	Reading Map info file : bisle.txt
08:31:36	Reading Map info file : VipMap1.txt
08:31:36	Reading Map info file : masacre.txt
08:31:36	Reading Map info file : MapaVip.txt
08:31:36	Reading Map info file : procella.txt
08:31:36	Reading Map info file : middleland.txt
08:31:36	Reading Map info file : Whouse.txt
08:31:36	Reading Map info file : icebound.txt
08:31:36	Reading Map info file : middled1n.txt
08:31:36	Reading Map info file : 2ndmiddle.txt
08:31:36	Reading Map info file : abaddon.txt
08:31:36	Reading Map info file : default.txt
08:31:36	Reading Map info file : fightzone1.txt
08:31:36	Reading Map info file : fightzone2.txt
08:31:36	Reading Map info file : fightzone3.txt
08:31:36	Reading Map info file : fightzone4.txt
08:31:36	Reading Map info file : fightzone5.txt
08:31:36	Reading Map info file : fightzone6.txt
08:31:36	Reading Map info file : fightzone7.txt
08:31:36	Reading Map info file : fightzone8.txt
08:31:36	Reading Map info file : fightzone9.txt
08:31:36	Reading Map info file : ESAresden.txt
08:31:36	Reading Map info file : ESAssasain.txt
08:31:36	Reading Map info file : ESElvine.txt
08:31:36	Reading Map info file : avaevent.txt
08:31:36	Reading Map info file : EventDk.txt
08:31:36	Reading Map info file : Counter.txt
08:31:36	Reading Map info file : NewEvent.txt
08:31:36	Reading Map info file : TowerMap.txt
08:31:36	Reading Map info file : EventMap.txt
08:31:36	Reading Map info file : market.txt
08:31:36	Reading Map info file : towerofh.txt
08:31:36	Reading Map info file : FightMap.txt
08:31:36	Reading Map info file : huntzone1.txt
08:31:36	Reading Map info file : huntzone2.txt
08:31:36	Reading Map info file : huntzone3.txt
08:31:36	Reading Map info file : huntzone4.txt
08:31:36	Reading Map info file : middled1x.txt
08:31:36	Reading Map info file : MBarracks.txt
08:31:36	Reading Map info file : resurr1.txt
08:31:36	Reading Map info file : resurr2.txt
08:31:36	Reading Map info file : WorldMap.txt
08:31:36	Reading Map info file : evento13.txt
08:31:36	Reading Map info file : evento14.txt
08:49:48	(!) Reading Rank settings...
08:49:48	(!) Reading QuestList settings data...
08:49:48	(!) Reading trade ek data...
08:49:48	(!) Reading trade contrib data...
08:49:48	(!) Reading trade coin data...
08:49:48	(!) Reading trade majestics data...
08:49:48	INITIALIZING GAME SERVER...
08:49:48	Reading configuration file...
08:49:48	Adding maps
08:49:52	Reading TeleportList.cfg...
08:49:52	TELEPORT-LIST(Total:77) configuration - success!
08:49:52	Reading configuration file...
08:49:52	Reading configuration file...
08:49:52	Reading NOTICEMENT configuration file...
08:49:52	Noticement Data Size: 1586
08:49:52	Reading ITEM configuration file...
08:49:52	ITEM(Total:4986) configuration - success!
08:49:52	Reading ITEM configuration file...
08:49:52	ITEM(Total:3761) configuration - success!
08:49:52	Reading ITEM configuration file...
08:49:52	ITEM(Total:3055) configuration - success!
08:49:52	Reading MAGIC configuration file...
08:49:52	MAGIC(Total:99) configuration - success!
08:49:52	Reading PORTION configuration file...
08:49:52	POTION(Total:19) configuration - success!
08:49:52	CRAFTING(Total:25) configuration - success!
08:49:52	Reading BUILD-ITEM configuration file...
08:49:52	BuildItem(Total:45) configuration - success!
08:49:52	Reading SKILL configuration file...
08:49:52	SKILL(Total:23) configuration - success!
08:49:52	Reading QUEST configuration file...
08:49:52	QUEST(Total:40) configuration - success!
08:49:52	Reading NPC configuration file...
08:49:52	NPC(Total:165) configuration - success!
08:49:52	Reading IP Banned List file...
08:49:52	Reading Map info file : gshop_1.txt
08:49:52	Reading Map info file : cityhall_1.txt
08:49:52	Reading Map info file : bsmith_1.txt
08:49:52	Reading Map info file : wrhus_1.txt
08:49:52	Reading Map info file : wzdtwr_1.txt
08:49:52	Reading Map info file : arejail.txt
08:49:52	Reading Map info file : arewrhus.txt
08:49:52	Reading Map info file : aresden.txt
08:49:52	Reading Map info file : areuni.txt
08:49:52	Reading Map info file : gshop_2.txt
08:49:52	Reading Map info file : cityhall_2.txt
08:49:52	Reading Map info file : wrhus_2.txt
08:49:52	Reading Map info file : wzdtwr_2.txt
08:49:52	Reading Map info file : bsmith_2.txt
08:49:52	Reading Map info file : elvjail.txt
08:49:52	Reading Map info file : elvwrhus.txt
08:49:52	Reading Map info file : elvine.txt
08:49:52	Reading Map info file : elvuni.txt
08:49:52	Reading Map info file : BtField.txt
08:49:52	Reading Map info file : Extreme.txt
08:49:52	Reading Map info file : ArGEvent.txt
08:49:52	Reading Map info file : bisle.txt
08:49:52	Reading Map info file : VipMap1.txt
08:49:52	Reading Map info file : masacre.txt
08:49:52	Reading Map info file : MapaVip.txt
08:49:52	Reading Map info file : procella.txt
08:49:52	Reading Map info file : middleland.txt
08:49:52	Reading Map info file : Whouse.txt
08:49:52	Reading Map info file : icebound.txt
08:49:52	Reading Map info file : middled1n.txt
08:49:52	Reading Map info file : 2ndmiddle.txt
08:49:52	Reading Map info file : abaddon.txt
08:49:52	Reading Map info file : default.txt
08:49:52	Reading Map info file : fightzone1.txt
08:49:52	Reading Map info file : fightzone2.txt
08:49:52	Reading Map info file : fightzone3.txt
08:49:52	Reading Map info file : fightzone4.txt
08:49:52	Reading Map info file : fightzone5.txt
08:49:52	Reading Map info file : fightzone6.txt
08:49:52	Reading Map info file : fightzone7.txt
08:49:52	Reading Map info file : fightzone8.txt
08:49:52	Reading Map info file : fightzone9.txt
08:49:52	Reading Map info file : ESAresden.txt
08:49:52	Reading Map info file : ESAssasain.txt
08:49:52	Reading Map info file : ESElvine.txt
08:49:52	Reading Map info file : avaevent.txt
08:49:52	Reading Map info file : EventDk.txt
08:49:52	Reading Map info file : Counter.txt
08:49:52	Reading Map info file : NewEvent.txt
08:49:52	Reading Map info file : TowerMap.txt
08:49:52	Reading Map info file : EventMap.txt
08:49:52	Reading Map info file : market.txt
08:49:52	Reading Map info file : towerofh.txt
08:49:52	Reading Map info file : FightMap.txt
08:49:52	Reading Map info file : huntzone1.txt
08:49:52	Reading Map info file : huntzone2.txt
08:49:52	Reading Map info file : huntzone3.txt
08:49:52	Reading Map info file : huntzone4.txt
08:49:52	Reading Map info file : middled1x.txt
08:49:52	Reading Map info file : MBarracks.txt
08:49:52	Reading Map info file : resurr1.txt
08:49:52	Reading Map info file : resurr2.txt
08:49:52	Reading Map info file : WorldMap.txt
08:49:52	Reading Map info file : evento13.txt
08:49:52	Reading Map info file : evento14.txt
09:47:52	(!) Reading Rank settings...
09:47:52	(!) Reading QuestList settings data...
09:47:52	(!) Reading trade ek data...
09:47:52	(!) Reading trade contrib data...
09:47:52	(!) Reading trade coin data...
09:47:52	(!) Reading trade majestics data...
09:47:52	INITIALIZING GAME SERVER...
09:47:52	Reading configuration file...
09:47:52	Adding maps
09:47:55	Reading TeleportList.cfg...
09:47:55	TELEPORT-LIST(Total:77) configuration - success!
09:47:55	Reading configuration file...
09:47:55	Reading configuration file...
09:47:55	Reading NOTICEMENT configuration file...
09:47:55	Noticement Data Size: 1586
09:47:55	Reading ITEM configuration file...
09:47:55	ITEM(Total:4986) configuration - success!
09:47:55	Reading ITEM configuration file...
09:47:55	ITEM(Total:3761) configuration - success!
09:47:55	Reading ITEM configuration file...
09:47:55	ITEM(Total:3055) configuration - success!
09:47:55	Reading MAGIC configuration file...
09:47:55	MAGIC(Total:99) configuration - success!
09:47:55	Reading PORTION configuration file...
09:47:55	POTION(Total:19) configuration - success!
09:47:55	CRAFTING(Total:25) configuration - success!
09:47:55	Reading BUILD-ITEM configuration file...
09:47:55	BuildItem(Total:45) configuration - success!
09:47:55	Reading SKILL configuration file...
09:47:55	SKILL(Total:23) configuration - success!
09:47:55	Reading QUEST configuration file...
09:47:55	QUEST(Total:40) configuration - success!
09:47:55	Reading NPC configuration file...
09:47:55	NPC(Total:165) configuration - success!
09:47:55	Reading IP Banned List file...
09:47:55	Reading Map info file : gshop_1.txt
09:47:55	Reading Map info file : cityhall_1.txt
09:47:55	Reading Map info file : bsmith_1.txt
09:47:55	Reading Map info file : wrhus_1.txt
09:47:55	Reading Map info file : wzdtwr_1.txt
09:47:55	Reading Map info file : arejail.txt
09:47:55	Reading Map info file : arewrhus.txt
09:47:55	Reading Map info file : aresden.txt
09:47:55	Reading Map info file : areuni.txt
09:47:55	Reading Map info file : gshop_2.txt
09:47:55	Reading Map info file : cityhall_2.txt
09:47:55	Reading Map info file : wrhus_2.txt
09:47:55	Reading Map info file : wzdtwr_2.txt
09:47:55	Reading Map info file : bsmith_2.txt
09:47:55	Reading Map info file : elvjail.txt
09:47:55	Reading Map info file : elvwrhus.txt
09:47:55	Reading Map info file : elvine.txt
09:47:55	Reading Map info file : elvuni.txt
09:47:55	Reading Map info file : BtField.txt
09:47:55	Reading Map info file : Extreme.txt
09:47:55	Reading Map info file : ArGEvent.txt
09:47:55	Reading Map info file : bisle.txt
09:47:55	Reading Map info file : VipMap1.txt
09:47:55	Reading Map info file : masacre.txt
09:47:55	Reading Map info file : MapaVip.txt
09:47:55	Reading Map info file : procella.txt
09:47:55	Reading Map info file : middleland.txt
09:47:55	Reading Map info file : Whouse.txt
09:47:55	Reading Map info file : icebound.txt
09:47:55	Reading Map info file : middled1n.txt
09:47:55	Reading Map info file : 2ndmiddle.txt
09:47:55	Reading Map info file : abaddon.txt
09:47:55	Reading Map info file : default.txt
09:47:55	Reading Map info file : fightzone1.txt
09:47:55	Reading Map info file : fightzone2.txt
09:47:55	Reading Map info file : fightzone3.txt
09:47:55	Reading Map info file : fightzone4.txt
09:47:55	Reading Map info file : fightzone5.txt
09:47:55	Reading Map info file : fightzone6.txt
09:47:55	Reading Map info file : fightzone7.txt
09:47:55	Reading Map info file : fightzone8.txt
09:47:55	Reading Map info file : fightzone9.txt
09:47:55	Reading Map info file : ESAresden.txt
09:47:55	Reading Map info file : ESAssasain.txt
09:47:55	Reading Map info file : ESElvine.txt
09:47:55	Reading Map info file : avaevent.txt
09:47:55	Reading Map info file : EventDk.txt
09:47:55	Reading Map info file : Counter.txt
09:47:55	Reading Map info file : NewEvent.txt
09:47:55	Reading Map info file : TowerMap.txt
09:47:55	Reading Map info file : EventMap.txt
09:47:55	Reading Map info file : market.txt
09:47:55	Reading Map info file : towerofh.txt
09:47:55	Reading Map info file : FightMap.txt
09:47:55	Reading Map info file : huntzone1.txt
09:47:55	Reading Map info file : huntzone2.txt
09:47:55	Reading Map info file : huntzone3.txt
09:47:55	Reading Map info file : huntzone4.txt
09:47:55	Reading Map info file : middled1x.txt
09:47:55	Reading Map info file : MBarracks.txt
09:47:55	Reading Map info file : resurr1.txt
09:47:55	Reading Map info file : resurr2.txt
09:47:55	Reading Map info file : WorldMap.txt
09:47:55	Reading Map info file : evento13.txt
09:47:55	Reading Map info file : evento14.txt
09:48:52	(!) Reading Rank settings...
09:48:52	(!) Reading QuestList settings data...
09:48:52	(!) Reading trade ek data...
09:48:52	(!) Reading trade contrib data...
09:48:52	(!) Reading trade coin data...
09:48:52	(!) Reading trade majestics data...
09:48:52	INITIALIZING GAME SERVER...
09:48:52	Reading configuration file...
09:48:52	Adding maps
09:48:55	Reading TeleportList.cfg...
09:48:55	TELEPORT-LIST(Total:77) configuration - success!
09:48:55	Reading configuration file...
09:48:55	Reading configuration file...
09:48:55	Reading NOTICEMENT configuration file...
09:48:55	Noticement Data Size: 1586
09:48:55	Reading ITEM configuration file...
09:48:55	ITEM(Total:4986) configuration - success!
09:48:55	Reading ITEM configuration file...
09:48:55	ITEM(Total:3761) configuration - success!
09:48:55	Reading ITEM configuration file...
09:48:55	ITEM(Total:3055) configuration - success!
09:48:55	Reading MAGIC configuration file...
09:48:55	MAGIC(Total:99) configuration - success!
09:48:55	Reading PORTION configuration file...
09:48:55	POTION(Total:19) configuration - success!
09:48:55	CRAFTING(Total:25) configuration - success!
09:48:55	Reading BUILD-ITEM configuration file...
09:48:55	BuildItem(Total:45) configuration - success!
09:48:55	Reading SKILL configuration file...
09:48:55	SKILL(Total:23) configuration - success!
09:48:55	Reading QUEST configuration file...
09:48:55	QUEST(Total:40) configuration - success!
09:48:55	Reading NPC configuration file...
09:48:55	NPC(Total:165) configuration - success!
09:48:55	Reading IP Banned List file...
09:48:55	Reading Map info file : gshop_1.txt
09:48:55	Reading Map info file : cityhall_1.txt
09:48:55	Reading Map info file : bsmith_1.txt
09:48:55	Reading Map info file : wrhus_1.txt
09:48:55	Reading Map info file : wzdtwr_1.txt
09:48:55	Reading Map info file : arejail.txt
09:48:55	Reading Map info file : arewrhus.txt
09:48:55	Reading Map info file : aresden.txt
09:48:55	Reading Map info file : areuni.txt
09:48:55	Reading Map info file : gshop_2.txt
09:48:55	Reading Map info file : cityhall_2.txt
09:48:55	Reading Map info file : wrhus_2.txt
09:48:55	Reading Map info file : wzdtwr_2.txt
09:48:55	Reading Map info file : bsmith_2.txt
09:48:55	Reading Map info file : elvjail.txt
09:48:55	Reading Map info file : elvwrhus.txt
09:48:55	Reading Map info file : elvine.txt
09:48:55	Reading Map info file : elvuni.txt
09:48:55	Reading Map info file : BtField.txt
09:48:55	Reading Map info file : Extreme.txt
09:48:55	Reading Map info file : ArGEvent.txt
09:48:55	Reading Map info file : bisle.txt
09:48:55	Reading Map info file : VipMap1.txt
09:48:55	Reading Map info file : masacre.txt
09:48:55	Reading Map info file : MapaVip.txt
09:48:55	Reading Map info file : procella.txt
09:48:55	Reading Map info file : middleland.txt
09:48:55	Reading Map info file : Whouse.txt
09:48:55	Reading Map info file : icebound.txt
09:48:55	Reading Map info file : middled1n.txt
09:48:55	Reading Map info file : 2ndmiddle.txt
09:48:55	Reading Map info file : abaddon.txt
09:48:55	Reading Map info file : default.txt
09:48:55	Reading Map info file : fightzone1.txt
09:48:55	Reading Map info file : fightzone2.txt
09:48:55	Reading Map info file : fightzone3.txt
09:48:55	Reading Map info file : fightzone4.txt
09:48:55	Reading Map info file : fightzone5.txt
09:48:55	Reading Map info file : fightzone6.txt
09:48:55	Reading Map info file : fightzone7.txt
09:48:55	Reading Map info file : fightzone8.txt
09:48:55	Reading Map info file : fightzone9.txt
09:48:55	Reading Map info file : ESAresden.txt
09:48:55	Reading Map info file : ESAssasain.txt
09:48:55	Reading Map info file : ESElvine.txt
09:48:55	Reading Map info file : avaevent.txt
09:48:55	Reading Map info file : EventDk.txt
09:48:55	Reading Map info file : Counter.txt
09:48:55	Reading Map info file : NewEvent.txt
09:48:55	Reading Map info file : TowerMap.txt
09:48:55	Reading Map info file : EventMap.txt
09:48:55	Reading Map info file : market.txt
09:48:55	Reading Map info file : towerofh.txt
09:48:55	Reading Map info file : FightMap.txt
09:48:55	Reading Map info file : huntzone1.txt
09:48:55	Reading Map info file : huntzone2.txt
09:48:55	Reading Map info file : huntzone3.txt
09:48:55	Reading Map info file : huntzone4.txt
09:48:55	Reading Map info file : middled1x.txt
09:48:55	Reading Map info file : MBarracks.txt
09:48:55	Reading Map info file : resurr1.txt
09:48:55	Reading Map info file : resurr2.txt
09:48:55	Reading Map info file : WorldMap.txt
09:48:55	Reading Map info file : evento13.txt
09:48:55	Reading Map info file : evento14.txt
09:54:34	(!) Reading Rank settings...
09:54:34	(!) Reading QuestList settings data...
09:54:34	(!) Reading trade ek data...
09:54:34	(!) Reading trade contrib data...
09:54:34	(!) Reading trade coin data...
09:54:34	(!) Reading trade majestics data...
09:54:34	INITIALIZING GAME SERVER...
09:54:34	Reading configuration file...
09:54:34	Adding maps
09:54:38	Reading TeleportList.cfg...
09:54:38	TELEPORT-LIST(Total:77) configuration - success!
09:54:38	Reading configuration file...
09:54:38	Reading configuration file...
09:54:38	Reading NOTICEMENT configuration file...
09:54:38	Noticement Data Size: 1586
09:54:38	Reading ITEM configuration file...
09:54:38	ITEM(Total:4986) configuration - success!
09:54:38	Reading ITEM configuration file...
09:54:38	ITEM(Total:3761) configuration - success!
09:54:38	Reading ITEM configuration file...
09:54:38	ITEM(Total:3055) configuration - success!
09:54:38	Reading MAGIC configuration file...
09:54:38	MAGIC(Total:99) configuration - success!
09:54:38	Reading PORTION configuration file...
09:54:38	POTION(Total:19) configuration - success!
09:54:38	CRAFTING(Total:25) configuration - success!
09:54:38	Reading BUILD-ITEM configuration file...
09:54:38	BuildItem(Total:45) configuration - success!
09:54:38	Reading SKILL configuration file...
09:54:38	SKILL(Total:23) configuration - success!
09:54:38	Reading QUEST configuration file...
09:54:38	QUEST(Total:40) configuration - success!
09:54:38	Reading NPC configuration file...
09:54:38	NPC(Total:165) configuration - success!
09:54:38	Reading IP Banned List file...
09:54:38	Reading Map info file : gshop_1.txt
09:54:38	Reading Map info file : cityhall_1.txt
09:54:38	Reading Map info file : bsmith_1.txt
09:54:38	Reading Map info file : wrhus_1.txt
09:54:38	Reading Map info file : wzdtwr_1.txt
09:54:38	Reading Map info file : arejail.txt
09:54:38	Reading Map info file : arewrhus.txt
09:54:38	Reading Map info file : aresden.txt
09:54:38	Reading Map info file : areuni.txt
09:54:38	Reading Map info file : gshop_2.txt
09:54:38	Reading Map info file : cityhall_2.txt
09:54:38	Reading Map info file : wrhus_2.txt
09:54:38	Reading Map info file : wzdtwr_2.txt
09:54:38	Reading Map info file : bsmith_2.txt
09:54:38	Reading Map info file : elvjail.txt
09:54:38	Reading Map info file : elvwrhus.txt
09:54:38	Reading Map info file : elvine.txt
09:54:38	Reading Map info file : elvuni.txt
09:54:38	Reading Map info file : BtField.txt
09:54:38	Reading Map info file : Extreme.txt
09:54:38	Reading Map info file : ArGEvent.txt
09:54:38	Reading Map info file : bisle.txt
09:54:38	Reading Map info file : VipMap1.txt
09:54:38	Reading Map info file : masacre.txt
09:54:38	Reading Map info file : MapaVip.txt
09:54:38	Reading Map info file : procella.txt
09:54:38	Reading Map info file : middleland.txt
09:54:38	Reading Map info file : Whouse.txt
09:54:38	Reading Map info file : icebound.txt
09:54:38	Reading Map info file : middled1n.txt
09:54:38	Reading Map info file : 2ndmiddle.txt
09:54:38	Reading Map info file : abaddon.txt
09:54:38	Reading Map info file : default.txt
09:54:38	Reading Map info file : fightzone1.txt
09:54:38	Reading Map info file : fightzone2.txt
09:54:38	Reading Map info file : fightzone3.txt
09:54:38	Reading Map info file : fightzone4.txt
09:54:38	Reading Map info file : fightzone5.txt
09:54:38	Reading Map info file : fightzone6.txt
09:54:38	Reading Map info file : fightzone7.txt
09:54:38	Reading Map info file : fightzone8.txt
09:54:38	Reading Map info file : fightzone9.txt
09:54:38	Reading Map info file : ESAresden.txt
09:54:38	Reading Map info file : ESAssasain.txt
09:54:38	Reading Map info file : ESElvine.txt
09:54:38	Reading Map info file : avaevent.txt
09:54:38	Reading Map info file : EventDk.txt
09:54:38	Reading Map info file : Counter.txt
09:54:38	Reading Map info file : NewEvent.txt
09:54:38	Reading Map info file : TowerMap.txt
09:54:38	Reading Map info file : EventMap.txt
09:54:38	Reading Map info file : market.txt
09:54:38	Reading Map info file : towerofh.txt
09:54:38	Reading Map info file : FightMap.txt
09:54:38	Reading Map info file : huntzone1.txt
09:54:38	Reading Map info file : huntzone2.txt
09:54:38	Reading Map info file : huntzone3.txt
09:54:38	Reading Map info file : huntzone4.txt
09:54:38	Reading Map info file : middled1x.txt
09:54:38	Reading Map info file : MBarracks.txt
09:54:38	Reading Map info file : resurr1.txt
09:54:38	Reading Map info file : resurr2.txt
09:54:38	Reading Map info file : WorldMap.txt
09:54:38	Reading Map info file : evento13.txt
09:54:38	Reading Map info file : evento14.txt
10:30:53	(!) Reading Rank settings...
10:30:53	(!) Reading QuestList settings data...
10:30:53	(!) Reading trade ek data...
10:30:53	(!) Reading trade contrib data...
10:30:53	(!) Reading trade coin data...
10:30:53	(!) Reading trade majestics data...
10:30:53	INITIALIZING GAME SERVER...
10:30:53	Reading configuration file...
10:30:53	Adding maps
10:30:56	Reading TeleportList.cfg...
10:30:56	TELEPORT-LIST(Total:77) configuration - success!
10:30:56	Reading configuration file...
10:30:56	Reading configuration file...
10:30:56	Reading NOTICEMENT configuration file...
10:30:56	Noticement Data Size: 1586
10:30:56	Reading ITEM configuration file...
10:30:56	ITEM(Total:4986) configuration - success!
10:30:56	Reading ITEM configuration file...
10:30:56	ITEM(Total:3761) configuration - success!
10:30:56	Reading ITEM configuration file...
10:30:56	ITEM(Total:3055) configuration - success!
10:30:56	Reading MAGIC configuration file...
10:30:56	MAGIC(Total:99) configuration - success!
10:30:56	Reading PORTION configuration file...
10:30:56	POTION(Total:19) configuration - success!
10:30:56	CRAFTING(Total:25) configuration - success!
10:30:56	Reading BUILD-ITEM configuration file...
10:30:56	BuildItem(Total:45) configuration - success!
10:30:56	Reading SKILL configuration file...
10:30:56	SKILL(Total:23) configuration - success!
10:30:56	Reading QUEST configuration file...
10:30:56	QUEST(Total:40) configuration - success!
10:30:56	Reading NPC configuration file...
10:30:56	NPC(Total:165) configuration - success!
10:30:56	Reading IP Banned List file...
10:30:56	Reading Map info file : gshop_1.txt
10:30:56	Reading Map info file : cityhall_1.txt
10:30:56	Reading Map info file : bsmith_1.txt
10:30:56	Reading Map info file : wrhus_1.txt
10:30:56	Reading Map info file : wzdtwr_1.txt
10:30:56	Reading Map info file : arejail.txt
10:30:56	Reading Map info file : arewrhus.txt
10:30:56	Reading Map info file : aresden.txt
10:30:56	Reading Map info file : areuni.txt
10:30:56	Reading Map info file : gshop_2.txt
10:30:56	Reading Map info file : cityhall_2.txt
10:30:56	Reading Map info file : wrhus_2.txt
10:30:56	Reading Map info file : wzdtwr_2.txt
10:30:56	Reading Map info file : bsmith_2.txt
10:30:56	Reading Map info file : elvjail.txt
10:30:56	Reading Map info file : elvwrhus.txt
10:30:56	Reading Map info file : elvine.txt
10:30:56	Reading Map info file : elvuni.txt
10:30:56	Reading Map info file : BtField.txt
10:30:56	Reading Map info file : Extreme.txt
10:30:56	Reading Map info file : ArGEvent.txt
10:30:56	Reading Map info file : bisle.txt
10:30:56	Reading Map info file : VipMap1.txt
10:30:56	Reading Map info file : masacre.txt
10:30:56	Reading Map info file : MapaVip.txt
10:30:56	Reading Map info file : procella.txt
10:30:56	Reading Map info file : middleland.txt
10:30:56	Reading Map info file : Whouse.txt
10:30:56	Reading Map info file : icebound.txt
10:30:56	Reading Map info file : middled1n.txt
10:30:56	Reading Map info file : 2ndmiddle.txt
10:30:56	Reading Map info file : abaddon.txt
10:30:56	Reading Map info file : default.txt
10:30:56	Reading Map info file : fightzone1.txt
10:30:56	Reading Map info file : fightzone2.txt
10:30:56	Reading Map info file : fightzone3.txt
10:30:56	Reading Map info file : fightzone4.txt
10:30:56	Reading Map info file : fightzone5.txt
10:30:56	Reading Map info file : fightzone6.txt
10:30:56	Reading Map info file : fightzone7.txt
10:30:56	Reading Map info file : fightzone8.txt
10:30:56	Reading Map info file : fightzone9.txt
10:30:56	Reading Map info file : ESAresden.txt
10:30:56	Reading Map info file : ESAssasain.txt
10:30:56	Reading Map info file : ESElvine.txt
10:30:56	Reading Map info file : avaevent.txt
10:30:56	Reading Map info file : EventDk.txt
10:30:56	Reading Map info file : Counter.txt
10:30:56	Reading Map info file : NewEvent.txt
10:30:56	Reading Map info file : TowerMap.txt
10:30:56	Reading Map info file : EventMap.txt
10:30:56	Reading Map info file : market.txt
10:30:56	Reading Map info file : towerofh.txt
10:30:56	Reading Map info file : FightMap.txt
10:30:56	Reading Map info file : huntzone1.txt
10:30:56	Reading Map info file : huntzone2.txt
10:30:56	Reading Map info file : huntzone3.txt
10:30:56	Reading Map info file : huntzone4.txt
10:30:56	Reading Map info file : middled1x.txt
10:30:56	Reading Map info file : MBarracks.txt
10:30:56	Reading Map info file : resurr1.txt
10:30:56	Reading Map info file : resurr2.txt
10:30:56	Reading Map info file : WorldMap.txt
10:30:56	Reading Map info file : evento13.txt
10:30:56	Reading Map info file : evento14.txt
10:48:36	(!) Reading Rank settings...
10:48:36	(!) Reading QuestList settings data...
10:48:36	(!) Reading trade ek data...
10:48:36	(!) Reading trade contrib data...
10:48:36	(!) Reading trade coin data...
10:48:36	(!) Reading trade majestics data...
10:48:36	INITIALIZING GAME SERVER...
10:48:36	Reading configuration file...
10:48:36	Adding maps
10:48:39	Reading TeleportList.cfg...
10:48:39	TELEPORT-LIST(Total:77) configuration - success!
10:48:39	Reading configuration file...
10:48:39	Reading configuration file...
10:48:39	Reading NOTICEMENT configuration file...
10:48:39	Noticement Data Size: 1586
10:48:39	Reading ITEM configuration file...
10:48:39	ITEM(Total:4986) configuration - success!
10:48:39	Reading ITEM configuration file...
10:48:39	ITEM(Total:3761) configuration - success!
10:48:39	Reading ITEM configuration file...
10:48:39	ITEM(Total:3055) configuration - success!
10:48:39	Reading MAGIC configuration file...
10:48:39	MAGIC(Total:99) configuration - success!
10:48:39	Reading PORTION configuration file...
10:48:39	POTION(Total:19) configuration - success!
10:48:39	CRAFTING(Total:25) configuration - success!
10:48:39	Reading BUILD-ITEM configuration file...
10:48:39	BuildItem(Total:45) configuration - success!
10:48:39	Reading SKILL configuration file...
10:48:39	SKILL(Total:23) configuration - success!
10:48:39	Reading QUEST configuration file...
10:48:39	QUEST(Total:40) configuration - success!
10:48:39	Reading NPC configuration file...
10:48:39	NPC(Total:165) configuration - success!
10:48:39	Reading IP Banned List file...
10:48:39	Reading Map info file : gshop_1.txt
10:48:39	Reading Map info file : cityhall_1.txt
10:48:39	Reading Map info file : bsmith_1.txt
10:48:39	Reading Map info file : wrhus_1.txt
10:48:39	Reading Map info file : wzdtwr_1.txt
10:48:39	Reading Map info file : arejail.txt
10:48:39	Reading Map info file : arewrhus.txt
10:48:39	Reading Map info file : aresden.txt
10:48:39	Reading Map info file : areuni.txt
10:48:39	Reading Map info file : gshop_2.txt
10:48:39	Reading Map info file : cityhall_2.txt
10:48:39	Reading Map info file : wrhus_2.txt
10:48:39	Reading Map info file : wzdtwr_2.txt
10:48:39	Reading Map info file : bsmith_2.txt
10:48:39	Reading Map info file : elvjail.txt
10:48:39	Reading Map info file : elvwrhus.txt
10:48:39	Reading Map info file : elvine.txt
10:48:39	Reading Map info file : elvuni.txt
10:48:39	Reading Map info file : BtField.txt
10:48:39	Reading Map info file : Extreme.txt
10:48:39	Reading Map info file : ArGEvent.txt
10:48:39	Reading Map info file : bisle.txt
10:48:39	Reading Map info file : VipMap1.txt
10:48:39	Reading Map info file : masacre.txt
10:48:39	Reading Map info file : MapaVip.txt
10:48:39	Reading Map info file : procella.txt
10:48:39	Reading Map info file : middleland.txt
10:48:39	Reading Map info file : Whouse.txt
10:48:39	Reading Map info file : icebound.txt
10:48:39	Reading Map info file : middled1n.txt
10:48:39	Reading Map info file : 2ndmiddle.txt
10:48:39	Reading Map info file : abaddon.txt
10:48:39	Reading Map info file : default.txt
10:48:39	Reading Map info file : fightzone1.txt
10:48:39	Reading Map info file : fightzone2.txt
10:48:39	Reading Map info file : fightzone3.txt
10:48:39	Reading Map info file : fightzone4.txt
10:48:39	Reading Map info file : fightzone5.txt
10:48:39	Reading Map info file : fightzone6.txt
10:48:39	Reading Map info file : fightzone7.txt
10:48:39	Reading Map info file : fightzone8.txt
10:48:39	Reading Map info file : fightzone9.txt
10:48:39	Reading Map info file : ESAresden.txt
10:48:39	Reading Map info file : ESAssasain.txt
10:48:39	Reading Map info file : ESElvine.txt
10:48:39	Reading Map info file : avaevent.txt
10:48:39	Reading Map info file : EventDk.txt
10:48:39	Reading Map info file : Counter.txt
10:48:39	Reading Map info file : NewEvent.txt
10:48:39	Reading Map info file : TowerMap.txt
10:48:39	Reading Map info file : EventMap.txt
10:48:39	Reading Map info file : market.txt
10:48:39	Reading Map info file : towerofh.txt
10:48:39	Reading Map info file : FightMap.txt
10:48:39	Reading Map info file : huntzone1.txt
10:48:39	Reading Map info file : huntzone2.txt
10:48:39	Reading Map info file : huntzone3.txt
10:48:39	Reading Map info file : huntzone4.txt
10:48:39	Reading Map info file : middled1x.txt
10:48:39	Reading Map info file : MBarracks.txt
10:48:39	Reading Map info file : resurr1.txt
10:48:39	Reading Map info file : resurr2.txt
10:48:39	Reading Map info file : WorldMap.txt
10:48:39	Reading Map info file : evento13.txt
10:48:39	Reading Map info file : evento14.txt
10:51:42	(!) Reading Rank settings...
10:51:42	(!) Reading QuestList settings data...
10:51:42	(!) Reading trade ek data...
10:51:42	(!) Reading trade contrib data...
10:51:42	(!) Reading trade coin data...
10:51:42	(!) Reading trade majestics data...
10:51:42	INITIALIZING GAME SERVER...
10:51:42	Reading configuration file...
10:51:42	Adding maps
10:51:45	Reading TeleportList.cfg...
10:51:45	TELEPORT-LIST(Total:77) configuration - success!
10:51:45	Reading configuration file...
10:51:45	Reading configuration file...
10:51:45	Reading NOTICEMENT configuration file...
10:51:45	Noticement Data Size: 1586
10:51:45	Reading ITEM configuration file...
10:51:45	ITEM(Total:4986) configuration - success!
10:51:45	Reading ITEM configuration file...
10:51:45	ITEM(Total:3761) configuration - success!
10:51:45	Reading ITEM configuration file...
10:51:45	ITEM(Total:3055) configuration - success!
10:51:45	Reading MAGIC configuration file...
10:51:45	MAGIC(Total:99) configuration - success!
10:51:45	Reading PORTION configuration file...
10:51:45	POTION(Total:19) configuration - success!
10:51:45	CRAFTING(Total:25) configuration - success!
10:51:45	Reading BUILD-ITEM configuration file...
10:51:45	BuildItem(Total:45) configuration - success!
10:51:45	Reading SKILL configuration file...
10:51:45	SKILL(Total:23) configuration - success!
10:51:45	Reading QUEST configuration file...
10:51:45	QUEST(Total:40) configuration - success!
10:51:45	Reading NPC configuration file...
10:51:45	NPC(Total:165) configuration - success!
10:51:45	Reading IP Banned List file...
10:51:45	Reading Map info file : gshop_1.txt
10:51:45	Reading Map info file : cityhall_1.txt
10:51:45	Reading Map info file : bsmith_1.txt
10:51:45	Reading Map info file : wrhus_1.txt
10:51:45	Reading Map info file : wzdtwr_1.txt
10:51:45	Reading Map info file : arejail.txt
10:51:45	Reading Map info file : arewrhus.txt
10:51:45	Reading Map info file : aresden.txt
10:51:45	Reading Map info file : areuni.txt
10:51:45	Reading Map info file : gshop_2.txt
10:51:45	Reading Map info file : cityhall_2.txt
10:51:45	Reading Map info file : wrhus_2.txt
10:51:45	Reading Map info file : wzdtwr_2.txt
10:51:45	Reading Map info file : bsmith_2.txt
10:51:45	Reading Map info file : elvjail.txt
10:51:45	Reading Map info file : elvwrhus.txt
10:51:45	Reading Map info file : elvine.txt
10:51:45	Reading Map info file : elvuni.txt
10:51:45	Reading Map info file : BtField.txt
10:51:45	Reading Map info file : Extreme.txt
10:51:45	Reading Map info file : ArGEvent.txt
10:51:45	Reading Map info file : bisle.txt
10:51:45	Reading Map info file : VipMap1.txt
10:51:45	Reading Map info file : masacre.txt
10:51:45	Reading Map info file : MapaVip.txt
10:51:45	Reading Map info file : procella.txt
10:51:45	Reading Map info file : middleland.txt
10:51:45	Reading Map info file : Whouse.txt
10:51:45	Reading Map info file : icebound.txt
10:51:45	Reading Map info file : middled1n.txt
10:51:45	Reading Map info file : 2ndmiddle.txt
10:51:45	Reading Map info file : abaddon.txt
10:51:45	Reading Map info file : default.txt
10:51:45	Reading Map info file : fightzone1.txt
10:51:45	Reading Map info file : fightzone2.txt
10:51:45	Reading Map info file : fightzone3.txt
10:51:45	Reading Map info file : fightzone4.txt
10:51:45	Reading Map info file : fightzone5.txt
10:51:45	Reading Map info file : fightzone6.txt
10:51:45	Reading Map info file : fightzone7.txt
10:51:45	Reading Map info file : fightzone8.txt
10:51:45	Reading Map info file : fightzone9.txt
10:51:45	Reading Map info file : ESAresden.txt
10:51:45	Reading Map info file : ESAssasain.txt
10:51:45	Reading Map info file : ESElvine.txt
10:51:45	Reading Map info file : avaevent.txt
10:51:45	Reading Map info file : EventDk.txt
10:51:45	Reading Map info file : Counter.txt
10:51:45	Reading Map info file : NewEvent.txt
10:51:45	Reading Map info file : TowerMap.txt
10:51:45	Reading Map info file : EventMap.txt
10:51:45	Reading Map info file : market.txt
10:51:45	Reading Map info file : towerofh.txt
10:51:45	Reading Map info file : FightMap.txt
10:51:45	Reading Map info file : huntzone1.txt
10:51:45	Reading Map info file : huntzone2.txt
10:51:45	Reading Map info file : huntzone3.txt
10:51:45	Reading Map info file : huntzone4.txt
10:51:45	Reading Map info file : middled1x.txt
10:51:45	Reading Map info file : MBarracks.txt
10:51:45	Reading Map info file : resurr1.txt
10:51:45	Reading Map info file : resurr2.txt
10:51:45	Reading Map info file : WorldMap.txt
10:51:45	Reading Map info file : evento13.txt
10:51:45	Reading Map info file : evento14.txt
11:09:52	(!) Reading Rank settings...
11:09:52	(!) Reading QuestList settings data...
11:09:52	(!) Reading trade ek data...
11:09:52	(!) Reading trade contrib data...
11:09:52	(!) Reading trade coin data...
11:09:52	(!) Reading trade majestics data...
11:09:52	INITIALIZING GAME SERVER...
11:09:52	Reading configuration file...
11:09:52	Adding maps
11:09:55	Reading TeleportList.cfg...
11:09:55	TELEPORT-LIST(Total:77) configuration - success!
11:09:55	Reading configuration file...
11:09:55	Reading configuration file...
11:09:55	Reading NOTICEMENT configuration file...
11:09:55	Noticement Data Size: 1586
11:09:55	Reading ITEM configuration file...
11:09:55	ITEM(Total:4986) configuration - success!
11:09:55	Reading ITEM configuration file...
11:09:55	ITEM(Total:3761) configuration - success!
11:09:55	Reading ITEM configuration file...
11:09:55	ITEM(Total:3055) configuration - success!
11:09:55	Reading MAGIC configuration file...
11:09:55	MAGIC(Total:99) configuration - success!
11:09:55	Reading PORTION configuration file...
11:09:55	POTION(Total:19) configuration - success!
11:09:55	CRAFTING(Total:25) configuration - success!
11:09:55	Reading BUILD-ITEM configuration file...
11:09:55	BuildItem(Total:45) configuration - success!
11:09:55	Reading SKILL configuration file...
11:09:55	SKILL(Total:23) configuration - success!
11:09:55	Reading QUEST configuration file...
11:09:55	QUEST(Total:40) configuration - success!
11:09:55	Reading NPC configuration file...
11:09:55	NPC(Total:165) configuration - success!
11:09:55	Reading IP Banned List file...
11:09:55	Reading Map info file : gshop_1.txt
11:09:55	Reading Map info file : cityhall_1.txt
11:09:55	Reading Map info file : bsmith_1.txt
11:09:55	Reading Map info file : wrhus_1.txt
11:09:55	Reading Map info file : wzdtwr_1.txt
11:09:55	Reading Map info file : arejail.txt
11:09:55	Reading Map info file : arewrhus.txt
11:09:55	Reading Map info file : aresden.txt
11:09:55	Reading Map info file : areuni.txt
11:09:55	Reading Map info file : gshop_2.txt
11:09:55	Reading Map info file : cityhall_2.txt
11:09:55	Reading Map info file : wrhus_2.txt
11:09:55	Reading Map info file : wzdtwr_2.txt
11:09:55	Reading Map info file : bsmith_2.txt
11:09:55	Reading Map info file : elvjail.txt
11:09:55	Reading Map info file : elvwrhus.txt
11:09:55	Reading Map info file : elvine.txt
11:09:55	Reading Map info file : elvuni.txt
11:09:55	Reading Map info file : BtField.txt
11:09:55	Reading Map info file : Extreme.txt
11:09:55	Reading Map info file : ArGEvent.txt
11:09:55	Reading Map info file : bisle.txt
11:09:55	Reading Map info file : VipMap1.txt
11:09:55	Reading Map info file : masacre.txt
11:09:55	Reading Map info file : MapaVip.txt
11:09:55	Reading Map info file : procella.txt
11:09:55	Reading Map info file : middleland.txt
11:09:55	Reading Map info file : Whouse.txt
11:09:55	Reading Map info file : icebound.txt
11:09:55	Reading Map info file : middled1n.txt
11:09:55	Reading Map info file : 2ndmiddle.txt
11:09:55	Reading Map info file : abaddon.txt
11:09:55	Reading Map info file : default.txt
11:09:55	Reading Map info file : fightzone1.txt
11:09:55	Reading Map info file : fightzone2.txt
11:09:55	Reading Map info file : fightzone3.txt
11:09:55	Reading Map info file : fightzone4.txt
11:09:55	Reading Map info file : fightzone5.txt
11:09:55	Reading Map info file : fightzone6.txt
11:09:55	Reading Map info file : fightzone7.txt
11:09:55	Reading Map info file : fightzone8.txt
11:09:55	Reading Map info file : fightzone9.txt
11:09:55	Reading Map info file : ESAresden.txt
11:09:55	Reading Map info file : ESAssasain.txt
11:09:55	Reading Map info file : ESElvine.txt
11:09:55	Reading Map info file : avaevent.txt
11:09:55	Reading Map info file : EventDk.txt
11:09:55	Reading Map info file : Counter.txt
11:09:55	Reading Map info file : NewEvent.txt
11:09:55	Reading Map info file : TowerMap.txt
11:09:55	Reading Map info file : EventMap.txt
11:09:55	Reading Map info file : market.txt
11:09:55	Reading Map info file : towerofh.txt
11:09:55	Reading Map info file : FightMap.txt
11:09:55	Reading Map info file : huntzone1.txt
11:09:55	Reading Map info file : huntzone2.txt
11:09:55	Reading Map info file : huntzone3.txt
11:09:55	Reading Map info file : huntzone4.txt
11:09:55	Reading Map info file : middled1x.txt
11:09:55	Reading Map info file : MBarracks.txt
11:09:55	Reading Map info file : resurr1.txt
11:09:55	Reading Map info file : resurr2.txt
11:09:55	Reading Map info file : WorldMap.txt
11:09:55	Reading Map info file : evento13.txt
11:09:55	Reading Map info file : evento14.txt
15:20:57	(!) Reading Rank settings...
15:20:57	(!) Reading QuestList settings data...
15:20:57	(!) Reading trade ek data...
15:20:57	(!) Reading trade contrib data...
15:20:57	(!) Reading trade coin data...
15:20:57	(!) Reading trade majestics data...
15:20:57	INITIALIZING GAME SERVER...
15:20:57	Reading configuration file...
15:20:57	Adding maps
15:21:01	Reading TeleportList.cfg...
15:21:01	TELEPORT-LIST(Total:77) configuration - success!
15:21:01	Reading configuration file...
15:21:01	Reading configuration file...
15:21:01	Reading NOTICEMENT configuration file...
15:21:01	Noticement Data Size: 1586
15:21:01	Reading ITEM configuration file...
15:21:01	ITEM(Total:4986) configuration - success!
15:21:01	Reading ITEM configuration file...
15:21:01	ITEM(Total:3761) configuration - success!
15:21:01	Reading ITEM configuration file...
15:21:01	ITEM(Total:3055) configuration - success!
15:21:01	Reading MAGIC configuration file...
15:21:01	MAGIC(Total:99) configuration - success!
15:21:01	Reading PORTION configuration file...
15:21:01	POTION(Total:19) configuration - success!
15:21:01	CRAFTING(Total:25) configuration - success!
15:21:01	Reading BUILD-ITEM configuration file...
15:21:01	BuildItem(Total:45) configuration - success!
15:21:01	Reading SKILL configuration file...
15:21:01	SKILL(Total:23) configuration - success!
15:21:01	Reading QUEST configuration file...
15:21:01	QUEST(Total:40) configuration - success!
15:21:01	Reading NPC configuration file...
15:21:01	NPC(Total:165) configuration - success!
15:21:01	Reading IP Banned List file...
15:21:01	Reading Map info file : gshop_1.txt
15:21:01	Reading Map info file : cityhall_1.txt
15:21:01	Reading Map info file : bsmith_1.txt
15:21:01	Reading Map info file : wrhus_1.txt
15:21:01	Reading Map info file : wzdtwr_1.txt
15:21:01	Reading Map info file : arejail.txt
15:21:01	Reading Map info file : arewrhus.txt
15:21:01	Reading Map info file : aresden.txt
15:21:01	Reading Map info file : areuni.txt
15:21:01	Reading Map info file : gshop_2.txt
15:21:01	Reading Map info file : cityhall_2.txt
15:21:01	Reading Map info file : wrhus_2.txt
15:21:01	Reading Map info file : wzdtwr_2.txt
15:21:01	Reading Map info file : bsmith_2.txt
15:21:01	Reading Map info file : elvjail.txt
15:21:01	Reading Map info file : elvwrhus.txt
15:21:01	Reading Map info file : elvine.txt
15:21:01	Reading Map info file : elvuni.txt
15:21:01	Reading Map info file : BtField.txt
15:21:01	Reading Map info file : Extreme.txt
15:21:01	Reading Map info file : ArGEvent.txt
15:21:01	Reading Map info file : bisle.txt
15:21:01	Reading Map info file : VipMap1.txt
15:21:01	Reading Map info file : masacre.txt
15:21:01	Reading Map info file : MapaVip.txt
15:21:01	Reading Map info file : procella.txt
15:21:01	Reading Map info file : middleland.txt
15:21:01	Reading Map info file : Whouse.txt
15:21:01	Reading Map info file : icebound.txt
15:21:01	Reading Map info file : middled1n.txt
15:21:01	Reading Map info file : 2ndmiddle.txt
15:21:01	Reading Map info file : abaddon.txt
15:21:01	Reading Map info file : default.txt
15:21:01	Reading Map info file : fightzone1.txt
15:21:01	Reading Map info file : fightzone2.txt
15:21:01	Reading Map info file : fightzone3.txt
15:21:01	Reading Map info file : fightzone4.txt
15:21:01	Reading Map info file : fightzone5.txt
15:21:01	Reading Map info file : fightzone6.txt
15:21:01	Reading Map info file : fightzone7.txt
15:21:01	Reading Map info file : fightzone8.txt
15:21:01	Reading Map info file : fightzone9.txt
15:21:01	Reading Map info file : ESAresden.txt
15:21:01	Reading Map info file : ESAssasain.txt
15:21:01	Reading Map info file : ESElvine.txt
15:21:01	Reading Map info file : avaevent.txt
15:21:01	Reading Map info file : EventDk.txt
15:21:01	Reading Map info file : Counter.txt
15:21:01	Reading Map info file : NewEvent.txt
15:21:01	Reading Map info file : TowerMap.txt
15:21:01	Reading Map info file : EventMap.txt
15:21:01	Reading Map info file : market.txt
15:21:01	Reading Map info file : towerofh.txt
15:21:01	Reading Map info file : FightMap.txt
15:21:01	Reading Map info file : huntzone1.txt
15:21:01	Reading Map info file : huntzone2.txt
15:21:01	Reading Map info file : huntzone3.txt
15:21:01	Reading Map info file : huntzone4.txt
15:21:01	Reading Map info file : middled1x.txt
15:21:01	Reading Map info file : MBarracks.txt
15:21:01	Reading Map info file : resurr1.txt
15:21:01	Reading Map info file : resurr2.txt
15:21:01	Reading Map info file : WorldMap.txt
15:21:01	Reading Map info file : evento13.txt
15:21:01	Reading Map info file : evento14.txt
16:27:49	(!) Reading Rank settings...
16:27:49	(!) Reading QuestList settings data...
16:27:49	(!) Reading trade ek data...
16:27:49	(!) Reading trade contrib data...
16:27:49	(!) Reading trade coin data...
16:27:49	(!) Reading trade majestics data...
16:27:49	INITIALIZING GAME SERVER...
16:27:49	Reading configuration file...
16:27:49	Adding maps
16:27:52	Reading TeleportList.cfg...
16:27:52	TELEPORT-LIST(Total:77) configuration - success!
16:27:52	Reading configuration file...
16:27:52	Reading configuration file...
16:27:52	Reading NOTICEMENT configuration file...
16:27:52	Noticement Data Size: 1586
16:27:52	Reading ITEM configuration file...
16:27:52	ITEM(Total:4986) configuration - success!
16:27:52	Reading ITEM configuration file...
16:27:52	ITEM(Total:3761) configuration - success!
16:27:52	Reading ITEM configuration file...
16:27:52	ITEM(Total:3055) configuration - success!
16:27:52	Reading MAGIC configuration file...
16:27:52	MAGIC(Total:99) configuration - success!
16:27:52	Reading PORTION configuration file...
16:27:52	POTION(Total:19) configuration - success!
16:27:52	CRAFTING(Total:25) configuration - success!
16:27:52	Reading BUILD-ITEM configuration file...
16:27:52	BuildItem(Total:45) configuration - success!
16:27:52	Reading SKILL configuration file...
16:27:52	SKILL(Total:23) configuration - success!
16:27:52	Reading QUEST configuration file...
16:27:52	QUEST(Total:40) configuration - success!
16:27:52	Reading NPC configuration file...
16:27:52	NPC(Total:165) configuration - success!
16:27:52	Reading IP Banned List file...
16:27:52	Reading Map info file : gshop_1.txt
16:27:52	Reading Map info file : cityhall_1.txt
16:27:52	Reading Map info file : bsmith_1.txt
16:27:52	Reading Map info file : wrhus_1.txt
16:27:52	Reading Map info file : wzdtwr_1.txt
16:27:52	Reading Map info file : arejail.txt
16:27:52	Reading Map info file : arewrhus.txt
16:27:52	Reading Map info file : aresden.txt
16:27:52	Reading Map info file : areuni.txt
16:27:52	Reading Map info file : gshop_2.txt
16:27:52	Reading Map info file : cityhall_2.txt
16:27:52	Reading Map info file : wrhus_2.txt
16:27:52	Reading Map info file : wzdtwr_2.txt
16:27:52	Reading Map info file : bsmith_2.txt
16:27:52	Reading Map info file : elvjail.txt
16:27:52	Reading Map info file : elvwrhus.txt
16:27:52	Reading Map info file : elvine.txt
16:27:52	Reading Map info file : elvuni.txt
16:27:52	Reading Map info file : BtField.txt
16:27:52	Reading Map info file : Extreme.txt
16:27:52	Reading Map info file : ArGEvent.txt
16:27:52	Reading Map info file : bisle.txt
16:27:52	Reading Map info file : VipMap1.txt
16:27:52	Reading Map info file : masacre.txt
16:27:52	Reading Map info file : MapaVip.txt
16:27:52	Reading Map info file : procella.txt
16:27:52	Reading Map info file : middleland.txt
16:27:52	Reading Map info file : Whouse.txt
16:27:52	Reading Map info file : icebound.txt
16:27:52	Reading Map info file : middled1n.txt
16:27:52	Reading Map info file : 2ndmiddle.txt
16:27:52	Reading Map info file : abaddon.txt
16:27:52	Reading Map info file : default.txt
16:27:52	Reading Map info file : fightzone1.txt
16:27:52	Reading Map info file : fightzone2.txt
16:27:52	Reading Map info file : fightzone3.txt
16:27:52	Reading Map info file : fightzone4.txt
16:27:52	Reading Map info file : fightzone5.txt
16:27:52	Reading Map info file : fightzone6.txt
16:27:52	Reading Map info file : fightzone7.txt
16:27:52	Reading Map info file : fightzone8.txt
16:27:52	Reading Map info file : fightzone9.txt
16:27:52	Reading Map info file : ESAresden.txt
16:27:52	Reading Map info file : ESAssasain.txt
16:27:52	Reading Map info file : ESElvine.txt
16:27:52	Reading Map info file : avaevent.txt
16:27:52	Reading Map info file : EventDk.txt
16:27:52	Reading Map info file : Counter.txt
16:27:52	Reading Map info file : NewEvent.txt
16:27:52	Reading Map info file : TowerMap.txt
16:27:52	Reading Map info file : EventMap.txt
16:27:52	Reading Map info file : market.txt
16:27:52	Reading Map info file : towerofh.txt
16:27:52	Reading Map info file : FightMap.txt
16:27:52	Reading Map info file : huntzone1.txt
16:27:52	Reading Map info file : huntzone2.txt
16:27:52	Reading Map info file : huntzone3.txt
16:27:52	Reading Map info file : huntzone4.txt
16:27:52	Reading Map info file : middled1x.txt
16:27:52	Reading Map info file : MBarracks.txt
16:27:52	Reading Map info file : resurr1.txt
16:27:52	Reading Map info file : resurr2.txt
16:27:52	Reading Map info file : WorldMap.txt
16:27:52	Reading Map info file : evento13.txt
16:27:52	Reading Map info file : evento14.txt
16:29:18	(!) Reading Rank settings...
16:29:18	(!) Reading QuestList settings data...
16:29:18	(!) Reading trade ek data...
16:29:18	(!) Reading trade contrib data...
16:29:18	(!) Reading trade coin data...
16:29:18	(!) Reading trade majestics data...
16:29:18	INITIALIZING GAME SERVER...
16:29:18	Reading configuration file...
16:29:18	Adding maps
16:29:21	Reading TeleportList.cfg...
16:29:21	TELEPORT-LIST(Total:77) configuration - success!
16:29:21	Reading configuration file...
16:29:21	Reading configuration file...
16:29:21	Reading NOTICEMENT configuration file...
16:29:21	Noticement Data Size: 1586
16:29:21	Reading ITEM configuration file...
16:29:21	ITEM(Total:4986) configuration - success!
16:29:21	Reading ITEM configuration file...
16:29:21	ITEM(Total:3761) configuration - success!
16:29:21	Reading ITEM configuration file...
16:29:21	ITEM(Total:3055) configuration - success!
16:29:21	Reading MAGIC configuration file...
16:29:21	MAGIC(Total:99) configuration - success!
16:29:21	Reading PORTION configuration file...
16:29:21	POTION(Total:19) configuration - success!
16:29:21	CRAFTING(Total:25) configuration - success!
16:29:21	Reading BUILD-ITEM configuration file...
16:29:21	BuildItem(Total:45) configuration - success!
16:29:21	Reading SKILL configuration file...
16:29:21	SKILL(Total:23) configuration - success!
16:29:21	Reading QUEST configuration file...
16:29:21	QUEST(Total:40) configuration - success!
16:29:21	Reading NPC configuration file...
16:29:21	NPC(Total:165) configuration - success!
16:29:21	Reading IP Banned List file...
16:29:21	Reading Map info file : gshop_1.txt
16:29:21	Reading Map info file : cityhall_1.txt
16:29:21	Reading Map info file : bsmith_1.txt
16:29:21	Reading Map info file : wrhus_1.txt
16:29:21	Reading Map info file : wzdtwr_1.txt
16:29:21	Reading Map info file : arejail.txt
16:29:21	Reading Map info file : arewrhus.txt
16:29:21	Reading Map info file : aresden.txt
16:29:21	Reading Map info file : areuni.txt
16:29:21	Reading Map info file : gshop_2.txt
16:29:21	Reading Map info file : cityhall_2.txt
16:29:21	Reading Map info file : wrhus_2.txt
16:29:21	Reading Map info file : wzdtwr_2.txt
16:29:21	Reading Map info file : bsmith_2.txt
16:29:21	Reading Map info file : elvjail.txt
16:29:21	Reading Map info file : elvwrhus.txt
16:29:21	Reading Map info file : elvine.txt
16:29:21	Reading Map info file : elvuni.txt
16:29:21	Reading Map info file : BtField.txt
16:29:21	Reading Map info file : Extreme.txt
16:29:21	Reading Map info file : ArGEvent.txt
16:29:21	Reading Map info file : bisle.txt
16:29:21	Reading Map info file : VipMap1.txt
16:29:21	Reading Map info file : masacre.txt
16:29:21	Reading Map info file : MapaVip.txt
16:29:21	Reading Map info file : procella.txt
16:29:21	Reading Map info file : middleland.txt
16:29:21	Reading Map info file : Whouse.txt
16:29:21	Reading Map info file : icebound.txt
16:29:21	Reading Map info file : middled1n.txt
16:29:21	Reading Map info file : 2ndmiddle.txt
16:29:21	Reading Map info file : abaddon.txt
16:29:21	Reading Map info file : default.txt
16:29:21	Reading Map info file : fightzone1.txt
16:29:21	Reading Map info file : fightzone2.txt
16:29:21	Reading Map info file : fightzone3.txt
16:29:21	Reading Map info file : fightzone4.txt
16:29:21	Reading Map info file : fightzone5.txt
16:29:21	Reading Map info file : fightzone6.txt
16:29:21	Reading Map info file : fightzone7.txt
16:29:21	Reading Map info file : fightzone8.txt
16:29:21	Reading Map info file : fightzone9.txt
16:29:21	Reading Map info file : ESAresden.txt
16:29:21	Reading Map info file : ESAssasain.txt
16:29:21	Reading Map info file : ESElvine.txt
16:29:21	Reading Map info file : avaevent.txt
16:29:21	Reading Map info file : EventDk.txt
16:29:21	Reading Map info file : Counter.txt
16:29:21	Reading Map info file : NewEvent.txt
16:29:21	Reading Map info file : TowerMap.txt
16:29:21	Reading Map info file : EventMap.txt
16:29:21	Reading Map info file : market.txt
16:29:21	Reading Map info file : towerofh.txt
16:29:21	Reading Map info file : FightMap.txt
16:29:21	Reading Map info file : huntzone1.txt
16:29:21	Reading Map info file : huntzone2.txt
16:29:21	Reading Map info file : huntzone3.txt
16:29:21	Reading Map info file : huntzone4.txt
16:29:21	Reading Map info file : middled1x.txt
16:29:21	Reading Map info file : MBarracks.txt
16:29:21	Reading Map info file : resurr1.txt
16:29:21	Reading Map info file : resurr2.txt
16:29:21	Reading Map info file : WorldMap.txt
16:29:21	Reading Map info file : evento13.txt
16:29:21	Reading Map info file : evento14.txt
