c:\users\irwin\documents\cursedv1 (arg version)\[src]nucleo\debug\vc120.pdb
c:\users\irwin\documents\cursedv1 (arg version)\[src]nucleo\debug\vc120.idb
c:\users\irwin\documents\cursedv1 (arg version)\[src]nucleo\debug\xsocket.obj
c:\users\irwin\documents\cursedv1 (arg version)\[src]nucleo\debug\strtok.obj
c:\users\irwin\documents\cursedv1 (arg version)\[src]nucleo\debug\wmain.obj
c:\users\irwin\documents\cursedv1 (arg version)\[src]nucleo\debug\msg.obj
c:\users\irwin\documents\cursedv1 (arg version)\[src]nucleo\debug\mapserver.obj
c:\users\irwin\documents\cursedv1 (arg version)\[src]nucleo\debug\map.obj
c:\users\irwin\documents\cursedv1 (arg version)\[src]nucleo\debug\mainlog.obj
c:\users\irwin\documents\cursedv1 (arg version)\[src]nucleo\debug\main.obj
c:\users\irwin\documents\cursedv1 (arg version)\[src]nucleo\debug\game.obj
c:\users\irwin\documents\cursedv1 (arg version)\[src]nucleo\debug\client.obj
c:\users\irwin\documents\cursedv1 (arg version)\[src]nucleo\debug\capplicationstartup.obj
c:\users\irwin\documents\cursedv1 (arg version)\[src]nucleo\debug\account.obj
c:\users\irwin\documents\cursedv1 (arg version)\nucleo\nucleo.exe
c:\users\irwin\documents\cursedv1 (arg version)\[src]nucleo\debug\nucleo.pdb
c:\users\irwin\documents\cursedv1 (arg version)\[src]nucleo\..\nucleo\nucleo.exe
c:\users\irwin\documents\cursedv1 (arg version)\[src]nucleo\debug\nucleo.tlog\cl.command.1.tlog
c:\users\irwin\documents\cursedv1 (arg version)\[src]nucleo\debug\nucleo.tlog\cl.read.1.tlog
c:\users\irwin\documents\cursedv1 (arg version)\[src]nucleo\debug\nucleo.tlog\cl.write.1.tlog
c:\users\irwin\documents\cursedv1 (arg version)\[src]nucleo\debug\nucleo.tlog\link.command.1.tlog
c:\users\irwin\documents\cursedv1 (arg version)\[src]nucleo\debug\nucleo.tlog\link.read.1.tlog
c:\users\irwin\documents\cursedv1 (arg version)\[src]nucleo\debug\nucleo.tlog\link.write.1.tlog
