08:06:59	PC(GameMaster)	Drop	KlonessWand(MS.30)(1 8269 704 193028366 0)	Whouse(54 42)
08:07:00	PC(GameMaster)	Drop	KlonessWand(MS.30)(1 18269 704 193726884 0)	Whouse(54 42)
08:07:02	PC(GameMaster)	Drop	KlonessWand(MS.30)(1 22565 704 193028366 0)	Whouse(54 41)
08:07:04	PC(GameMaster)	Drop	KlonessWand(MS.10)(1 32021 704 19310343 0)	Whouse(54 41)
08:08:02	PC(GameMaster)	Get	RepPotion(+1000)(1 31701 705 80749944 0)	Whouse(44 44)
08:33:40	PC(GameMaster)	Get	DemonSlayer(1 4920 705 83302706 0)	Whouse(53 42)
09:06:08	PC(GameMaster)	Get	StoneOfMerien(1 18781 705 90220760 0)	2ndmiddle(194 120)
09:06:36	PC(GameMaster)	Get	MagicWand(MS20)(1 6885 705 90506192 10626304)	2ndmiddle(227 118)
09:07:05	PC(GameMaster)	Get	Cape(1 17095 705 90231204 6583040)	2ndmiddle(207 118)
09:17:46	PC(GameMaster)	Drop	Cape(1 17095 705 90231204 6583040)	Whouse(46 44)
09:17:47	PC(GameMaster)	Drop	MagicWand(MS20)(1 6885 705 90506192 10626304)	Whouse(46 44)
09:17:48	PC(GameMaster)	Drop	MagicWand(MS20)(1 18180 705 83318850 10596864)	Whouse(46 44)
09:17:49	PC(GameMaster)	Drop	StoneOfMerien(1 18781 705 90220760 0)	Whouse(46 44)
09:17:52	PC(GameMaster)	Drop	BattleAxe(1 20193 705 83323595 1421824)	Whouse(46 44)
09:30:30	PC(GameMaster)	Drop	DemonSlayer(1 4696 705 83420374 0)	Whouse(49 48)
09:55:12	PC(GameMaster)	Drop	CoinBall(222 0 0 0 0)	Whouse(53 47)
09:55:16	PC(GameMaster)	Drop	CoinBall(222 0 0 0 0)	Whouse(56 47)
09:55:20	PC(GameMaster)	Drop	CoinBall(22 0 0 0 0)	Whouse(56 47)
10:23:09	PC(GameMaster)	Get	ScaleMail(W)(1 21454 705 102305848 12808960)	procella(103 152)
15:26:25	PC(Test)	Get	Gold(1917 7326 705 152624634 0)	EBarracks(82 85)
15:28:42	PC(GameMaster)	Drop	ScaleMail(W)(1 21454 705 102305848 12808960)	gshop_2(55 40)
15:29:22	PC(GameMaster)	Give	PowerBarbarian(1 14259 705 15291621 0)	gshop_2(51 39)	PC(Test)
15:31:15	PC(Test)	Get	Gold(3649 1132 705 153114894 0)	EBarracks(98 88)
15:35:53	PC(Test)	Get	DarkKnightFullHelm(1 8844 417 1 0)	cityhall_2(54 46)
15:35:55	PC(Test)	Get	DarkKnightFullHelm(1 8844 417 1 0)	cityhall_2(54 46)
15:35:56	PC(Test)	Get	DarkKnightPlateMail(1 8844 417 1 0)	cityhall_2(54 46)
15:35:58	PC(Test)	Get	DarkKnightLeggings(1 8844 417 1 0)	cityhall_2(54 46)
15:36:00	PC(Test)	Get	DarkKnightHauberk(1 8844 417 1 0)	cityhall_2(54 46)
15:36:11	PC(Test)	Drop	GiantSword(1 39 705 152754782 0)	cityhall_2(56 49)
15:36:12	PC(Test)	Drop	RecallScroll(1 4530 705 152334590 0)	cityhall_2(56 49)
15:36:13	PC(Test)	Drop	RecallScroll(1 24666 705 152334590 0)	cityhall_2(56 49)
15:36:14	PC(Test)	Drop	RecallScroll(1 5630 705 152334590 0)	cityhall_2(56 49)
15:36:14	PC(Test)	Drop	RecallScroll(1 26294 705 152334590 0)	cityhall_2(56 49)
15:36:15	PC(Test)	Drop	RecallScroll(1 2675 705 152334590 0)	cityhall_2(56 49)
15:36:16	PC(Test)	Drop	RecallScroll(1 30734 705 152334590 0)	cityhall_2(56 49)
15:36:16	PC(Test)	Drop	RecallScroll(1 4087 705 152334590 0)	cityhall_2(56 49)
15:36:26	PC(Test)	Drop	WoodShield(1 0 0 0 0)	cityhall_2(55 48)
15:37:34	PC(Test)	Drop	WhiteMageLeggs(M)(1 0 0 0 0)	cityhall_2(54 49)
15:39:52	PC(Test)	Sell	DarkKnightFullHelm(1 8844 417 1 0)	Whouse(50 39)
15:39:52	PC(Test)	Sell	DarkKnightFullHelm(1 8844 417 1 0)	Whouse(50 39)
15:39:52	PC(Test)	Sell	DarkKnightHauberk(1 8844 417 1 0)	Whouse(50 39)
15:39:52	PC(Test)	Sell	DarkKnightLeggings(1 8844 417 1 0)	Whouse(50 39)
15:39:52	PC(Test)	Sell	DarkKnightPlateMail(1 8844 417 1 0)	Whouse(50 39)
15:40:09	PC(Test)	Drop	CoinBall(5 0 0 0 0)	Whouse(54 45)
16:25:37	PC(GameMaster)	Get	RepPotion(+1000)(1 22394 705 16251420 0)	Whouse(44 48)
16:25:37	PC(GameMaster)	Get	RepPotion(+1000)(1 3205 705 16251420 0)	Whouse(43 48)
16:25:38	PC(GameMaster)	Get	RepPotion(+1000)(1 25475 705 16251420 0)	Whouse(44 49)
16:25:58	PC(GameMaster)	Get	Coins(+20000)(1 27838 705 16251420 0)	Whouse(44 50)
