09:30:42	PC(GameMaster)	Get	WerewolfMeat(1 1704 707 93013131 0)	Extreme(87 76)
11:34:50	PC(GameMaster)	Get	GreenPotion(1 24787 707 113448871 0)	areuni(133 135)
11:35:19	PC(GameMaster)	Get	Hauberk(W)(1 2600 707 113323156 12677888)	areuni(129 154)
11:36:26	PC(GameMaster)	Get	LagiShield(1 26770 707 11323110 12817152)	areuni(121 164)
11:45:25	PC(GameMaster)	Get	Coins(+5000)(1 14195 707 114455991 0)	cityhall_2(54 47)
11:45:26	PC(GameMaster)	Get	Coins(+10000)(1 7388 707 114455992 0)	cityhall_2(54 46)
11:45:26	PC(GameMaster)	Get	Coins(+1000)(1 17815 707 114455992 0)	cityhall_2(54 45)
11:45:27	PC(GameMaster)	Get	Coins(+1000)(1 22171 707 114455991 0)	cityhall_2(55 46)
11:45:28	PC(GameMaster)	Get	Coins(+5000)(1 19798 707 114455991 0)	cityhall_2(56 46)
11:45:28	PC(GameMaster)	Get	Coins(+5000)(1 28322 707 114455991 0)	cityhall_2(55 47)
11:45:29	PC(GameMaster)	Get	Coins(+1000)(1 19185 707 114455991 0)	cityhall_2(56 47)
11:45:30	PC(GameMaster)	Get	Coins(+20000)(1 32204 707 114455992 0)	cityhall_2(57 47)
11:45:31	PC(GameMaster)	Get	ContribBall(+100000)(1 13885 707 114455992 0)	cityhall_2(57 45)
11:45:32	PC(GameMaster)	Get	ContribBall(+100000)(1 8719 707 114455992 0)	cityhall_2(56 45)
11:45:33	PC(GameMaster)	Get	ContribBall(+100000)(1 11615 707 114455992 0)	cityhall_2(55 45)
11:45:34	PC(GameMaster)	Get	KlonessBlade(1 21169 707 114455992 0)	cityhall_2(57 46)
11:45:46	PC(GameMaster)	Deplete	Hauberk(W)(1 2600 707 113323156 12677888)	cityhall_2(57 46)
11:45:57	PC(GameMaster)	Deplete	LagiShield(1 26770 707 11323110 12817152)	cityhall_2(57 46)
11:46:00	PC(GameMaster)	Drop	DemonSlayer(1 4696 705 83420374 0)	cityhall_2(57 46)
11:46:02	PC(GameMaster)	Drop	DemonSlayer(1 7342 705 83419468 0)	cityhall_2(58 47)
11:46:07	PC(GameMaster)	Drop	DemonSlayer(1 4696 705 83420374 0)	cityhall_2(58 47)
11:46:09	PC(GameMaster)	Drop	DemonSlayer(1 4920 705 83302706 0)	cityhall_2(55 48)
12:01:50	PC(GameMaster)	Get	WerewolfMeat(1 8397 707 120131682 0)	Whouse(52 49)
12:08:24	PC(GameMaster)	Get	Coins(+20000)(1 6488 707 120812897 0)	Whouse(44 54)
12:11:16	PC(GameMaster)	Get	Coins(+20000)(1 6282 707 120918268 0)	middleland(430 206)
12:12:34	PC(GameMaster)	Get	RedPotion(1 23165 707 121146931 0)	Extreme(66 78)
12:15:16	PC(GameMaster)	Drop	DemonSlayer(1 3495 707 121511451 0)	Extreme(67 72)
