15:04:06	PC(GameMaster)	Get	GreenPotion(1 18860 704 150359447 0)	default(118 69)
15:04:51	PC(GameMaster)	Get	CoinBall(7 9202 704 150451230 0)	default(120 75)
15:05:14	PC(GameMaster)	Get	CoinBall(6 15338 704 150459734 0)	default(119 69)
16:23:08	PC(GameMaster)	Drop	BarrackSword(1 0 0 0 0)	Whouse(49 49)
16:23:20	PC(GameMaster)	Drop	ZemstoneofSacrifice(1 0 0 0 0)	Whouse(49 51)
16:23:25	PC(GameMaster)	Drop	RecallScroll(1 0 0 0 0)	Whouse(51 51)
16:42:22	PC(GameMaster)	Drop	RingofArcmage(1 0 0 0 0)	cityhall_2(58 51)
16:42:24	PC(GameMaster)	Drop	RingofArcmage(1 0 0 0 0)	cityhall_2(58 51)
16:42:28	PC(GameMaster)	Drop	RingofArcmage(1 0 0 0 0)	cityhall_2(58 51)
16:42:29	PC(GameMaster)	Drop	RingofArcmage(1 0 0 0 0)	cityhall_2(58 51)
16:42:30	PC(GameMaster)	Drop	RingofArcmage(1 0 0 0 0)	cityhall_2(58 51)
16:42:31	PC(GameMaster)	Drop	RingofArcmage(1 0 0 0 0)	cityhall_2(58 51)
16:42:32	PC(GameMaster)	Drop	RingofArcmage(1 0 0 0 0)	cityhall_2(58 51)
16:42:33	PC(GameMaster)	Drop	RingofArcmage(1 0 0 0 0)	cityhall_2(58 51)
16:42:33	PC(GameMaster)	Drop	RingofArcmage(1 0 0 0 0)	cityhall_2(58 51)
16:49:31	PC(GameMaster)	Drop	DemonSlayer(1 4154 704 164929871 0)	Whouse(46 48)
16:53:42	PC(GameMaster)	Drop	PowerAresHeroCape+1(1 3670 704 165334601 0)	Whouse(43 50)
18:15:11	PC(GameMaster)	Drop	RingofArcmage(1 0 0 0 0)	Whouse(50 47)
18:47:47	PC(GameMaster)	Drop	BlackZWand(MS.32)(1 765 704 181952549 0)	Whouse(50 52)
18:51:24	PC(GameMaster)	Get	GreenPotion(1 16139 704 18505050 0)	Whouse(45 44)
19:03:16	PC(GameMaster)	Get	KlonessWand(MS.30)(1 8136 704 19024727 0)	Whouse(44 47)
19:03:17	PC(GameMaster)	Get	TintaMagica(1 8050 704 190047222 0)	Whouse(46 45)
19:03:18	PC(GameMaster)	Get	KlonessAxe(1 29541 704 19024727 0)	Whouse(46 46)
19:03:20	PC(GameMaster)	Drop	KlonessAxe(1 29541 704 19024727 0)	Whouse(46 48)
19:03:22	PC(GameMaster)	Drop	KlonessWand(MS.30)(1 8136 704 19024727 0)	Whouse(46 48)
19:03:28	PC(GameMaster)	Drop	TintaMagica(1 8050 704 190047222 0)	Whouse(45 50)
19:24:19	PC(GameMaster)	Get	TintaMagicaRoja(1 20700 704 192402789 0)	Whouse(46 48)
19:27:42	PC(GameMaster)	Get	PowerGreenPotion(1 18069 704 192724407 0)	Whouse(47 42)
19:30:32	PC(GameMaster)	Get	Coins(+1000)(1 17857 704 193028749 0)	Whouse(58 43)
19:30:32	PC(GameMaster)	Get	Coins(+10000)(1 27352 704 193028749 0)	Whouse(57 43)
19:30:33	PC(GameMaster)	Get	TintaMagica(1 15813 704 193028749 0)	Whouse(58 42)
19:30:34	PC(GameMaster)	Get	TintaMagica(1 16068 704 193028749 0)	Whouse(57 42)
19:30:34	PC(GameMaster)	Get	Coins(+1000)(1 25548 704 193028366 0)	Whouse(57 43)
19:30:35	PC(GameMaster)	Get	TintaMagica(1 9200 704 193028366 0)	Whouse(58 43)
19:30:37	PC(GameMaster)	Get	Coins(+10000)(1 18132 704 193028366 0)	Whouse(54 47)
19:33:44	PC(GameMaster)	Get	Meat(1 31456 704 193343568 0)	Whouse(60 47)
19:33:46	PC(GameMaster)	Get	KlonessWand(MS.10)(1 2898 704 193028749 0)	Whouse(60 47)
19:33:47	PC(GameMaster)	Get	KlonessBlade(1 2137 704 193028749 0)	Whouse(63 45)
19:33:49	PC(GameMaster)	Get	KlonessEsterk(1 19993 704 193028366 0)	Whouse(63 45)
19:33:50	PC(GameMaster)	Get	ContribBall(+100000)(1 7936 704 193028749 0)	Whouse(59 42)
19:33:51	PC(GameMaster)	Get	KlonessWand(MS.10)(1 26252 704 193028749 0)	Whouse(59 43)
19:33:53	PC(GameMaster)	Get	KlonessAxe(1 23014 704 193028366 0)	Whouse(58 42)
19:33:54	PC(GameMaster)	Get	TintaMagicaRoja(1 16814 704 193028749 0)	Whouse(56 44)
19:33:54	PC(GameMaster)	Get	KlonessWand(MS.30)(1 9428 704 193028749 0)	Whouse(56 43)
19:33:55	PC(GameMaster)	Get	StormBringer(1 31832 704 193028749 0)	Whouse(53 43)
19:33:57	PC(GameMaster)	Get	KlonessAxe(1 5891 704 19310343 0)	Whouse(52 47)
19:34:12	PC(GameMaster)	Sell	KlonessAxe(1 5891 704 19310343 0)	Whouse(47 36)
19:34:12	PC(GameMaster)	Sell	KlonessAxe(1 23014 704 193028366 0)	Whouse(47 36)
19:34:12	PC(GameMaster)	Sell	StormBringer(1 31832 704 193028749 0)	Whouse(47 36)
19:34:12	PC(GameMaster)	Sell	KlonessWand(MS.30)(1 9428 704 193028749 0)	Whouse(47 36)
19:34:12	PC(GameMaster)	Sell	KlonessWand(MS.10)(1 26252 704 193028749 0)	Whouse(47 36)
19:34:12	PC(GameMaster)	Sell	KlonessEsterk(1 19993 704 193028366 0)	Whouse(47 36)
19:34:12	PC(GameMaster)	Sell	KlonessBlade(1 2137 704 193028749 0)	Whouse(47 36)
19:34:12	PC(GameMaster)	Sell	KlonessWand(MS.10)(1 2898 704 193028749 0)	Whouse(47 36)
19:34:23	PC(GameMaster)	Sell	TintaMagica(1 9200 704 193028366 0)	Whouse(47 40)
19:34:23	PC(GameMaster)	Sell	TintaMagica(1 15813 704 193028749 0)	Whouse(47 40)
19:34:23	PC(GameMaster)	Sell	TintaMagicaRoja(1 16814 704 193028749 0)	Whouse(47 40)
19:34:23	PC(GameMaster)	Sell	TintaMagicaRoja(1 4761 704 192402788 0)	Whouse(47 40)
19:34:23	PC(GameMaster)	Sell	TintaMagicaRoja(1 20700 704 192402789 0)	Whouse(47 40)
19:34:28	PC(GameMaster)	Get	KlonessWand(MS.10)(1 32021 704 19310343 0)	Whouse(50 45)
19:34:30	PC(GameMaster)	Get	KlonessWand(MS.30)(1 22565 704 193028366 0)	Whouse(55 46)
19:34:31	PC(GameMaster)	Get	KlonessWand(MS.30)(1 8269 704 193028366 0)	Whouse(56 43)
19:34:32	PC(GameMaster)	Get	Coins(+1000)(1 9710 704 193028749 0)	Whouse(56 42)
19:34:33	PC(GameMaster)	Get	Coins(+1000)(1 10073 704 193028366 0)	Whouse(56 41)
19:34:34	PC(GameMaster)	Get	Coins(+1000)(1 22444 704 193028749 0)	Whouse(57 41)
19:34:34	PC(GameMaster)	Get	Coins(+5000)(1 9080 704 193028366 0)	Whouse(57 42)
19:34:42	PC(GameMaster)	Sell	Coins(+5000)(1 9080 704 193028366 0)	Whouse(55 43)
19:34:42	PC(GameMaster)	Sell	Coins(+1000)(1 22444 704 193028749 0)	Whouse(55 43)
19:34:42	PC(GameMaster)	Sell	Coins(+1000)(1 10073 704 193028366 0)	Whouse(55 43)
19:34:42	PC(GameMaster)	Sell	Coins(+1000)(1 9710 704 193028749 0)	Whouse(55 43)
19:37:31	PC(GameMaster)	Get	KlonessWand(MS.30)(1 18269 704 193726884 0)	middleland(397 265)
