09:27:34	Reading configuration file...
09:27:40	SEB-Game Server(TRENDMODE) Total Maps: 70
09:27:40	IP: 192.168.8.5 - registration success
09:27:49	Login Enabled
09:32:41	Reading configuration file...
09:32:48	SEB-Game Server(TRENDMODE) Total Maps: 70
09:32:48	IP: 192.168.8.5 - registration success
09:32:56	Login Enabled
09:34:33	Reading configuration file...
09:34:40	SEB-Game Server(TRENDMODE) Total Maps: 70
09:34:40	IP: 192.168.8.5 - registration success
09:34:48	Login Enabled
09:36:25	Reading configuration file...
09:36:31	SEB-Game Server(TRENDMODE) Total Maps: 70
09:36:31	IP: 192.168.8.5 - registration success
09:36:40	Login Enabled
09:43:10	Reading configuration file...
09:43:16	SEB-Game Server(TRENDMODE) Total Maps: 70
09:43:16	IP: 192.168.8.5 - registration success
09:43:25	Login Enabled
09:45:00	Reading configuration file...
09:45:06	SEB-Game Server(TRENDMODE) Total Maps: 70
09:45:06	IP: 192.168.8.5 - registration success
09:45:15	Login Enabled
09:46:44	Reading configuration file...
09:46:51	SEB-Game Server(TRENDMODE) Total Maps: 70
09:46:51	IP: 192.168.8.5 - registration success
09:46:59	Login Enabled
09:48:41	Reading configuration file...
09:48:47	SEB-Game Server(TRENDMODE) Total Maps: 70
09:48:47	IP: 192.168.8.5 - registration success
09:48:56	Login Enabled
09:52:03	Reading configuration file...
09:52:09	SEB-Game Server(TRENDMODE) Total Maps: 70
09:52:09	IP: 192.168.8.5 - registration success
09:52:18	Login Enabled
09:53:09	Reading configuration file...
09:53:15	SEB-Game Server(TRENDMODE) Total Maps: 70
09:53:15	IP: 192.168.8.5 - registration success
09:53:24	Login Enabled
09:55:43	Reading configuration file...
09:55:50	SEB-Game Server(TRENDMODE) Total Maps: 70
09:55:50	IP: 192.168.8.5 - registration success
09:55:58	Login Enabled
09:59:47	Reading configuration file...
09:59:54	SEB-Game Server(TRENDMODE) Total Maps: 70
09:59:54	IP: 192.168.8.5 - registration success
10:00:02	Login Enabled
10:01:35	Reading configuration file...
10:01:42	SEB-Game Server(TRENDMODE) Total Maps: 70
10:01:42	IP: 192.168.8.5 - registration success
10:01:50	Login Enabled
10:02:40	Reading configuration file...
10:02:47	SEB-Game Server(TRENDMODE) Total Maps: 70
10:02:47	IP: 192.168.8.5 - registration success
10:02:55	Login Enabled
10:04:38	Reading configuration file...
10:04:45	SEB-Game Server(TRENDMODE) Total Maps: 70
10:04:45	IP: 192.168.8.5 - registration success
10:04:53	Login Enabled
10:38:04	Reading configuration file...
10:38:10	SEB-Game Server(TRENDMODE) Total Maps: 70
10:38:10	IP: 192.168.8.5 - registration success
10:38:19	Login Enabled
10:46:47	Reading configuration file...
10:46:54	SEB-Game Server(TRENDMODE) Total Maps: 70
10:46:54	IP: 192.168.8.5 - registration success
10:47:02	Login Enabled
10:48:29	Reading configuration file...
10:48:35	SEB-Game Server(TRENDMODE) Total Maps: 70
10:48:35	IP: 192.168.8.5 - registration success
10:48:44	Login Enabled
10:51:03	Reading configuration file...
10:51:10	SEB-Game Server(TRENDMODE) Total Maps: 70
10:51:10	IP: 192.168.8.5 - registration success
10:51:18	Login Enabled
10:52:52	Reading configuration file...
10:52:58	SEB-Game Server(TRENDMODE) Total Maps: 70
10:52:58	IP: 192.168.8.5 - registration success
10:53:07	Login Enabled
10:54:35	Reading configuration file...
10:54:42	SEB-Game Server(TRENDMODE) Total Maps: 70
10:54:42	IP: 192.168.8.5 - registration success
10:54:50	Login Enabled
10:57:07	Reading configuration file...
10:57:14	SEB-Game Server(TRENDMODE) Total Maps: 70
10:57:14	IP: 192.168.8.5 - registration success
10:57:22	Login Enabled
10:59:54	Reading configuration file...
11:00:01	SEB-Game Server(TRENDMODE) Total Maps: 70
11:00:01	IP: 192.168.8.5 - registration success
11:00:09	Login Enabled
11:01:32	<1> Connection Lost! Delete Client.
11:01:32	<2> Connection Lost! Delete Client.
11:01:32	<3> Connection Lost! Delete Client.
11:01:32	<4> Connection Lost! Delete Client.
11:01:32	<5> Connection Lost! Delete Client.
11:01:32	<6> Connection Lost! Delete Client.
11:01:32	<7> Connection Lost! Delete Client.
11:01:32	<8> Connection Lost! Delete Client.
11:01:32	<9> Connection Lost! Delete Client.
11:02:04	SEB-Game Server(TRENDMODE) Total Maps: 70
11:02:04	IP: 192.168.8.5 - registration success
11:02:41	<1> Connection Lost! Delete Client.
11:02:41	<2> Connection Lost! Delete Client.
11:02:41	<3> Connection Lost! Delete Client.
11:02:41	<4> Connection Lost! Delete Client.
11:02:41	<5> Connection Lost! Delete Client.
11:02:41	<6> Connection Lost! Delete Client.
11:02:41	<7> Connection Lost! Delete Client.
11:02:41	<8> Connection Lost! Delete Client.
11:02:41	<9> Connection Lost! Delete Client.
11:03:26	SEB-Game Server(TRENDMODE) Total Maps: 70
11:03:26	IP: 192.168.8.5 - registration success
11:04:20	<2> Connection Lost! Delete Client.
11:04:20	<1> Connection Lost! Delete Client.
11:04:20	<3> Connection Lost! Delete Client.
11:04:20	<4> Connection Lost! Delete Client.
11:04:20	<5> Connection Lost! Delete Client.
11:04:20	<6> Connection Lost! Delete Client.
11:04:20	<7> Connection Lost! Delete Client.
11:04:20	<8> Connection Lost! Delete Client.
11:04:20	<9> Connection Lost! Delete Client.
11:04:35	SEB-Game Server(TRENDMODE) Total Maps: 70
11:04:35	IP: 192.168.8.5 - registration success
11:06:03	<1> Connection Lost! Delete Client.
11:06:03	<2> Connection Lost! Delete Client.
11:06:03	<3> Connection Lost! Delete Client.
11:06:03	<4> Connection Lost! Delete Client.
11:06:03	<5> Connection Lost! Delete Client.
11:06:03	<6> Connection Lost! Delete Client.
11:06:03	<7> Connection Lost! Delete Client.
11:06:03	<8> Connection Lost! Delete Client.
11:06:03	<9> Connection Lost! Delete Client.
11:06:18	SEB-Game Server(TRENDMODE) Total Maps: 70
11:06:18	IP: 192.168.8.5 - registration success
11:09:44	<3> Connection Lost! Delete Client.
11:09:44	<1> Connection Lost! Delete Client.
11:09:44	<2> Connection Lost! Delete Client.
11:09:44	<4> Connection Lost! Delete Client.
11:09:44	<5> Connection Lost! Delete Client.
11:09:44	<6> Connection Lost! Delete Client.
11:09:44	<7> Connection Lost! Delete Client.
11:09:44	<8> Connection Lost! Delete Client.
11:09:44	<9> Connection Lost! Delete Client.
11:09:56	SEB-Game Server(TRENDMODE) Total Maps: 70
11:09:56	IP: 192.168.8.5 - registration success
11:15:21	<7> Connection Lost! Delete Client.
11:15:21	<1> Connection Lost! Delete Client.
11:15:21	<2> Connection Lost! Delete Client.
11:15:21	<3> Connection Lost! Delete Client.
11:15:21	<4> Connection Lost! Delete Client.
11:15:21	<5> Connection Lost! Delete Client.
11:15:21	<6> Connection Lost! Delete Client.
11:15:21	<8> Connection Lost! Delete Client.
11:15:21	<9> Connection Lost! Delete Client.
11:15:37	SEB-Game Server(TRENDMODE) Total Maps: 70
11:15:37	IP: 192.168.8.5 - registration success
11:16:58	<6> Connection Lost! Delete Client.
11:16:58	<1> Connection Lost! Delete Client.
11:16:58	<2> Connection Lost! Delete Client.
11:16:58	<3> Connection Lost! Delete Client.
11:16:58	<4> Connection Lost! Delete Client.
11:16:58	<5> Connection Lost! Delete Client.
11:16:58	<7> Connection Lost! Delete Client.
11:16:58	<8> Connection Lost! Delete Client.
11:16:58	<9> Connection Lost! Delete Client.
11:17:10	SEB-Game Server(TRENDMODE) Total Maps: 70
11:17:10	IP: 192.168.8.5 - registration success
11:22:29	<3> Connection Lost! Delete Client.
11:22:29	<1> Connection Lost! Delete Client.
11:22:29	<2> Connection Lost! Delete Client.
11:22:29	<4> Connection Lost! Delete Client.
11:22:29	<5> Connection Lost! Delete Client.
11:22:29	<6> Connection Lost! Delete Client.
11:22:29	<7> Connection Lost! Delete Client.
11:22:29	<8> Connection Lost! Delete Client.
11:22:29	<9> Connection Lost! Delete Client.
11:22:55	SEB-Game Server(TRENDMODE) Total Maps: 70
11:22:55	IP: 192.168.8.5 - registration success
11:25:40	<1> Connection Lost! Delete Client.
11:25:40	<2> Connection Lost! Delete Client.
11:25:40	<3> Connection Lost! Delete Client.
11:25:40	<4> Connection Lost! Delete Client.
11:25:40	<5> Connection Lost! Delete Client.
11:25:40	<6> Connection Lost! Delete Client.
11:25:40	<7> Connection Lost! Delete Client.
11:25:40	<8> Connection Lost! Delete Client.
11:25:40	<9> Connection Lost! Delete Client.
11:31:22	SEB-Game Server(TRENDMODE) Total Maps: 70
11:31:22	IP: 192.168.8.5 - registration success
11:32:02	<1> Connection Lost! Delete Client.
11:32:02	<2> Connection Lost! Delete Client.
11:32:02	<3> Connection Lost! Delete Client.
11:32:02	<4> Connection Lost! Delete Client.
11:32:02	<5> Connection Lost! Delete Client.
11:32:02	<6> Connection Lost! Delete Client.
11:32:02	<7> Connection Lost! Delete Client.
11:32:02	<8> Connection Lost! Delete Client.
11:32:02	<9> Connection Lost! Delete Client.
11:32:14	SEB-Game Server(TRENDMODE) Total Maps: 70
