  BuildItem.cpp
  CharInfo.cpp
  Curse.cpp
  Effect.cpp
  Event.cpp
  Game.cpp
  GameMonitor.cpp
  Helbreath.cpp
  Item.cpp
  ItemName.cpp
  Magic.cpp
  MapData.cpp
  Misc.cpp
  MouseInterface.cpp
  Msg.cpp
  Mydib.cpp
  Skill.cpp
  SoundBuffer.cpp
  Sprite.cpp
  StrTok.cpp
  Compiling...
  Tile.cpp
  TileSpr.cpp
  Wmain.cpp
  XSocket.cpp
  XSocketUDP.cpp
  ClientUDP.cpp
  YWSound.cpp
  DXC_ddraw.cpp
  DXC_dinput.cpp
  DXC_dsound.cpp
  Resolution.cpp
Jpeg.lib(Jdapimin.obj) : warning LNK4075: ignoring '/EDITANDCONTINUE' due to '/OPT:ICF' specification
     Creating library .\Archive\Helbreath Cursed.lib and object .\Archive\Helbreath Cursed.exp
  Generating code
  Finished generating code
  Client.vcxproj -> C:\Users\irwin\Documents\CursedV1 (Arg Version)\[SRC]Client Version 13\.\Archive\Helbreath Cursed.exe
